{"/home/hudson/blockchain-projects/aura/sdk/javascript/src/client.ts": {"path":"/home/hudson/blockchain-projects/aura/sdk/javascript/src/client.ts","statementMap":{"0":{"start":{"line":1,"column":0},"end":{"line":1,"column":83}},"1":{"start":{"line":2,"column":0},"end":{"line":2,"column":60}},"2":{"start":{"line":5,"column":0},"end":{"line":5,"column":33}},"3":{"start":{"line":6,"column":0},"end":{"line":6,"column":44}},"4":{"start":{"line":7,"column":0},"end":{"line":7,"column":42}},"5":{"start":{"line":8,"column":0},"end":{"line":8,"column":50}},"6":{"start":{"line":9,"column":0},"end":{"line":9,"column":56}},"7":{"start":{"line":13,"column":10},"end":{"line":13,"column":47}},"8":{"start":{"line":14,"column":10},"end":{"line":14,"column":61}},"9":{"start":{"line":15,"column":10},"end":{"line":15,"column":45}},"10":{"start":{"line":23,"column":4},"end":{"line":28,"column":6}},"11":{"start":{"line":30,"column":4},"end":{"line":30,"column":37}},"12":{"start":{"line":31,"column":4},"end":{"line":31,"column":35}},"13":{"start":{"line":32,"column":4},"end":{"line":32,"column":43}},"14":{"start":{"line":33,"column":4},"end":{"line":33,"column":49}},"15":{"start":{"line":40,"column":21},"end":{"line":40,"column":78}},"16":{"start":{"line":41,"column":4},"end":{"line":41,"column":56}},"17":{"start":{"line":48,"column":19},"end":{"line":48,"column":37}},"18":{"start":{"line":49,"column":4},"end":{"line":55,"column":6}},"19":{"start":{"line":57,"column":4},"end":{"line":61,"column":6}},"20":{"start":{"line":68,"column":4},"end":{"line":70,"column":5}},"21":{"start":{"line":69,"column":6},"end":{"line":69,"column":68}},"22":{"start":{"line":71,"column":4},"end":{"line":71,"column":23}},"23":{"start":{"line":78,"column":4},"end":{"line":80,"column":5}},"24":{"start":{"line":79,"column":6},"end":{"line":79,"column":86}},"25":{"start":{"line":81,"column":4},"end":{"line":81,"column":30}},"26":{"start":{"line":88,"column":4},"end":{"line":90,"column":5}},"27":{"start":{"line":89,"column":6},"end":{"line":89,"column":91}},"28":{"start":{"line":91,"column":4},"end":{"line":91,"column":26}},"29":{"start":{"line":98,"column":4},"end":{"line":98,"column":23}},"30":{"start":{"line":105,"column":4},"end":{"line":105,"column":46}},"31":{"start":{"line":112,"column":4},"end":{"line":112,"column":47}},"32":{"start":{"line":119,"column":4},"end":{"line":122,"column":5}},"33":{"start":{"line":120,"column":6},"end":{"line":120,"column":31}},"34":{"start":{"line":121,"column":6},"end":{"line":121,"column":25}},"35":{"start":{"line":123,"column":4},"end":{"line":126,"column":5}},"36":{"start":{"line":124,"column":6},"end":{"line":124,"column":38}},"37":{"start":{"line":125,"column":6},"end":{"line":125,"column":32}},"38":{"start":{"line":127,"column":4},"end":{"line":127,"column":26}},"39":{"start":{"line":134,"column":4},"end":{"line":134,"column":63}},"40":{"start":{"line":141,"column":4},"end":{"line":141,"column":39}},"41":{"start":{"line":11,"column":0},"end":{"line":11,"column":13}}},"fnMap":{"0":{"name":"(anonymous_0)","decl":{"start":{"line":22,"column":2},"end":{"line":22,"column":14}},"loc":{"start":{"line":22,"column":37},"end":{"line":34,"column":3}}},"1":{"name":"(anonymous_1)","decl":{"start":{"line":39,"column":2},"end":{"line":39,"column":7}},"loc":{"start":{"line":39,"column":15},"end":{"line":42,"column":3}}},"2":{"name":"(anonymous_2)","decl":{"start":{"line":47,"column":2},"end":{"line":47,"column":7}},"loc":{"start":{"line":47,"column":44},"end":{"line":62,"column":3}}},"3":{"name":"(anonymous_3)","decl":{"start":{"line":67,"column":2},"end":{"line":67,"column":11}},"loc":{"start":{"line":67,"column":11},"end":{"line":72,"column":3}}},"4":{"name":"(anonymous_4)","decl":{"start":{"line":77,"column":2},"end":{"line":77,"column":18}},"loc":{"start":{"line":77,"column":18},"end":{"line":82,"column":3}}},"5":{"name":"(anonymous_5)","decl":{"start":{"line":87,"column":2},"end":{"line":87,"column":14}},"loc":{"start":{"line":87,"column":14},"end":{"line":92,"column":3}}},"6":{"name":"(anonymous_6)","decl":{"start":{"line":97,"column":2},"end":{"line":97,"column":11}},"loc":{"start":{"line":97,"column":11},"end":{"line":99,"column":3}}},"7":{"name":"(anonymous_7)","decl":{"start":{"line":104,"column":2},"end":{"line":104,"column":7}},"loc":{"start":{"line":104,"column":17},"end":{"line":106,"column":3}}},"8":{"name":"(anonymous_8)","decl":{"start":{"line":111,"column":2},"end":{"line":111,"column":7}},"loc":{"start":{"line":111,"column":18},"end":{"line":113,"column":3}}},"9":{"name":"(anonymous_9)","decl":{"start":{"line":118,"column":2},"end":{"line":118,"column":7}},"loc":{"start":{"line":118,"column":18},"end":{"line":128,"column":3}}},"10":{"name":"(anonymous_10)","decl":{"start":{"line":133,"column":2},"end":{"line":133,"column":13}},"loc":{"start":{"line":133,"column":13},"end":{"line":135,"column":3}}},"11":{"name":"(anonymous_11)","decl":{"start":{"line":140,"column":2},"end":{"line":140,"column":9}},"loc":{"start":{"line":140,"column":9},"end":{"line":142,"column":3}}}},"branchMap":{"0":{"loc":{"start":{"line":53,"column":18},"end":{"line":53,"column":94}},"type":"cond-expr","locations":[{"start":{"line":53,"column":41},"end":{"line":53,"column":82}},{"start":{"line":53,"column":85},"end":{"line":53,"column":94}}]},"1":{"loc":{"start":{"line":68,"column":4},"end":{"line":70,"column":5}},"type":"if","locations":[{"start":{"line":68,"column":4},"end":{"line":70,"column":5}}]},"2":{"loc":{"start":{"line":78,"column":4},"end":{"line":80,"column":5}},"type":"if","locations":[{"start":{"line":78,"column":4},"end":{"line":80,"column":5}}]},"3":{"loc":{"start":{"line":88,"column":4},"end":{"line":90,"column":5}},"type":"if","locations":[{"start":{"line":88,"column":4},"end":{"line":90,"column":5}}]},"4":{"loc":{"start":{"line":119,"column":4},"end":{"line":122,"column":5}},"type":"if","locations":[{"start":{"line":119,"column":4},"end":{"line":122,"column":5}}]},"5":{"loc":{"start":{"line":123,"column":4},"end":{"line":126,"column":5}},"type":"if","locations":[{"start":{"line":123,"column":4},"end":{"line":126,"column":5}}]},"6":{"loc":{"start":{"line":134,"column":11},"end":{"line":134,"column":62}},"type":"binary-expr","locations":[{"start":{"line":134,"column":11},"end":{"line":134,"column":31}},{"start":{"line":134,"column":35},"end":{"line":134,"column":62}}]}},"s":{"0":1,"1":1,"2":1,"3":1,"4":1,"5":1,"6":1,"7":9,"8":9,"9":9,"10":9,"11":9,"12":9,"13":9,"14":9,"15":0,"16":0,"17":0,"18":0,"19":0,"20":1,"21":1,"22":0,"23":1,"24":1,"25":0,"26":1,"27":1,"28":0,"29":3,"30":0,"31":0,"32":0,"33":0,"34":0,"35":0,"36":0,"37":0,"38":0,"39":1,"40":1,"41":1},"f":{"0":9,"1":0,"2":0,"3":1,"4":1,"5":1,"6":3,"7":0,"8":0,"9":0,"10":1,"11":1},"b":{"0":[0,0],"1":[1],"2":[1],"3":[1],"4":[0],"5":[0],"6":[1,1]}}
,"/home/hudson/blockchain-projects/aura/sdk/javascript/src/tx.ts": {"path":"/home/hudson/blockchain-projects/aura/sdk/javascript/src/tx.ts","statementMap":{"0":{"start":{"line":15,"column":4},"end":{"line":15,"column":25}},"1":{"start":{"line":16,"column":4},"end":{"line":16,"column":36}},"2":{"start":{"line":17,"column":4},"end":{"line":17,"column":46}},"3":{"start":{"line":28,"column":16},"end":{"line":28,"column":73}},"4":{"start":{"line":29,"column":17},"end":{"line":29,"column":36}},"5":{"start":{"line":31,"column":19},"end":{"line":35,"column":null}},"6":{"start":{"line":38,"column":4},"end":{"line":38,"column":37}},"7":{"start":{"line":49,"column":21},"end":{"line":49,"column":62}},"8":{"start":{"line":51,"column":4},"end":{"line":56,"column":5}},"9":{"start":{"line":52,"column":6},"end":{"line":55,"column":8}},"10":{"start":{"line":59,"column":24},"end":{"line":59,"column":79}},"11":{"start":{"line":60,"column":21},"end":{"line":60,"column":72}},"12":{"start":{"line":62,"column":4},"end":{"line":65,"column":6}},"13":{"start":{"line":75,"column":4},"end":{"line":75,"column":67}},"14":{"start":{"line":82,"column":18},"end":{"line":82,"column":43}},"15":{"start":{"line":83,"column":4},"end":{"line":83,"column":38}},"16":{"start":{"line":90,"column":23},"end":{"line":90,"column":66}},"17":{"start":{"line":91,"column":4},"end":{"line":91,"column":55}},"18":{"start":{"line":98,"column":4},"end":{"line":105,"column":6}},"19":{"start":{"line":5,"column":0},"end":{"line":5,"column":13}}},"fnMap":{"0":{"name":"(anonymous_0)","decl":{"start":{"line":10,"column":2},"end":{"line":10,"column":null}},"loc":{"start":{"line":13,"column":31},"end":{"line":18,"column":3}}},"1":{"name":"(anonymous_1)","decl":{"start":{"line":23,"column":2},"end":{"line":23,"column":7}},"loc":{"start":{"line":26,"column":24},"end":{"line":39,"column":3}}},"2":{"name":"(anonymous_2)","decl":{"start":{"line":44,"column":2},"end":{"line":44,"column":7}},"loc":{"start":{"line":47,"column":24},"end":{"line":66,"column":3}}},"3":{"name":"(anonymous_3)","decl":{"start":{"line":71,"column":2},"end":{"line":71,"column":7}},"loc":{"start":{"line":73,"column":37},"end":{"line":76,"column":3}}},"4":{"name":"(anonymous_4)","decl":{"start":{"line":81,"column":10},"end":{"line":81,"column":22}},"loc":{"start":{"line":81,"column":39},"end":{"line":84,"column":3}}},"5":{"name":"(anonymous_5)","decl":{"start":{"line":89,"column":10},"end":{"line":89,"column":25}},"loc":{"start":{"line":89,"column":60},"end":{"line":92,"column":3}}},"6":{"name":"(anonymous_6)","decl":{"start":{"line":97,"column":10},"end":{"line":97,"column":22}},"loc":{"start":{"line":97,"column":48},"end":{"line":106,"column":3}}}},"branchMap":{"0":{"loc":{"start":{"line":12,"column":4},"end":{"line":12,"column":35}},"type":"default-arg","locations":[{"start":{"line":12,"column":23},"end":{"line":12,"column":35}}]},"1":{"loc":{"start":{"line":13,"column":4},"end":{"line":13,"column":31}},"type":"default-arg","locations":[{"start":{"line":13,"column":28},"end":{"line":13,"column":31}}]},"2":{"loc":{"start":{"line":29,"column":17},"end":{"line":29,"column":36}},"type":"binary-expr","locations":[{"start":{"line":29,"column":17},"end":{"line":29,"column":30}},{"start":{"line":29,"column":34},"end":{"line":29,"column":36}}]},"3":{"loc":{"start":{"line":49,"column":21},"end":{"line":49,"column":62}},"type":"binary-expr","locations":[{"start":{"line":49,"column":21},"end":{"line":49,"column":38}},{"start":{"line":49,"column":42},"end":{"line":49,"column":62}}]},"4":{"loc":{"start":{"line":51,"column":4},"end":{"line":56,"column":5}},"type":"if","locations":[{"start":{"line":51,"column":4},"end":{"line":56,"column":5}}]},"5":{"loc":{"start":{"line":83,"column":11},"end":{"line":83,"column":37}},"type":"cond-expr","locations":[{"start":{"line":83,"column":19},"end":{"line":83,"column":27}},{"start":{"line":83,"column":30},"end":{"line":83,"column":37}}]}},"s":{"0":0,"1":0,"2":0,"3":0,"4":0,"5":0,"6":0,"7":0,"8":0,"9":0,"10":0,"11":0,"12":0,"13":0,"14":0,"15":0,"16":0,"17":0,"18":0,"19":1},"f":{"0":0,"1":0,"2":0,"3":0,"4":0,"5":0,"6":0},"b":{"0":[0],"1":[0],"2":[0,0],"3":[0,0],"4":[0],"5":[0,0]}}
,"/home/hudson/blockchain-projects/aura/sdk/javascript/src/wallet.ts": {"path":"/home/hudson/blockchain-projects/aura/sdk/javascript/src/wallet.ts","statementMap":{"0":{"start":{"line":1,"column":0},"end":{"line":1,"column":85}},"1":{"start":{"line":2,"column":0},"end":{"line":2,"column":46}},"2":{"start":{"line":3,"column":0},"end":{"line":3,"column":31}},"3":{"start":{"line":7,"column":10},"end":{"line":7,"column":56}},"4":{"start":{"line":11,"column":4},"end":{"line":11,"column":25}},"5":{"start":{"line":18,"column":4},"end":{"line":18,"column":39}},"6":{"start":{"line":25,"column":4},"end":{"line":25,"column":44}},"7":{"start":{"line":32,"column":4},"end":{"line":34,"column":5}},"8":{"start":{"line":33,"column":6},"end":{"line":33,"column":49}},"9":{"start":{"line":36,"column":20},"end":{"line":38,"column":31}},"10":{"start":{"line":40,"column":4},"end":{"line":40,"column":80}},"11":{"start":{"line":47,"column":4},"end":{"line":49,"column":5}},"12":{"start":{"line":48,"column":6},"end":{"line":48,"column":48}},"13":{"start":{"line":51,"column":21},"end":{"line":51,"column":52}},"14":{"start":{"line":52,"column":4},"end":{"line":56,"column":8}},"15":{"start":{"line":52,"column":36},"end":{"line":56,"column":6}},"16":{"start":{"line":63,"column":21},"end":{"line":63,"column":45}},"17":{"start":{"line":64,"column":4},"end":{"line":66,"column":5}},"18":{"start":{"line":65,"column":6},"end":{"line":65,"column":47}},"19":{"start":{"line":67,"column":4},"end":{"line":67,"column":31}},"20":{"start":{"line":74,"column":4},"end":{"line":76,"column":5}},"21":{"start":{"line":75,"column":6},"end":{"line":75,"column":48}},"22":{"start":{"line":77,"column":4},"end":{"line":77,"column":23}},"23":{"start":{"line":84,"column":4},"end":{"line":86,"column":5}},"24":{"start":{"line":85,"column":6},"end":{"line":85,"column":48}},"25":{"start":{"line":87,"column":4},"end":{"line":87,"column":32}},"26":{"start":{"line":6,"column":0},"end":{"line":6,"column":13}}},"fnMap":{"0":{"name":"(anonymous_9)","decl":{"start":{"line":10,"column":2},"end":{"line":10,"column":14}},"loc":{"start":{"line":10,"column":36},"end":{"line":12,"column":3}}},"1":{"name":"(anonymous_10)","decl":{"start":{"line":17,"column":2},"end":{"line":17,"column":8}},"loc":{"start":{"line":17,"column":25},"end":{"line":19,"column":3}}},"2":{"name":"(anonymous_11)","decl":{"start":{"line":24,"column":2},"end":{"line":24,"column":8}},"loc":{"start":{"line":24,"column":42},"end":{"line":26,"column":3}}},"3":{"name":"(anonymous_12)","decl":{"start":{"line":31,"column":2},"end":{"line":31,"column":7}},"loc":{"start":{"line":31,"column":54},"end":{"line":41,"column":3}}},"4":{"name":"(anonymous_13)","decl":{"start":{"line":46,"column":2},"end":{"line":46,"column":7}},"loc":{"start":{"line":46,"column":19},"end":{"line":57,"column":3}}},"5":{"name":"(anonymous_14)","decl":{"start":{"line":52,"column":24},"end":{"line":52,"column":31}},"loc":{"start":{"line":52,"column":36},"end":{"line":56,"column":6}}},"6":{"name":"(anonymous_15)","decl":{"start":{"line":62,"column":2},"end":{"line":62,"column":7}},"loc":{"start":{"line":62,"column":18},"end":{"line":68,"column":3}}},"7":{"name":"(anonymous_16)","decl":{"start":{"line":73,"column":2},"end":{"line":73,"column":11}},"loc":{"start":{"line":73,"column":11},"end":{"line":78,"column":3}}},"8":{"name":"(anonymous_17)","decl":{"start":{"line":83,"column":2},"end":{"line":83,"column":7}},"loc":{"start":{"line":83,"column":22},"end":{"line":88,"column":3}}}},"branchMap":{"0":{"loc":{"start":{"line":10,"column":14},"end":{"line":10,"column":36}},"type":"default-arg","locations":[{"start":{"line":10,"column":31},"end":{"line":10,"column":36}}]},"1":{"loc":{"start":{"line":32,"column":4},"end":{"line":34,"column":5}},"type":"if","locations":[{"start":{"line":32,"column":4},"end":{"line":34,"column":5}}]},"2":{"loc":{"start":{"line":36,"column":20},"end":{"line":38,"column":31}},"type":"cond-expr","locations":[{"start":{"line":37,"column":8},"end":{"line":37,"column":64}},{"start":{"line":38,"column":8},"end":{"line":38,"column":31}}]},"3":{"loc":{"start":{"line":47,"column":4},"end":{"line":49,"column":5}},"type":"if","locations":[{"start":{"line":47,"column":4},"end":{"line":49,"column":5}}]},"4":{"loc":{"start":{"line":64,"column":4},"end":{"line":66,"column":5}},"type":"if","locations":[{"start":{"line":64,"column":4},"end":{"line":66,"column":5}}]},"5":{"loc":{"start":{"line":74,"column":4},"end":{"line":76,"column":5}},"type":"if","locations":[{"start":{"line":74,"column":4},"end":{"line":76,"column":5}}]},"6":{"loc":{"start":{"line":84,"column":4},"end":{"line":86,"column":5}},"type":"if","locations":[{"start":{"line":84,"column":4},"end":{"line":86,"column":5}}]}},"s":{"0":1,"1":1,"2":1,"3":9,"4":9,"5":8,"6":11,"7":7,"8":1,"9":6,"10":6,"11":3,"12":1,"13":2,"14":2,"15":2,"16":1,"17":1,"18":0,"19":1,"20":2,"21":1,"22":1,"23":1,"24":0,"25":1,"26":1},"f":{"0":9,"1":8,"2":11,"3":7,"4":3,"5":2,"6":1,"7":2,"8":1},"b":{"0":[0],"1":[1],"2":[1,5],"3":[1],"4":[0],"5":[1],"6":[0]}}
,"/home/hudson/blockchain-projects/aura/sdk/javascript/src/modules/bank.ts": {"path":"/home/hudson/blockchain-projects/aura/sdk/javascript/src/modules/bank.ts","statementMap":{"0":{"start":{"line":6,"column":22},"end":{"line":6,"column":40}},"1":{"start":{"line":12,"column":19},"end":{"line":12,"column":42}},"2":{"start":{"line":13,"column":4},"end":{"line":13,"column":51}},"3":{"start":{"line":20,"column":19},"end":{"line":20,"column":42}},"4":{"start":{"line":21,"column":4},"end":{"line":21,"column":48}},"5":{"start":{"line":32,"column":18},"end":{"line":32,"column":41}},"6":{"start":{"line":33,"column":20},"end":{"line":40,"column":6}},"7":{"start":{"line":42,"column":22},"end":{"line":42,"column":48}},"8":{"start":{"line":43,"column":4},"end":{"line":46,"column":7}},"9":{"start":{"line":57,"column":20},"end":{"line":60,"column":7}},"10":{"start":{"line":57,"column":49},"end":{"line":60,"column":6}},"11":{"start":{"line":62,"column":20},"end":{"line":71,"column":6}},"12":{"start":{"line":67,"column":38},"end":{"line":67,"column":45}},"13":{"start":{"line":73,"column":22},"end":{"line":73,"column":48}},"14":{"start":{"line":74,"column":4},"end":{"line":74,"column":79}},"15":{"start":{"line":81,"column":4},"end":{"line":95,"column":5}},"16":{"start":{"line":82,"column":21},"end":{"line":82,"column":44}},"17":{"start":{"line":83,"column":27},"end":{"line":83,"column":95}},"18":{"start":{"line":85,"column":23},"end":{"line":85,"column":89}},"19":{"start":{"line":86,"column":6},"end":{"line":88,"column":7}},"20":{"start":{"line":87,"column":8},"end":{"line":87,"column":20}},"21":{"start":{"line":90,"column":19},"end":{"line":90,"column":61}},"22":{"start":{"line":91,"column":6},"end":{"line":91,"column":33}},"23":{"start":{"line":93,"column":6},"end":{"line":93,"column":59}},"24":{"start":{"line":94,"column":6},"end":{"line":94,"column":18}},"25":{"start":{"line":102,"column":4},"end":{"line":116,"column":5}},"26":{"start":{"line":103,"column":21},"end":{"line":103,"column":44}},"27":{"start":{"line":104,"column":27},"end":{"line":104,"column":95}},"28":{"start":{"line":106,"column":23},"end":{"line":106,"column":80}},"29":{"start":{"line":107,"column":6},"end":{"line":109,"column":7}},"30":{"start":{"line":108,"column":8},"end":{"line":108,"column":18}},"31":{"start":{"line":111,"column":19},"end":{"line":111,"column":63}},"32":{"start":{"line":112,"column":6},"end":{"line":112,"column":65}},"33":{"start":{"line":112,"column":53},"end":{"line":112,"column":63}},"34":{"start":{"line":114,"column":6},"end":{"line":114,"column":53}},"35":{"start":{"line":115,"column":6},"end":{"line":115,"column":16}},"36":{"start":{"line":125,"column":4},"end":{"line":125,"column":49}},"37":{"start":{"line":132,"column":19},"end":{"line":132,"column":68}},"38":{"start":{"line":133,"column":4},"end":{"line":133,"column":89}},"39":{"start":{"line":5,"column":0},"end":{"line":5,"column":13}}},"fnMap":{"0":{"name":"(anonymous_0)","decl":{"start":{"line":6,"column":2},"end":{"line":6,"column":22}},"loc":{"start":{"line":6,"column":40},"end":{"line":6,"column":44}}},"1":{"name":"(anonymous_1)","decl":{"start":{"line":11,"column":2},"end":{"line":11,"column":7}},"loc":{"start":{"line":11,"column":49},"end":{"line":14,"column":3}}},"2":{"name":"(anonymous_2)","decl":{"start":{"line":19,"column":2},"end":{"line":19,"column":7}},"loc":{"start":{"line":19,"column":38},"end":{"line":22,"column":3}}},"3":{"name":"(anonymous_3)","decl":{"start":{"line":27,"column":2},"end":{"line":27,"column":7}},"loc":{"start":{"line":30,"column":24},"end":{"line":47,"column":3}}},"4":{"name":"(anonymous_4)","decl":{"start":{"line":52,"column":2},"end":{"line":52,"column":7}},"loc":{"start":{"line":55,"column":24},"end":{"line":75,"column":3}}},"5":{"name":"(anonymous_5)","decl":{"start":{"line":57,"column":35},"end":{"line":57,"column":44}},"loc":{"start":{"line":57,"column":49},"end":{"line":60,"column":6}}},"6":{"name":"(anonymous_6)","decl":{"start":{"line":67,"column":33},"end":{"line":67,"column":34}},"loc":{"start":{"line":67,"column":38},"end":{"line":67,"column":45}}},"7":{"name":"(anonymous_7)","decl":{"start":{"line":80,"column":2},"end":{"line":80,"column":7}},"loc":{"start":{"line":80,"column":36},"end":{"line":96,"column":3}}},"8":{"name":"(anonymous_8)","decl":{"start":{"line":101,"column":2},"end":{"line":101,"column":7}},"loc":{"start":{"line":101,"column":20},"end":{"line":117,"column":3}}},"9":{"name":"(anonymous_9)","decl":{"start":{"line":112,"column":37},"end":{"line":112,"column":38}},"loc":{"start":{"line":112,"column":53},"end":{"line":112,"column":63}}},"10":{"name":"(anonymous_10)","decl":{"start":{"line":122,"column":2},"end":{"line":122,"column":7}},"loc":{"start":{"line":122,"column":58},"end":{"line":126,"column":3}}},"11":{"name":"(anonymous_11)","decl":{"start":{"line":131,"column":2},"end":{"line":131,"column":15}},"loc":{"start":{"line":131,"column":51},"end":{"line":134,"column":3}}}},"branchMap":{"0":{"loc":{"start":{"line":32,"column":18},"end":{"line":32,"column":41}},"type":"binary-expr","locations":[{"start":{"line":32,"column":18},"end":{"line":32,"column":30}},{"start":{"line":32,"column":34},"end":{"line":32,"column":41}}]},"1":{"loc":{"start":{"line":59,"column":23},"end":{"line":59,"column":49}},"type":"binary-expr","locations":[{"start":{"line":59,"column":23},"end":{"line":59,"column":38}},{"start":{"line":59,"column":42},"end":{"line":59,"column":49}}]},"2":{"loc":{"start":{"line":83,"column":27},"end":{"line":83,"column":95}},"type":"binary-expr","locations":[{"start":{"line":83,"column":27},"end":{"line":83,"column":46}},{"start":{"line":83,"column":50},"end":{"line":83,"column":95}}]},"3":{"loc":{"start":{"line":86,"column":6},"end":{"line":88,"column":7}},"type":"if","locations":[{"start":{"line":86,"column":6},"end":{"line":88,"column":7}}]},"4":{"loc":{"start":{"line":91,"column":13},"end":{"line":91,"column":32}},"type":"binary-expr","locations":[{"start":{"line":91,"column":13},"end":{"line":91,"column":24}},{"start":{"line":91,"column":28},"end":{"line":91,"column":32}}]},"5":{"loc":{"start":{"line":104,"column":27},"end":{"line":104,"column":95}},"type":"binary-expr","locations":[{"start":{"line":104,"column":27},"end":{"line":104,"column":46}},{"start":{"line":104,"column":50},"end":{"line":104,"column":95}}]},"6":{"loc":{"start":{"line":107,"column":6},"end":{"line":109,"column":7}},"type":"if","locations":[{"start":{"line":107,"column":6},"end":{"line":109,"column":7}}]},"7":{"loc":{"start":{"line":112,"column":14},"end":{"line":112,"column":31}},"type":"binary-expr","locations":[{"start":{"line":112,"column":14},"end":{"line":112,"column":25}},{"start":{"line":112,"column":29},"end":{"line":112,"column":31}}]},"8":{"loc":{"start":{"line":131,"column":31},"end":{"line":131,"column":51}},"type":"default-arg","locations":[{"start":{"line":131,"column":50},"end":{"line":131,"column":51}}]}},"s":{"0":11,"1":0,"2":0,"3":0,"4":0,"5":0,"6":0,"7":0,"8":0,"9":0,"10":0,"11":0,"12":0,"13":0,"14":0,"15":0,"16":0,"17":0,"18":0,"19":0,"20":0,"21":0,"22":0,"23":0,"24":0,"25":0,"26":0,"27":0,"28":0,"29":0,"30":0,"31":0,"32":0,"33":0,"34":0,"35":0,"36":0,"37":2,"38":2,"39":2},"f":{"0":11,"1":0,"2":0,"3":0,"4":0,"5":0,"6":0,"7":0,"8":0,"9":0,"10":0,"11":2},"b":{"0":[0,0],"1":[0,0],"2":[0,0],"3":[0],"4":[0,0],"5":[0,0],"6":[0],"7":[0,0],"8":[1]}}
,"/home/hudson/blockchain-projects/aura/sdk/javascript/src/modules/dex.ts": {"path":"/home/hudson/blockchain-projects/aura/sdk/javascript/src/modules/dex.ts","statementMap":{"0":{"start":{"line":13,"column":22},"end":{"line":13,"column":40}},"1":{"start":{"line":23,"column":20},"end":{"line":32,"column":6}},"2":{"start":{"line":34,"column":22},"end":{"line":34,"column":48}},"3":{"start":{"line":35,"column":4},"end":{"line":35,"column":73}},"4":{"start":{"line":46,"column":20},"end":{"line":55,"column":6}},"5":{"start":{"line":57,"column":22},"end":{"line":57,"column":48}},"6":{"start":{"line":58,"column":4},"end":{"line":58,"column":72}},"7":{"start":{"line":69,"column":20},"end":{"line":78,"column":6}},"8":{"start":{"line":80,"column":22},"end":{"line":80,"column":48}},"9":{"start":{"line":81,"column":4},"end":{"line":81,"column":72}},"10":{"start":{"line":92,"column":20},"end":{"line":102,"column":6}},"11":{"start":{"line":104,"column":22},"end":{"line":104,"column":48}},"12":{"start":{"line":105,"column":4},"end":{"line":105,"column":72}},"13":{"start":{"line":112,"column":4},"end":{"line":126,"column":5}},"14":{"start":{"line":113,"column":21},"end":{"line":113,"column":44}},"15":{"start":{"line":114,"column":27},"end":{"line":114,"column":95}},"16":{"start":{"line":116,"column":23},"end":{"line":116,"column":80}},"17":{"start":{"line":117,"column":6},"end":{"line":119,"column":7}},"18":{"start":{"line":118,"column":8},"end":{"line":118,"column":20}},"19":{"start":{"line":121,"column":19},"end":{"line":121,"column":59}},"20":{"start":{"line":122,"column":6},"end":{"line":122,"column":31}},"21":{"start":{"line":124,"column":6},"end":{"line":124,"column":51}},"22":{"start":{"line":125,"column":6},"end":{"line":125,"column":18}},"23":{"start":{"line":133,"column":4},"end":{"line":147,"column":5}},"24":{"start":{"line":134,"column":21},"end":{"line":134,"column":44}},"25":{"start":{"line":135,"column":27},"end":{"line":135,"column":95}},"26":{"start":{"line":137,"column":23},"end":{"line":137,"column":70}},"27":{"start":{"line":138,"column":6},"end":{"line":140,"column":7}},"28":{"start":{"line":139,"column":8},"end":{"line":139,"column":18}},"29":{"start":{"line":142,"column":19},"end":{"line":142,"column":62}},"30":{"start":{"line":143,"column":6},"end":{"line":143,"column":30}},"31":{"start":{"line":145,"column":6},"end":{"line":145,"column":52}},"32":{"start":{"line":146,"column":6},"end":{"line":146,"column":16}},"33":{"start":{"line":154,"column":18},"end":{"line":154,"column":42}},"34":{"start":{"line":155,"column":4},"end":{"line":158,"column":14}},"35":{"start":{"line":156,"column":6},"end":{"line":157,"column":56}},"36":{"start":{"line":170,"column":24},"end":{"line":170,"column":40}},"37":{"start":{"line":171,"column":25},"end":{"line":171,"column":42}},"38":{"start":{"line":172,"column":26},"end":{"line":172,"column":44}},"39":{"start":{"line":173,"column":19},"end":{"line":173,"column":66}},"40":{"start":{"line":176,"column":28},"end":{"line":176,"column":70}},"41":{"start":{"line":179,"column":22},"end":{"line":179,"column":53}},"42":{"start":{"line":180,"column":24},"end":{"line":180,"column":54}},"43":{"start":{"line":182,"column":4},"end":{"line":182,"column":48}},"44":{"start":{"line":193,"column":22},"end":{"line":193,"column":84}},"45":{"start":{"line":194,"column":28},"end":{"line":194,"column":74}},"46":{"start":{"line":195,"column":27},"end":{"line":195,"column":71}},"47":{"start":{"line":197,"column":4},"end":{"line":197,"column":80}},"48":{"start":{"line":210,"column":4},"end":{"line":215,"column":5}},"49":{"start":{"line":212,"column":25},"end":{"line":212,"column":40}},"50":{"start":{"line":213,"column":25},"end":{"line":213,"column":40}},"51":{"start":{"line":214,"column":6},"end":{"line":214,"column":50}},"52":{"start":{"line":217,"column":23},"end":{"line":217,"column":38}},"53":{"start":{"line":218,"column":24},"end":{"line":218,"column":40}},"54":{"start":{"line":219,"column":27},"end":{"line":219,"column":46}},"55":{"start":{"line":221,"column":4},"end":{"line":221,"column":68}},"56":{"start":{"line":12,"column":0},"end":{"line":12,"column":13}}},"fnMap":{"0":{"name":"(anonymous_0)","decl":{"start":{"line":13,"column":2},"end":{"line":13,"column":22}},"loc":{"start":{"line":13,"column":40},"end":{"line":13,"column":44}}},"1":{"name":"(anonymous_1)","decl":{"start":{"line":18,"column":2},"end":{"line":18,"column":7}},"loc":{"start":{"line":21,"column":24},"end":{"line":36,"column":3}}},"2":{"name":"(anonymous_2)","decl":{"start":{"line":41,"column":2},"end":{"line":41,"column":7}},"loc":{"start":{"line":44,"column":24},"end":{"line":59,"column":3}}},"3":{"name":"(anonymous_3)","decl":{"start":{"line":64,"column":2},"end":{"line":64,"column":7}},"loc":{"start":{"line":67,"column":24},"end":{"line":82,"column":3}}},"4":{"name":"(anonymous_4)","decl":{"start":{"line":87,"column":2},"end":{"line":87,"column":7}},"loc":{"start":{"line":90,"column":24},"end":{"line":106,"column":3}}},"5":{"name":"(anonymous_5)","decl":{"start":{"line":111,"column":2},"end":{"line":111,"column":7}},"loc":{"start":{"line":111,"column":30},"end":{"line":127,"column":3}}},"6":{"name":"(anonymous_6)","decl":{"start":{"line":132,"column":2},"end":{"line":132,"column":7}},"loc":{"start":{"line":132,"column":19},"end":{"line":148,"column":3}}},"7":{"name":"(anonymous_7)","decl":{"start":{"line":153,"column":2},"end":{"line":153,"column":7}},"loc":{"start":{"line":153,"column":54},"end":{"line":159,"column":3}}},"8":{"name":"(anonymous_8)","decl":{"start":{"line":155,"column":22},"end":{"line":155,"column":26}},"loc":{"start":{"line":156,"column":6},"end":{"line":157,"column":56}}},"9":{"name":"(anonymous_9)","decl":{"start":{"line":164,"column":2},"end":{"line":164,"column":21}},"loc":{"start":{"line":168,"column":29},"end":{"line":183,"column":3}}},"10":{"name":"(anonymous_10)","decl":{"start":{"line":188,"column":2},"end":{"line":188,"column":22}},"loc":{"start":{"line":191,"column":22},"end":{"line":198,"column":3}}},"11":{"name":"(anonymous_11)","decl":{"start":{"line":203,"column":2},"end":{"line":203,"column":17}},"loc":{"start":{"line":208,"column":23},"end":{"line":222,"column":3}}}},"branchMap":{"0":{"loc":{"start":{"line":100,"column":19},"end":{"line":100,"column":45}},"type":"binary-expr","locations":[{"start":{"line":100,"column":19},"end":{"line":100,"column":35}},{"start":{"line":100,"column":39},"end":{"line":100,"column":45}}]},"1":{"loc":{"start":{"line":114,"column":27},"end":{"line":114,"column":95}},"type":"binary-expr","locations":[{"start":{"line":114,"column":27},"end":{"line":114,"column":46}},{"start":{"line":114,"column":50},"end":{"line":114,"column":95}}]},"2":{"loc":{"start":{"line":117,"column":6},"end":{"line":119,"column":7}},"type":"if","locations":[{"start":{"line":117,"column":6},"end":{"line":119,"column":7}}]},"3":{"loc":{"start":{"line":122,"column":13},"end":{"line":122,"column":30}},"type":"binary-expr","locations":[{"start":{"line":122,"column":13},"end":{"line":122,"column":22}},{"start":{"line":122,"column":26},"end":{"line":122,"column":30}}]},"4":{"loc":{"start":{"line":135,"column":27},"end":{"line":135,"column":95}},"type":"binary-expr","locations":[{"start":{"line":135,"column":27},"end":{"line":135,"column":46}},{"start":{"line":135,"column":50},"end":{"line":135,"column":95}}]},"5":{"loc":{"start":{"line":138,"column":6},"end":{"line":140,"column":7}},"type":"if","locations":[{"start":{"line":138,"column":6},"end":{"line":140,"column":7}}]},"6":{"loc":{"start":{"line":143,"column":13},"end":{"line":143,"column":29}},"type":"binary-expr","locations":[{"start":{"line":143,"column":13},"end":{"line":143,"column":23}},{"start":{"line":143,"column":27},"end":{"line":143,"column":29}}]},"7":{"loc":{"start":{"line":155,"column":11},"end":{"line":158,"column":13}},"type":"binary-expr","locations":[{"start":{"line":155,"column":11},"end":{"line":157,"column":null}},{"start":{"line":158,"column":9},"end":{"line":158,"column":13}}]},"8":{"loc":{"start":{"line":156,"column":6},"end":{"line":157,"column":56}},"type":"binary-expr","locations":[{"start":{"line":156,"column":7},"end":{"line":156,"column":29}},{"start":{"line":156,"column":33},"end":{"line":156,"column":55}},{"start":{"line":157,"column":7},"end":{"line":157,"column":29}},{"start":{"line":157,"column":33},"end":{"line":157,"column":55}}]},"9":{"loc":{"start":{"line":168,"column":4},"end":{"line":168,"column":29}},"type":"default-arg","locations":[{"start":{"line":168,"column":22},"end":{"line":168,"column":29}}]},"10":{"loc":{"start":{"line":210,"column":4},"end":{"line":215,"column":5}},"type":"if","locations":[{"start":{"line":210,"column":4},"end":{"line":215,"column":5}}]}},"s":{"0":16,"1":0,"2":0,"3":0,"4":0,"5":0,"6":0,"7":0,"8":0,"9":0,"10":0,"11":0,"12":0,"13":0,"14":0,"15":0,"16":0,"17":0,"18":0,"19":0,"20":0,"21":0,"22":0,"23":0,"24":0,"25":0,"26":0,"27":0,"28":0,"29":0,"30":0,"31":0,"32":0,"33":0,"34":0,"35":0,"36":6,"37":6,"38":6,"39":6,"40":6,"41":6,"42":6,"43":6,"44":3,"45":3,"46":3,"47":3,"48":2,"49":1,"50":1,"51":1,"52":1,"53":1,"54":1,"55":1,"56":2},"f":{"0":16,"1":0,"2":0,"3":0,"4":0,"5":0,"6":0,"7":0,"8":0,"9":6,"10":3,"11":2},"b":{"0":[0,0],"1":[0,0],"2":[0],"3":[0,0],"4":[0,0],"5":[0],"6":[0,0],"7":[0,0],"8":[0,0,0,0],"9":[2],"10":[1]}}
,"/home/hudson/blockchain-projects/aura/sdk/javascript/src/modules/governance.ts": {"path":"/home/hudson/blockchain-projects/aura/sdk/javascript/src/modules/governance.ts","statementMap":{"0":{"start":{"line":2,"column":0},"end":{"line":2,"column":null}},"1":{"start":{"line":12,"column":22},"end":{"line":12,"column":40}},"2":{"start":{"line":25,"column":20},"end":{"line":38,"column":6}},"3":{"start":{"line":40,"column":22},"end":{"line":40,"column":48}},"4":{"start":{"line":41,"column":4},"end":{"line":41,"column":74}},"5":{"start":{"line":52,"column":20},"end":{"line":60,"column":6}},"6":{"start":{"line":62,"column":22},"end":{"line":62,"column":48}},"7":{"start":{"line":63,"column":4},"end":{"line":63,"column":71}},"8":{"start":{"line":74,"column":18},"end":{"line":74,"column":41}},"9":{"start":{"line":75,"column":20},"end":{"line":82,"column":6}},"10":{"start":{"line":84,"column":22},"end":{"line":84,"column":48}},"11":{"start":{"line":85,"column":4},"end":{"line":85,"column":75}},"12":{"start":{"line":92,"column":4},"end":{"line":107,"column":5}},"13":{"start":{"line":93,"column":21},"end":{"line":93,"column":44}},"14":{"start":{"line":94,"column":27},"end":{"line":94,"column":95}},"15":{"start":{"line":96,"column":26},"end":{"line":96,"column":82}},"16":{"start":{"line":97,"column":23},"end":{"line":97,"column":96}},"17":{"start":{"line":98,"column":6},"end":{"line":100,"column":7}},"18":{"start":{"line":99,"column":8},"end":{"line":99,"column":18}},"19":{"start":{"line":102,"column":19},"end":{"line":102,"column":70}},"20":{"start":{"line":103,"column":6},"end":{"line":103,"column":34}},"21":{"start":{"line":105,"column":6},"end":{"line":105,"column":56}},"22":{"start":{"line":106,"column":6},"end":{"line":106,"column":16}},"23":{"start":{"line":114,"column":4},"end":{"line":128,"column":5}},"24":{"start":{"line":115,"column":21},"end":{"line":115,"column":44}},"25":{"start":{"line":116,"column":27},"end":{"line":116,"column":95}},"26":{"start":{"line":118,"column":23},"end":{"line":118,"column":96}},"27":{"start":{"line":119,"column":6},"end":{"line":121,"column":7}},"28":{"start":{"line":120,"column":8},"end":{"line":120,"column":20}},"29":{"start":{"line":123,"column":19},"end":{"line":123,"column":67}},"30":{"start":{"line":124,"column":6},"end":{"line":124,"column":35}},"31":{"start":{"line":126,"column":6},"end":{"line":126,"column":55}},"32":{"start":{"line":127,"column":6},"end":{"line":127,"column":18}},"33":{"start":{"line":135,"column":4},"end":{"line":149,"column":5}},"34":{"start":{"line":136,"column":21},"end":{"line":136,"column":44}},"35":{"start":{"line":137,"column":27},"end":{"line":137,"column":95}},"36":{"start":{"line":139,"column":23},"end":{"line":139,"column":102}},"37":{"start":{"line":140,"column":6},"end":{"line":142,"column":7}},"38":{"start":{"line":141,"column":8},"end":{"line":141,"column":18}},"39":{"start":{"line":144,"column":19},"end":{"line":144,"column":61}},"40":{"start":{"line":145,"column":6},"end":{"line":145,"column":30}},"41":{"start":{"line":147,"column":6},"end":{"line":147,"column":52}},"42":{"start":{"line":148,"column":6},"end":{"line":148,"column":16}},"43":{"start":{"line":156,"column":4},"end":{"line":172,"column":5}},"44":{"start":{"line":157,"column":21},"end":{"line":157,"column":44}},"45":{"start":{"line":158,"column":27},"end":{"line":158,"column":95}},"46":{"start":{"line":160,"column":23},"end":{"line":161,"column":null}},"47":{"start":{"line":163,"column":6},"end":{"line":165,"column":7}},"48":{"start":{"line":164,"column":8},"end":{"line":164,"column":20}},"49":{"start":{"line":167,"column":19},"end":{"line":167,"column":58}},"50":{"start":{"line":168,"column":6},"end":{"line":168,"column":31}},"51":{"start":{"line":170,"column":6},"end":{"line":170,"column":51}},"52":{"start":{"line":171,"column":6},"end":{"line":171,"column":18}},"53":{"start":{"line":179,"column":4},"end":{"line":193,"column":5}},"54":{"start":{"line":180,"column":21},"end":{"line":180,"column":44}},"55":{"start":{"line":181,"column":27},"end":{"line":181,"column":95}},"56":{"start":{"line":183,"column":23},"end":{"line":183,"column":105}},"57":{"start":{"line":184,"column":6},"end":{"line":186,"column":7}},"58":{"start":{"line":185,"column":8},"end":{"line":185,"column":18}},"59":{"start":{"line":188,"column":19},"end":{"line":188,"column":64}},"60":{"start":{"line":189,"column":6},"end":{"line":189,"column":33}},"61":{"start":{"line":191,"column":6},"end":{"line":191,"column":55}},"62":{"start":{"line":192,"column":6},"end":{"line":192,"column":16}},"63":{"start":{"line":200,"column":4},"end":{"line":214,"column":5}},"64":{"start":{"line":201,"column":21},"end":{"line":201,"column":44}},"65":{"start":{"line":202,"column":27},"end":{"line":202,"column":95}},"66":{"start":{"line":204,"column":23},"end":{"line":204,"column":102}},"67":{"start":{"line":205,"column":6},"end":{"line":207,"column":7}},"68":{"start":{"line":206,"column":8},"end":{"line":206,"column":20}},"69":{"start":{"line":209,"column":19},"end":{"line":209,"column":59}},"70":{"start":{"line":210,"column":6},"end":{"line":210,"column":32}},"71":{"start":{"line":212,"column":6},"end":{"line":212,"column":52}},"72":{"start":{"line":213,"column":6},"end":{"line":213,"column":18}},"73":{"start":{"line":221,"column":4},"end":{"line":235,"column":5}},"74":{"start":{"line":222,"column":21},"end":{"line":222,"column":44}},"75":{"start":{"line":223,"column":27},"end":{"line":223,"column":95}},"76":{"start":{"line":225,"column":23},"end":{"line":225,"column":93}},"77":{"start":{"line":226,"column":6},"end":{"line":228,"column":7}},"78":{"start":{"line":227,"column":8},"end":{"line":227,"column":20}},"79":{"start":{"line":230,"column":19},"end":{"line":230,"column":63}},"80":{"start":{"line":231,"column":6},"end":{"line":231,"column":50}},"81":{"start":{"line":233,"column":6},"end":{"line":233,"column":53}},"82":{"start":{"line":234,"column":6},"end":{"line":234,"column":18}},"83":{"start":{"line":242,"column":18},"end":{"line":242,"column":49}},"84":{"start":{"line":243,"column":24},"end":{"line":243,"column":56}},"85":{"start":{"line":245,"column":4},"end":{"line":247,"column":5}},"86":{"start":{"line":246,"column":6},"end":{"line":246,"column":19}},"87":{"start":{"line":249,"column":23},"end":{"line":249,"column":112}},"88":{"start":{"line":250,"column":19},"end":{"line":250,"column":45}},"89":{"start":{"line":253,"column":4},"end":{"line":253,"column":31}},"90":{"start":{"line":260,"column":4},"end":{"line":271,"column":5}},"91":{"start":{"line":262,"column":8},"end":{"line":262,"column":21}},"92":{"start":{"line":264,"column":8},"end":{"line":264,"column":20}},"93":{"start":{"line":266,"column":8},"end":{"line":266,"column":25}},"94":{"start":{"line":268,"column":8},"end":{"line":268,"column":30}},"95":{"start":{"line":270,"column":8},"end":{"line":270,"column":29}},"96":{"start":{"line":11,"column":0},"end":{"line":11,"column":13}}},"fnMap":{"0":{"name":"(anonymous_0)","decl":{"start":{"line":12,"column":2},"end":{"line":12,"column":22}},"loc":{"start":{"line":12,"column":40},"end":{"line":12,"column":44}}},"1":{"name":"(anonymous_1)","decl":{"start":{"line":17,"column":2},"end":{"line":17,"column":7}},"loc":{"start":{"line":23,"column":24},"end":{"line":42,"column":3}}},"2":{"name":"(anonymous_2)","decl":{"start":{"line":47,"column":2},"end":{"line":47,"column":7}},"loc":{"start":{"line":50,"column":24},"end":{"line":64,"column":3}}},"3":{"name":"(anonymous_3)","decl":{"start":{"line":69,"column":2},"end":{"line":69,"column":7}},"loc":{"start":{"line":72,"column":24},"end":{"line":86,"column":3}}},"4":{"name":"(anonymous_4)","decl":{"start":{"line":91,"column":2},"end":{"line":91,"column":7}},"loc":{"start":{"line":91,"column":36},"end":{"line":108,"column":3}}},"5":{"name":"(anonymous_5)","decl":{"start":{"line":113,"column":2},"end":{"line":113,"column":7}},"loc":{"start":{"line":113,"column":38},"end":{"line":129,"column":3}}},"6":{"name":"(anonymous_6)","decl":{"start":{"line":134,"column":2},"end":{"line":134,"column":7}},"loc":{"start":{"line":134,"column":35},"end":{"line":150,"column":3}}},"7":{"name":"(anonymous_7)","decl":{"start":{"line":155,"column":2},"end":{"line":155,"column":7}},"loc":{"start":{"line":155,"column":49},"end":{"line":173,"column":3}}},"8":{"name":"(anonymous_8)","decl":{"start":{"line":178,"column":2},"end":{"line":178,"column":7}},"loc":{"start":{"line":178,"column":38},"end":{"line":194,"column":3}}},"9":{"name":"(anonymous_9)","decl":{"start":{"line":199,"column":2},"end":{"line":199,"column":7}},"loc":{"start":{"line":199,"column":35},"end":{"line":215,"column":3}}},"10":{"name":"(anonymous_10)","decl":{"start":{"line":220,"column":2},"end":{"line":220,"column":7}},"loc":{"start":{"line":220,"column":63},"end":{"line":236,"column":3}}},"11":{"name":"(anonymous_11)","decl":{"start":{"line":241,"column":2},"end":{"line":241,"column":7}},"loc":{"start":{"line":241,"column":36},"end":{"line":254,"column":3}}},"12":{"name":"(anonymous_12)","decl":{"start":{"line":259,"column":2},"end":{"line":259,"column":19}},"loc":{"start":{"line":259,"column":38},"end":{"line":272,"column":3}}}},"branchMap":{"0":{"loc":{"start":{"line":22,"column":4},"end":{"line":22,"column":27}},"type":"default-arg","locations":[{"start":{"line":22,"column":20},"end":{"line":22,"column":27}}]},"1":{"loc":{"start":{"line":58,"column":18},"end":{"line":58,"column":39}},"type":"binary-expr","locations":[{"start":{"line":58,"column":18},"end":{"line":58,"column":33}},{"start":{"line":58,"column":37},"end":{"line":58,"column":39}}]},"2":{"loc":{"start":{"line":74,"column":18},"end":{"line":74,"column":41}},"type":"binary-expr","locations":[{"start":{"line":74,"column":18},"end":{"line":74,"column":30}},{"start":{"line":74,"column":34},"end":{"line":74,"column":41}}]},"3":{"loc":{"start":{"line":94,"column":27},"end":{"line":94,"column":95}},"type":"binary-expr","locations":[{"start":{"line":94,"column":27},"end":{"line":94,"column":46}},{"start":{"line":94,"column":50},"end":{"line":94,"column":95}}]},"4":{"loc":{"start":{"line":96,"column":26},"end":{"line":96,"column":82}},"type":"cond-expr","locations":[{"start":{"line":96,"column":49},"end":{"line":96,"column":77}},{"start":{"line":96,"column":80},"end":{"line":96,"column":82}}]},"5":{"loc":{"start":{"line":98,"column":6},"end":{"line":100,"column":7}},"type":"if","locations":[{"start":{"line":98,"column":6},"end":{"line":100,"column":7}}]},"6":{"loc":{"start":{"line":103,"column":13},"end":{"line":103,"column":33}},"type":"binary-expr","locations":[{"start":{"line":103,"column":13},"end":{"line":103,"column":27}},{"start":{"line":103,"column":31},"end":{"line":103,"column":33}}]},"7":{"loc":{"start":{"line":116,"column":27},"end":{"line":116,"column":95}},"type":"binary-expr","locations":[{"start":{"line":116,"column":27},"end":{"line":116,"column":46}},{"start":{"line":116,"column":50},"end":{"line":116,"column":95}}]},"8":{"loc":{"start":{"line":119,"column":6},"end":{"line":121,"column":7}},"type":"if","locations":[{"start":{"line":119,"column":6},"end":{"line":121,"column":7}}]},"9":{"loc":{"start":{"line":124,"column":13},"end":{"line":124,"column":34}},"type":"binary-expr","locations":[{"start":{"line":124,"column":13},"end":{"line":124,"column":26}},{"start":{"line":124,"column":30},"end":{"line":124,"column":34}}]},"10":{"loc":{"start":{"line":137,"column":27},"end":{"line":137,"column":95}},"type":"binary-expr","locations":[{"start":{"line":137,"column":27},"end":{"line":137,"column":46}},{"start":{"line":137,"column":50},"end":{"line":137,"column":95}}]},"11":{"loc":{"start":{"line":140,"column":6},"end":{"line":142,"column":7}},"type":"if","locations":[{"start":{"line":140,"column":6},"end":{"line":142,"column":7}}]},"12":{"loc":{"start":{"line":145,"column":13},"end":{"line":145,"column":29}},"type":"binary-expr","locations":[{"start":{"line":145,"column":13},"end":{"line":145,"column":23}},{"start":{"line":145,"column":27},"end":{"line":145,"column":29}}]},"13":{"loc":{"start":{"line":158,"column":27},"end":{"line":158,"column":95}},"type":"binary-expr","locations":[{"start":{"line":158,"column":27},"end":{"line":158,"column":46}},{"start":{"line":158,"column":50},"end":{"line":158,"column":95}}]},"14":{"loc":{"start":{"line":163,"column":6},"end":{"line":165,"column":7}},"type":"if","locations":[{"start":{"line":163,"column":6},"end":{"line":165,"column":7}}]},"15":{"loc":{"start":{"line":168,"column":13},"end":{"line":168,"column":30}},"type":"binary-expr","locations":[{"start":{"line":168,"column":13},"end":{"line":168,"column":22}},{"start":{"line":168,"column":26},"end":{"line":168,"column":30}}]},"16":{"loc":{"start":{"line":181,"column":27},"end":{"line":181,"column":95}},"type":"binary-expr","locations":[{"start":{"line":181,"column":27},"end":{"line":181,"column":46}},{"start":{"line":181,"column":50},"end":{"line":181,"column":95}}]},"17":{"loc":{"start":{"line":184,"column":6},"end":{"line":186,"column":7}},"type":"if","locations":[{"start":{"line":184,"column":6},"end":{"line":186,"column":7}}]},"18":{"loc":{"start":{"line":189,"column":13},"end":{"line":189,"column":32}},"type":"binary-expr","locations":[{"start":{"line":189,"column":13},"end":{"line":189,"column":26}},{"start":{"line":189,"column":30},"end":{"line":189,"column":32}}]},"19":{"loc":{"start":{"line":202,"column":27},"end":{"line":202,"column":95}},"type":"binary-expr","locations":[{"start":{"line":202,"column":27},"end":{"line":202,"column":46}},{"start":{"line":202,"column":50},"end":{"line":202,"column":95}}]},"20":{"loc":{"start":{"line":205,"column":6},"end":{"line":207,"column":7}},"type":"if","locations":[{"start":{"line":205,"column":6},"end":{"line":207,"column":7}}]},"21":{"loc":{"start":{"line":210,"column":13},"end":{"line":210,"column":31}},"type":"binary-expr","locations":[{"start":{"line":210,"column":13},"end":{"line":210,"column":23}},{"start":{"line":210,"column":27},"end":{"line":210,"column":31}}]},"22":{"loc":{"start":{"line":223,"column":27},"end":{"line":223,"column":95}},"type":"binary-expr","locations":[{"start":{"line":223,"column":27},"end":{"line":223,"column":46}},{"start":{"line":223,"column":50},"end":{"line":223,"column":95}}]},"23":{"loc":{"start":{"line":226,"column":6},"end":{"line":228,"column":7}},"type":"if","locations":[{"start":{"line":226,"column":6},"end":{"line":228,"column":7}}]},"24":{"loc":{"start":{"line":231,"column":13},"end":{"line":231,"column":49}},"type":"binary-expr","locations":[{"start":{"line":231,"column":13},"end":{"line":231,"column":41}},{"start":{"line":231,"column":45},"end":{"line":231,"column":49}}]},"25":{"loc":{"start":{"line":245,"column":4},"end":{"line":247,"column":5}},"type":"if","locations":[{"start":{"line":245,"column":4},"end":{"line":247,"column":5}}]},"26":{"loc":{"start":{"line":245,"column":8},"end":{"line":245,"column":30}},"type":"binary-expr","locations":[{"start":{"line":245,"column":8},"end":{"line":245,"column":14}},{"start":{"line":245,"column":18},"end":{"line":245,"column":30}}]},"27":{"loc":{"start":{"line":260,"column":4},"end":{"line":271,"column":5}},"type":"switch","locations":[{"start":{"line":261,"column":6},"end":{"line":262,"column":21}},{"start":{"line":263,"column":6},"end":{"line":264,"column":20}},{"start":{"line":265,"column":6},"end":{"line":266,"column":25}},{"start":{"line":267,"column":6},"end":{"line":268,"column":30}},{"start":{"line":269,"column":6},"end":{"line":270,"column":29}}]}},"s":{"0":2,"1":10,"2":0,"3":0,"4":0,"5":0,"6":0,"7":0,"8":0,"9":0,"10":0,"11":0,"12":0,"13":0,"14":0,"15":0,"16":0,"17":0,"18":0,"19":0,"20":0,"21":0,"22":0,"23":0,"24":0,"25":0,"26":0,"27":0,"28":0,"29":0,"30":0,"31":0,"32":0,"33":0,"34":0,"35":0,"36":0,"37":0,"38":0,"39":0,"40":0,"41":0,"42":0,"43":0,"44":0,"45":0,"46":0,"47":0,"48":0,"49":0,"50":0,"51":0,"52":0,"53":0,"54":0,"55":0,"56":0,"57":0,"58":0,"59":0,"60":0,"61":0,"62":0,"63":0,"64":0,"65":0,"66":0,"67":0,"68":0,"69":0,"70":0,"71":0,"72":0,"73":0,"74":0,"75":0,"76":0,"77":0,"78":0,"79":0,"80":0,"81":0,"82":0,"83":0,"84":0,"85":0,"86":0,"87":0,"88":0,"89":0,"90":5,"91":1,"92":1,"93":1,"94":1,"95":1,"96":2},"f":{"0":10,"1":0,"2":0,"3":0,"4":0,"5":0,"6":0,"7":0,"8":0,"9":0,"10":0,"11":0,"12":5},"b":{"0":[0],"1":[0,0],"2":[0,0],"3":[0,0],"4":[0,0],"5":[0],"6":[0,0],"7":[0,0],"8":[0],"9":[0,0],"10":[0,0],"11":[0],"12":[0,0],"13":[0,0],"14":[0],"15":[0,0],"16":[0,0],"17":[0],"18":[0,0],"19":[0,0],"20":[0],"21":[0,0],"22":[0,0],"23":[0],"24":[0,0],"25":[0],"26":[0,0],"27":[1,1,1,1,1]}}
,"/home/hudson/blockchain-projects/aura/sdk/javascript/src/modules/staking.ts": {"path":"/home/hudson/blockchain-projects/aura/sdk/javascript/src/modules/staking.ts","statementMap":{"0":{"start":{"line":13,"column":22},"end":{"line":13,"column":40}},"1":{"start":{"line":23,"column":18},"end":{"line":23,"column":41}},"2":{"start":{"line":24,"column":20},"end":{"line":31,"column":6}},"3":{"start":{"line":33,"column":22},"end":{"line":33,"column":48}},"4":{"start":{"line":34,"column":4},"end":{"line":34,"column":75}},"5":{"start":{"line":45,"column":18},"end":{"line":45,"column":41}},"6":{"start":{"line":46,"column":20},"end":{"line":53,"column":6}},"7":{"start":{"line":55,"column":22},"end":{"line":55,"column":48}},"8":{"start":{"line":56,"column":4},"end":{"line":56,"column":75}},"9":{"start":{"line":67,"column":18},"end":{"line":67,"column":41}},"10":{"start":{"line":68,"column":20},"end":{"line":76,"column":6}},"11":{"start":{"line":78,"column":22},"end":{"line":78,"column":48}},"12":{"start":{"line":79,"column":4},"end":{"line":79,"column":75}},"13":{"start":{"line":90,"column":20},"end":{"line":96,"column":6}},"14":{"start":{"line":98,"column":22},"end":{"line":98,"column":48}},"15":{"start":{"line":99,"column":4},"end":{"line":99,"column":75}},"16":{"start":{"line":109,"column":24},"end":{"line":109,"column":60}},"17":{"start":{"line":110,"column":21},"end":{"line":116,"column":7}},"18":{"start":{"line":110,"column":52},"end":{"line":116,"column":6}},"19":{"start":{"line":118,"column":22},"end":{"line":118,"column":48}},"20":{"start":{"line":119,"column":4},"end":{"line":119,"column":74}},"21":{"start":{"line":126,"column":4},"end":{"line":140,"column":5}},"22":{"start":{"line":127,"column":21},"end":{"line":127,"column":44}},"23":{"start":{"line":128,"column":27},"end":{"line":128,"column":95}},"24":{"start":{"line":130,"column":23},"end":{"line":130,"column":113}},"25":{"start":{"line":131,"column":6},"end":{"line":133,"column":7}},"26":{"start":{"line":132,"column":8},"end":{"line":132,"column":18}},"27":{"start":{"line":135,"column":19},"end":{"line":135,"column":72}},"28":{"start":{"line":136,"column":6},"end":{"line":136,"column":35}},"29":{"start":{"line":138,"column":6},"end":{"line":138,"column":57}},"30":{"start":{"line":139,"column":6},"end":{"line":139,"column":16}},"31":{"start":{"line":147,"column":4},"end":{"line":161,"column":5}},"32":{"start":{"line":148,"column":21},"end":{"line":148,"column":44}},"33":{"start":{"line":149,"column":27},"end":{"line":149,"column":95}},"34":{"start":{"line":151,"column":23},"end":{"line":151,"column":107}},"35":{"start":{"line":152,"column":6},"end":{"line":154,"column":7}},"36":{"start":{"line":153,"column":8},"end":{"line":153,"column":20}},"37":{"start":{"line":156,"column":19},"end":{"line":156,"column":69}},"38":{"start":{"line":157,"column":6},"end":{"line":157,"column":36}},"39":{"start":{"line":159,"column":6},"end":{"line":159,"column":56}},"40":{"start":{"line":160,"column":6},"end":{"line":160,"column":18}},"41":{"start":{"line":168,"column":4},"end":{"line":182,"column":5}},"42":{"start":{"line":169,"column":21},"end":{"line":169,"column":44}},"43":{"start":{"line":170,"column":27},"end":{"line":170,"column":95}},"44":{"start":{"line":172,"column":23},"end":{"line":172,"column":101}},"45":{"start":{"line":173,"column":6},"end":{"line":175,"column":7}},"46":{"start":{"line":174,"column":8},"end":{"line":174,"column":18}},"47":{"start":{"line":177,"column":19},"end":{"line":177,"column":76}},"48":{"start":{"line":178,"column":6},"end":{"line":178,"column":45}},"49":{"start":{"line":180,"column":6},"end":{"line":180,"column":58}},"50":{"start":{"line":181,"column":6},"end":{"line":181,"column":16}},"51":{"start":{"line":189,"column":4},"end":{"line":205,"column":5}},"52":{"start":{"line":190,"column":21},"end":{"line":190,"column":44}},"53":{"start":{"line":191,"column":27},"end":{"line":191,"column":95}},"54":{"start":{"line":193,"column":23},"end":{"line":194,"column":null}},"55":{"start":{"line":196,"column":6},"end":{"line":198,"column":7}},"56":{"start":{"line":197,"column":8},"end":{"line":197,"column":20}},"57":{"start":{"line":200,"column":19},"end":{"line":200,"column":73}},"58":{"start":{"line":201,"column":6},"end":{"line":201,"column":46}},"59":{"start":{"line":203,"column":6},"end":{"line":203,"column":57}},"60":{"start":{"line":204,"column":6},"end":{"line":204,"column":18}},"61":{"start":{"line":212,"column":4},"end":{"line":228,"column":5}},"62":{"start":{"line":213,"column":21},"end":{"line":213,"column":44}},"63":{"start":{"line":214,"column":27},"end":{"line":214,"column":95}},"64":{"start":{"line":216,"column":23},"end":{"line":217,"column":null}},"65":{"start":{"line":219,"column":6},"end":{"line":221,"column":7}},"66":{"start":{"line":220,"column":8},"end":{"line":220,"column":18}},"67":{"start":{"line":223,"column":19},"end":{"line":223,"column":75}},"68":{"start":{"line":224,"column":6},"end":{"line":224,"column":44}},"69":{"start":{"line":226,"column":6},"end":{"line":226,"column":68}},"70":{"start":{"line":227,"column":6},"end":{"line":227,"column":16}},"71":{"start":{"line":235,"column":4},"end":{"line":251,"column":5}},"72":{"start":{"line":236,"column":21},"end":{"line":236,"column":44}},"73":{"start":{"line":237,"column":27},"end":{"line":237,"column":95}},"74":{"start":{"line":239,"column":23},"end":{"line":240,"column":null}},"75":{"start":{"line":242,"column":6},"end":{"line":244,"column":7}},"76":{"start":{"line":243,"column":8},"end":{"line":243,"column":18}},"77":{"start":{"line":246,"column":19},"end":{"line":246,"column":62}},"78":{"start":{"line":247,"column":6},"end":{"line":247,"column":30}},"79":{"start":{"line":249,"column":6},"end":{"line":249,"column":54}},"80":{"start":{"line":250,"column":6},"end":{"line":250,"column":16}},"81":{"start":{"line":258,"column":4},"end":{"line":272,"column":5}},"82":{"start":{"line":259,"column":21},"end":{"line":259,"column":44}},"83":{"start":{"line":260,"column":27},"end":{"line":260,"column":95}},"84":{"start":{"line":262,"column":23},"end":{"line":262,"column":81}},"85":{"start":{"line":263,"column":6},"end":{"line":265,"column":7}},"86":{"start":{"line":264,"column":8},"end":{"line":264,"column":20}},"87":{"start":{"line":267,"column":19},"end":{"line":267,"column":58}},"88":{"start":{"line":268,"column":6},"end":{"line":268,"column":31}},"89":{"start":{"line":270,"column":6},"end":{"line":270,"column":51}},"90":{"start":{"line":271,"column":6},"end":{"line":271,"column":18}},"91":{"start":{"line":279,"column":23},"end":{"line":279,"column":60}},"92":{"start":{"line":280,"column":22},"end":{"line":280,"column":82}},"93":{"start":{"line":281,"column":4},"end":{"line":281,"column":48}},"94":{"start":{"line":12,"column":0},"end":{"line":12,"column":13}}},"fnMap":{"0":{"name":"(anonymous_0)","decl":{"start":{"line":13,"column":2},"end":{"line":13,"column":22}},"loc":{"start":{"line":13,"column":40},"end":{"line":13,"column":44}}},"1":{"name":"(anonymous_1)","decl":{"start":{"line":18,"column":2},"end":{"line":18,"column":7}},"loc":{"start":{"line":21,"column":24},"end":{"line":35,"column":3}}},"2":{"name":"(anonymous_2)","decl":{"start":{"line":40,"column":2},"end":{"line":40,"column":7}},"loc":{"start":{"line":43,"column":24},"end":{"line":57,"column":3}}},"3":{"name":"(anonymous_3)","decl":{"start":{"line":62,"column":2},"end":{"line":62,"column":7}},"loc":{"start":{"line":65,"column":24},"end":{"line":80,"column":3}}},"4":{"name":"(anonymous_4)","decl":{"start":{"line":85,"column":2},"end":{"line":85,"column":7}},"loc":{"start":{"line":88,"column":24},"end":{"line":100,"column":3}}},"5":{"name":"(anonymous_5)","decl":{"start":{"line":105,"column":2},"end":{"line":105,"column":7}},"loc":{"start":{"line":107,"column":24},"end":{"line":120,"column":3}}},"6":{"name":"(anonymous_6)","decl":{"start":{"line":110,"column":37},"end":{"line":110,"column":47}},"loc":{"start":{"line":110,"column":52},"end":{"line":116,"column":6}}},"7":{"name":"(anonymous_7)","decl":{"start":{"line":125,"column":2},"end":{"line":125,"column":7}},"loc":{"start":{"line":125,"column":21},"end":{"line":141,"column":3}}},"8":{"name":"(anonymous_8)","decl":{"start":{"line":146,"column":2},"end":{"line":146,"column":7}},"loc":{"start":{"line":146,"column":45},"end":{"line":162,"column":3}}},"9":{"name":"(anonymous_9)","decl":{"start":{"line":167,"column":2},"end":{"line":167,"column":7}},"loc":{"start":{"line":167,"column":40},"end":{"line":183,"column":3}}},"10":{"name":"(anonymous_10)","decl":{"start":{"line":188,"column":2},"end":{"line":188,"column":7}},"loc":{"start":{"line":188,"column":65},"end":{"line":206,"column":3}}},"11":{"name":"(anonymous_11)","decl":{"start":{"line":211,"column":2},"end":{"line":211,"column":7}},"loc":{"start":{"line":211,"column":49},"end":{"line":229,"column":3}}},"12":{"name":"(anonymous_12)","decl":{"start":{"line":234,"column":2},"end":{"line":234,"column":7}},"loc":{"start":{"line":234,"column":36},"end":{"line":252,"column":3}}},"13":{"name":"(anonymous_13)","decl":{"start":{"line":257,"column":2},"end":{"line":257,"column":7}},"loc":{"start":{"line":257,"column":15},"end":{"line":273,"column":3}}},"14":{"name":"(anonymous_14)","decl":{"start":{"line":278,"column":2},"end":{"line":278,"column":14}},"loc":{"start":{"line":278,"column":88},"end":{"line":282,"column":3}}}},"branchMap":{"0":{"loc":{"start":{"line":23,"column":18},"end":{"line":23,"column":41}},"type":"binary-expr","locations":[{"start":{"line":23,"column":18},"end":{"line":23,"column":30}},{"start":{"line":23,"column":34},"end":{"line":23,"column":41}}]},"1":{"loc":{"start":{"line":45,"column":18},"end":{"line":45,"column":41}},"type":"binary-expr","locations":[{"start":{"line":45,"column":18},"end":{"line":45,"column":30}},{"start":{"line":45,"column":34},"end":{"line":45,"column":41}}]},"2":{"loc":{"start":{"line":67,"column":18},"end":{"line":67,"column":41}},"type":"binary-expr","locations":[{"start":{"line":67,"column":18},"end":{"line":67,"column":30}},{"start":{"line":67,"column":34},"end":{"line":67,"column":41}}]},"3":{"loc":{"start":{"line":128,"column":27},"end":{"line":128,"column":95}},"type":"binary-expr","locations":[{"start":{"line":128,"column":27},"end":{"line":128,"column":46}},{"start":{"line":128,"column":50},"end":{"line":128,"column":95}}]},"4":{"loc":{"start":{"line":131,"column":6},"end":{"line":133,"column":7}},"type":"if","locations":[{"start":{"line":131,"column":6},"end":{"line":133,"column":7}}]},"5":{"loc":{"start":{"line":136,"column":13},"end":{"line":136,"column":34}},"type":"binary-expr","locations":[{"start":{"line":136,"column":13},"end":{"line":136,"column":28}},{"start":{"line":136,"column":32},"end":{"line":136,"column":34}}]},"6":{"loc":{"start":{"line":149,"column":27},"end":{"line":149,"column":95}},"type":"binary-expr","locations":[{"start":{"line":149,"column":27},"end":{"line":149,"column":46}},{"start":{"line":149,"column":50},"end":{"line":149,"column":95}}]},"7":{"loc":{"start":{"line":152,"column":6},"end":{"line":154,"column":7}},"type":"if","locations":[{"start":{"line":152,"column":6},"end":{"line":154,"column":7}}]},"8":{"loc":{"start":{"line":157,"column":13},"end":{"line":157,"column":35}},"type":"binary-expr","locations":[{"start":{"line":157,"column":13},"end":{"line":157,"column":27}},{"start":{"line":157,"column":31},"end":{"line":157,"column":35}}]},"9":{"loc":{"start":{"line":170,"column":27},"end":{"line":170,"column":95}},"type":"binary-expr","locations":[{"start":{"line":170,"column":27},"end":{"line":170,"column":46}},{"start":{"line":170,"column":50},"end":{"line":170,"column":95}}]},"10":{"loc":{"start":{"line":173,"column":6},"end":{"line":175,"column":7}},"type":"if","locations":[{"start":{"line":173,"column":6},"end":{"line":175,"column":7}}]},"11":{"loc":{"start":{"line":178,"column":13},"end":{"line":178,"column":44}},"type":"binary-expr","locations":[{"start":{"line":178,"column":13},"end":{"line":178,"column":38}},{"start":{"line":178,"column":42},"end":{"line":178,"column":44}}]},"12":{"loc":{"start":{"line":191,"column":27},"end":{"line":191,"column":95}},"type":"binary-expr","locations":[{"start":{"line":191,"column":27},"end":{"line":191,"column":46}},{"start":{"line":191,"column":50},"end":{"line":191,"column":95}}]},"13":{"loc":{"start":{"line":196,"column":6},"end":{"line":198,"column":7}},"type":"if","locations":[{"start":{"line":196,"column":6},"end":{"line":198,"column":7}}]},"14":{"loc":{"start":{"line":201,"column":13},"end":{"line":201,"column":45}},"type":"binary-expr","locations":[{"start":{"line":201,"column":13},"end":{"line":201,"column":37}},{"start":{"line":201,"column":41},"end":{"line":201,"column":45}}]},"15":{"loc":{"start":{"line":214,"column":27},"end":{"line":214,"column":95}},"type":"binary-expr","locations":[{"start":{"line":214,"column":27},"end":{"line":214,"column":46}},{"start":{"line":214,"column":50},"end":{"line":214,"column":95}}]},"16":{"loc":{"start":{"line":219,"column":6},"end":{"line":221,"column":7}},"type":"if","locations":[{"start":{"line":219,"column":6},"end":{"line":221,"column":7}}]},"17":{"loc":{"start":{"line":224,"column":13},"end":{"line":224,"column":43}},"type":"binary-expr","locations":[{"start":{"line":224,"column":13},"end":{"line":224,"column":37}},{"start":{"line":224,"column":41},"end":{"line":224,"column":43}}]},"18":{"loc":{"start":{"line":237,"column":27},"end":{"line":237,"column":95}},"type":"binary-expr","locations":[{"start":{"line":237,"column":27},"end":{"line":237,"column":46}},{"start":{"line":237,"column":50},"end":{"line":237,"column":95}}]},"19":{"loc":{"start":{"line":242,"column":6},"end":{"line":244,"column":7}},"type":"if","locations":[{"start":{"line":242,"column":6},"end":{"line":244,"column":7}}]},"20":{"loc":{"start":{"line":247,"column":13},"end":{"line":247,"column":29}},"type":"binary-expr","locations":[{"start":{"line":247,"column":13},"end":{"line":247,"column":23}},{"start":{"line":247,"column":27},"end":{"line":247,"column":29}}]},"21":{"loc":{"start":{"line":260,"column":27},"end":{"line":260,"column":95}},"type":"binary-expr","locations":[{"start":{"line":260,"column":27},"end":{"line":260,"column":46}},{"start":{"line":260,"column":50},"end":{"line":260,"column":95}}]},"22":{"loc":{"start":{"line":263,"column":6},"end":{"line":265,"column":7}},"type":"if","locations":[{"start":{"line":263,"column":6},"end":{"line":265,"column":7}}]},"23":{"loc":{"start":{"line":268,"column":13},"end":{"line":268,"column":30}},"type":"binary-expr","locations":[{"start":{"line":268,"column":13},"end":{"line":268,"column":22}},{"start":{"line":268,"column":26},"end":{"line":268,"column":30}}]}},"s":{"0":9,"1":0,"2":0,"3":0,"4":0,"5":0,"6":0,"7":0,"8":0,"9":0,"10":0,"11":0,"12":0,"13":0,"14":0,"15":0,"16":0,"17":0,"18":0,"19":0,"20":0,"21":0,"22":0,"23":0,"24":0,"25":0,"26":0,"27":0,"28":0,"29":0,"30":0,"31":0,"32":0,"33":0,"34":0,"35":0,"36":0,"37":0,"38":0,"39":0,"40":0,"41":0,"42":0,"43":0,"44":0,"45":0,"46":0,"47":0,"48":0,"49":0,"50":0,"51":0,"52":0,"53":0,"54":0,"55":0,"56":0,"57":0,"58":0,"59":0,"60":0,"61":0,"62":0,"63":0,"64":0,"65":0,"66":0,"67":0,"68":0,"69":0,"70":0,"71":0,"72":0,"73":0,"74":0,"75":0,"76":0,"77":0,"78":0,"79":0,"80":0,"81":0,"82":0,"83":0,"84":0,"85":0,"86":0,"87":0,"88":0,"89":0,"90":0,"91":0,"92":0,"93":0,"94":1},"f":{"0":9,"1":0,"2":0,"3":0,"4":0,"5":0,"6":0,"7":0,"8":0,"9":0,"10":0,"11":0,"12":0,"13":0,"14":0},"b":{"0":[0,0],"1":[0,0],"2":[0,0],"3":[0,0],"4":[0],"5":[0,0],"6":[0,0],"7":[0],"8":[0,0],"9":[0,0],"10":[0],"11":[0,0],"12":[0,0],"13":[0],"14":[0,0],"15":[0,0],"16":[0],"17":[0,0],"18":[0,0],"19":[0],"20":[0,0],"21":[0,0],"22":[0],"23":[0,0]}}
}
