TN:
SF:src/client.ts
FN:22,(anonymous_0)
FN:39,(anonymous_1)
FN:47,(anonymous_2)
FN:67,(anonymous_3)
FN:77,(anonymous_4)
FN:87,(anonymous_5)
FN:97,(anonymous_6)
FN:104,(anonymous_7)
FN:111,(anonymous_8)
FN:118,(anonymous_9)
FN:133,(anonymous_10)
FN:140,(anonymous_11)
FNF:12
FNH:7
FNDA:9,(anonymous_0)
FNDA:0,(anonymous_1)
FNDA:0,(anonymous_2)
FNDA:1,(anonymous_3)
FNDA:1,(anonymous_4)
FNDA:1,(anonymous_5)
FNDA:3,(anonymous_6)
FNDA:0,(anonymous_7)
FNDA:0,(anonymous_8)
FNDA:0,(anonymous_9)
FNDA:1,(anonymous_10)
FNDA:1,(anonymous_11)
DA:1,1
DA:2,1
DA:5,1
DA:6,1
DA:7,1
DA:8,1
DA:9,1
DA:11,1
DA:13,9
DA:14,9
DA:15,9
DA:23,9
DA:30,9
DA:31,9
DA:32,9
DA:33,9
DA:40,0
DA:41,0
DA:48,0
DA:49,0
DA:57,0
DA:68,1
DA:69,1
DA:71,0
DA:78,1
DA:79,1
DA:81,0
DA:88,1
DA:89,1
DA:91,0
DA:98,3
DA:105,0
DA:112,0
DA:119,0
DA:120,0
DA:121,0
DA:123,0
DA:124,0
DA:125,0
DA:127,0
DA:134,1
DA:141,1
LF:42
LH:25
BRDA:53,0,0,0
BRDA:53,0,1,0
BRDA:68,1,0,1
BRDA:78,2,0,1
BRDA:88,3,0,1
BRDA:119,4,0,0
BRDA:123,5,0,0
BRDA:134,6,0,1
BRDA:134,6,1,1
BRF:9
BRH:5
end_of_record
TN:
SF:src/tx.ts
FN:10,(anonymous_0)
FN:23,(anonymous_1)
FN:44,(anonymous_2)
FN:71,(anonymous_3)
FN:81,(anonymous_4)
FN:89,(anonymous_5)
FN:97,(anonymous_6)
FNF:7
FNH:0
FNDA:0,(anonymous_0)
FNDA:0,(anonymous_1)
FNDA:0,(anonymous_2)
FNDA:0,(anonymous_3)
FNDA:0,(anonymous_4)
FNDA:0,(anonymous_5)
FNDA:0,(anonymous_6)
DA:5,1
DA:15,0
DA:16,0
DA:17,0
DA:28,0
DA:29,0
DA:31,0
DA:38,0
DA:49,0
DA:51,0
DA:52,0
DA:59,0
DA:60,0
DA:62,0
DA:75,0
DA:82,0
DA:83,0
DA:90,0
DA:91,0
DA:98,0
LF:20
LH:1
BRDA:12,0,0,0
BRDA:13,1,0,0
BRDA:29,2,0,0
BRDA:29,2,1,0
BRDA:49,3,0,0
BRDA:49,3,1,0
BRDA:51,4,0,0
BRDA:83,5,0,0
BRDA:83,5,1,0
BRF:9
BRH:0
end_of_record
TN:
SF:src/wallet.ts
FN:10,(anonymous_9)
FN:17,(anonymous_10)
FN:24,(anonymous_11)
FN:31,(anonymous_12)
FN:46,(anonymous_13)
FN:52,(anonymous_14)
FN:62,(anonymous_15)
FN:73,(anonymous_16)
FN:83,(anonymous_17)
FNF:9
FNH:9
FNDA:9,(anonymous_9)
FNDA:8,(anonymous_10)
FNDA:11,(anonymous_11)
FNDA:7,(anonymous_12)
FNDA:3,(anonymous_13)
FNDA:2,(anonymous_14)
FNDA:1,(anonymous_15)
FNDA:2,(anonymous_16)
FNDA:1,(anonymous_17)
DA:1,1
DA:2,1
DA:3,1
DA:6,1
DA:7,9
DA:11,9
DA:18,8
DA:25,11
DA:32,7
DA:33,1
DA:36,6
DA:40,6
DA:47,3
DA:48,1
DA:51,2
DA:52,2
DA:63,1
DA:64,1
DA:65,0
DA:67,1
DA:74,2
DA:75,1
DA:77,1
DA:84,1
DA:85,0
DA:87,1
LF:26
LH:24
BRDA:10,0,0,0
BRDA:32,1,0,1
BRDA:36,2,0,1
BRDA:36,2,1,5
BRDA:47,3,0,1
BRDA:64,4,0,0
BRDA:74,5,0,1
BRDA:84,6,0,0
BRF:8
BRH:5
end_of_record
TN:
SF:src/modules/bank.ts
FN:6,(anonymous_0)
FN:11,(anonymous_1)
FN:19,(anonymous_2)
FN:27,(anonymous_3)
FN:52,(anonymous_4)
FN:57,(anonymous_5)
FN:67,(anonymous_6)
FN:80,(anonymous_7)
FN:101,(anonymous_8)
FN:112,(anonymous_9)
FN:122,(anonymous_10)
FN:131,(anonymous_11)
FNF:12
FNH:2
FNDA:11,(anonymous_0)
FNDA:0,(anonymous_1)
FNDA:0,(anonymous_2)
FNDA:0,(anonymous_3)
FNDA:0,(anonymous_4)
FNDA:0,(anonymous_5)
FNDA:0,(anonymous_6)
FNDA:0,(anonymous_7)
FNDA:0,(anonymous_8)
FNDA:0,(anonymous_9)
FNDA:0,(anonymous_10)
FNDA:2,(anonymous_11)
DA:5,2
DA:6,11
DA:12,0
DA:13,0
DA:20,0
DA:21,0
DA:32,0
DA:33,0
DA:42,0
DA:43,0
DA:57,0
DA:62,0
DA:67,0
DA:73,0
DA:74,0
DA:81,0
DA:82,0
DA:83,0
DA:85,0
DA:86,0
DA:87,0
DA:90,0
DA:91,0
DA:93,0
DA:94,0
DA:102,0
DA:103,0
DA:104,0
DA:106,0
DA:107,0
DA:108,0
DA:111,0
DA:112,0
DA:114,0
DA:115,0
DA:125,0
DA:132,2
DA:133,2
LF:38
LH:4
BRDA:32,0,0,0
BRDA:32,0,1,0
BRDA:59,1,0,0
BRDA:59,1,1,0
BRDA:83,2,0,0
BRDA:83,2,1,0
BRDA:86,3,0,0
BRDA:91,4,0,0
BRDA:91,4,1,0
BRDA:104,5,0,0
BRDA:104,5,1,0
BRDA:107,6,0,0
BRDA:112,7,0,0
BRDA:112,7,1,0
BRDA:131,8,0,1
BRF:15
BRH:1
end_of_record
TN:
SF:src/modules/dex.ts
FN:13,(anonymous_0)
FN:18,(anonymous_1)
FN:41,(anonymous_2)
FN:64,(anonymous_3)
FN:87,(anonymous_4)
FN:111,(anonymous_5)
FN:132,(anonymous_6)
FN:153,(anonymous_7)
FN:155,(anonymous_8)
FN:164,(anonymous_9)
FN:188,(anonymous_10)
FN:203,(anonymous_11)
FNF:12
FNH:4
FNDA:16,(anonymous_0)
FNDA:0,(anonymous_1)
FNDA:0,(anonymous_2)
FNDA:0,(anonymous_3)
FNDA:0,(anonymous_4)
FNDA:0,(anonymous_5)
FNDA:0,(anonymous_6)
FNDA:0,(anonymous_7)
FNDA:0,(anonymous_8)
FNDA:6,(anonymous_9)
FNDA:3,(anonymous_10)
FNDA:2,(anonymous_11)
DA:12,2
DA:13,16
DA:23,0
DA:34,0
DA:35,0
DA:46,0
DA:57,0
DA:58,0
DA:69,0
DA:80,0
DA:81,0
DA:92,0
DA:104,0
DA:105,0
DA:112,0
DA:113,0
DA:114,0
DA:116,0
DA:117,0
DA:118,0
DA:121,0
DA:122,0
DA:124,0
DA:125,0
DA:133,0
DA:134,0
DA:135,0
DA:137,0
DA:138,0
DA:139,0
DA:142,0
DA:143,0
DA:145,0
DA:146,0
DA:154,0
DA:155,0
DA:156,0
DA:170,6
DA:171,6
DA:172,6
DA:173,6
DA:176,6
DA:179,6
DA:180,6
DA:182,6
DA:193,3
DA:194,3
DA:195,3
DA:197,3
DA:210,2
DA:212,1
DA:213,1
DA:214,1
DA:217,1
DA:218,1
DA:219,1
DA:221,1
LF:57
LH:22
BRDA:100,0,0,0
BRDA:100,0,1,0
BRDA:114,1,0,0
BRDA:114,1,1,0
BRDA:117,2,0,0
BRDA:122,3,0,0
BRDA:122,3,1,0
BRDA:135,4,0,0
BRDA:135,4,1,0
BRDA:138,5,0,0
BRDA:143,6,0,0
BRDA:143,6,1,0
BRDA:155,7,0,0
BRDA:155,7,1,0
BRDA:156,8,0,0
BRDA:156,8,1,0
BRDA:156,8,2,0
BRDA:156,8,3,0
BRDA:168,9,0,2
BRDA:210,10,0,1
BRF:20
BRH:2
end_of_record
TN:
SF:src/modules/governance.ts
FN:12,(anonymous_0)
FN:17,(anonymous_1)
FN:47,(anonymous_2)
FN:69,(anonymous_3)
FN:91,(anonymous_4)
FN:113,(anonymous_5)
FN:134,(anonymous_6)
FN:155,(anonymous_7)
FN:178,(anonymous_8)
FN:199,(anonymous_9)
FN:220,(anonymous_10)
FN:241,(anonymous_11)
FN:259,(anonymous_12)
FNF:13
FNH:2
FNDA:10,(anonymous_0)
FNDA:0,(anonymous_1)
FNDA:0,(anonymous_2)
FNDA:0,(anonymous_3)
FNDA:0,(anonymous_4)
FNDA:0,(anonymous_5)
FNDA:0,(anonymous_6)
FNDA:0,(anonymous_7)
FNDA:0,(anonymous_8)
FNDA:0,(anonymous_9)
FNDA:0,(anonymous_10)
FNDA:0,(anonymous_11)
FNDA:5,(anonymous_12)
DA:2,2
DA:11,2
DA:12,10
DA:25,0
DA:40,0
DA:41,0
DA:52,0
DA:62,0
DA:63,0
DA:74,0
DA:75,0
DA:84,0
DA:85,0
DA:92,0
DA:93,0
DA:94,0
DA:96,0
DA:97,0
DA:98,0
DA:99,0
DA:102,0
DA:103,0
DA:105,0
DA:106,0
DA:114,0
DA:115,0
DA:116,0
DA:118,0
DA:119,0
DA:120,0
DA:123,0
DA:124,0
DA:126,0
DA:127,0
DA:135,0
DA:136,0
DA:137,0
DA:139,0
DA:140,0
DA:141,0
DA:144,0
DA:145,0
DA:147,0
DA:148,0
DA:156,0
DA:157,0
DA:158,0
DA:160,0
DA:163,0
DA:164,0
DA:167,0
DA:168,0
DA:170,0
DA:171,0
DA:179,0
DA:180,0
DA:181,0
DA:183,0
DA:184,0
DA:185,0
DA:188,0
DA:189,0
DA:191,0
DA:192,0
DA:200,0
DA:201,0
DA:202,0
DA:204,0
DA:205,0
DA:206,0
DA:209,0
DA:210,0
DA:212,0
DA:213,0
DA:221,0
DA:222,0
DA:223,0
DA:225,0
DA:226,0
DA:227,0
DA:230,0
DA:231,0
DA:233,0
DA:234,0
DA:242,0
DA:243,0
DA:245,0
DA:246,0
DA:249,0
DA:250,0
DA:253,0
DA:260,5
DA:262,1
DA:264,1
DA:266,1
DA:268,1
DA:270,1
LF:97
LH:9
BRDA:22,0,0,0
BRDA:58,1,0,0
BRDA:58,1,1,0
BRDA:74,2,0,0
BRDA:74,2,1,0
BRDA:94,3,0,0
BRDA:94,3,1,0
BRDA:96,4,0,0
BRDA:96,4,1,0
BRDA:98,5,0,0
BRDA:103,6,0,0
BRDA:103,6,1,0
BRDA:116,7,0,0
BRDA:116,7,1,0
BRDA:119,8,0,0
BRDA:124,9,0,0
BRDA:124,9,1,0
BRDA:137,10,0,0
BRDA:137,10,1,0
BRDA:140,11,0,0
BRDA:145,12,0,0
BRDA:145,12,1,0
BRDA:158,13,0,0
BRDA:158,13,1,0
BRDA:163,14,0,0
BRDA:168,15,0,0
BRDA:168,15,1,0
BRDA:181,16,0,0
BRDA:181,16,1,0
BRDA:184,17,0,0
BRDA:189,18,0,0
BRDA:189,18,1,0
BRDA:202,19,0,0
BRDA:202,19,1,0
BRDA:205,20,0,0
BRDA:210,21,0,0
BRDA:210,21,1,0
BRDA:223,22,0,0
BRDA:223,22,1,0
BRDA:226,23,0,0
BRDA:231,24,0,0
BRDA:231,24,1,0
BRDA:245,25,0,0
BRDA:245,26,0,0
BRDA:245,26,1,0
BRDA:260,27,0,1
BRDA:260,27,1,1
BRDA:260,27,2,1
BRDA:260,27,3,1
BRDA:260,27,4,1
BRF:50
BRH:5
end_of_record
TN:
SF:src/modules/staking.ts
FN:13,(anonymous_0)
FN:18,(anonymous_1)
FN:40,(anonymous_2)
FN:62,(anonymous_3)
FN:85,(anonymous_4)
FN:105,(anonymous_5)
FN:110,(anonymous_6)
FN:125,(anonymous_7)
FN:146,(anonymous_8)
FN:167,(anonymous_9)
FN:188,(anonymous_10)
FN:211,(anonymous_11)
FN:234,(anonymous_12)
FN:257,(anonymous_13)
FN:278,(anonymous_14)
FNF:15
FNH:1
FNDA:9,(anonymous_0)
FNDA:0,(anonymous_1)
FNDA:0,(anonymous_2)
FNDA:0,(anonymous_3)
FNDA:0,(anonymous_4)
FNDA:0,(anonymous_5)
FNDA:0,(anonymous_6)
FNDA:0,(anonymous_7)
FNDA:0,(anonymous_8)
FNDA:0,(anonymous_9)
FNDA:0,(anonymous_10)
FNDA:0,(anonymous_11)
FNDA:0,(anonymous_12)
FNDA:0,(anonymous_13)
FNDA:0,(anonymous_14)
DA:12,1
DA:13,9
DA:23,0
DA:24,0
DA:33,0
DA:34,0
DA:45,0
DA:46,0
DA:55,0
DA:56,0
DA:67,0
DA:68,0
DA:78,0
DA:79,0
DA:90,0
DA:98,0
DA:99,0
DA:109,0
DA:110,0
DA:118,0
DA:119,0
DA:126,0
DA:127,0
DA:128,0
DA:130,0
DA:131,0
DA:132,0
DA:135,0
DA:136,0
DA:138,0
DA:139,0
DA:147,0
DA:148,0
DA:149,0
DA:151,0
DA:152,0
DA:153,0
DA:156,0
DA:157,0
DA:159,0
DA:160,0
DA:168,0
DA:169,0
DA:170,0
DA:172,0
DA:173,0
DA:174,0
DA:177,0
DA:178,0
DA:180,0
DA:181,0
DA:189,0
DA:190,0
DA:191,0
DA:193,0
DA:196,0
DA:197,0
DA:200,0
DA:201,0
DA:203,0
DA:204,0
DA:212,0
DA:213,0
DA:214,0
DA:216,0
DA:219,0
DA:220,0
DA:223,0
DA:224,0
DA:226,0
DA:227,0
DA:235,0
DA:236,0
DA:237,0
DA:239,0
DA:242,0
DA:243,0
DA:246,0
DA:247,0
DA:249,0
DA:250,0
DA:258,0
DA:259,0
DA:260,0
DA:262,0
DA:263,0
DA:264,0
DA:267,0
DA:268,0
DA:270,0
DA:271,0
DA:279,0
DA:280,0
DA:281,0
LF:94
LH:2
BRDA:23,0,0,0
BRDA:23,0,1,0
BRDA:45,1,0,0
BRDA:45,1,1,0
BRDA:67,2,0,0
BRDA:67,2,1,0
BRDA:128,3,0,0
BRDA:128,3,1,0
BRDA:131,4,0,0
BRDA:136,5,0,0
BRDA:136,5,1,0
BRDA:149,6,0,0
BRDA:149,6,1,0
BRDA:152,7,0,0
BRDA:157,8,0,0
BRDA:157,8,1,0
BRDA:170,9,0,0
BRDA:170,9,1,0
BRDA:173,10,0,0
BRDA:178,11,0,0
BRDA:178,11,1,0
BRDA:191,12,0,0
BRDA:191,12,1,0
BRDA:196,13,0,0
BRDA:201,14,0,0
BRDA:201,14,1,0
BRDA:214,15,0,0
BRDA:214,15,1,0
BRDA:219,16,0,0
BRDA:224,17,0,0
BRDA:224,17,1,0
BRDA:237,18,0,0
BRDA:237,18,1,0
BRDA:242,19,0,0
BRDA:247,20,0,0
BRDA:247,20,1,0
BRDA:260,21,0,0
BRDA:260,21,1,0
BRDA:263,22,0,0
BRDA:268,23,0,0
BRDA:268,23,1,0
BRF:41
BRH:0
end_of_record
