<?xml version="1.0" encoding="UTF-8"?>
<coverage generated="1763671436932" clover="3.2.0">
  <project timestamp="1763671436933" name="All files">
    <metrics statements="745" coveredstatements="223" conditionals="415" coveredconditionals="141" methods="216" coveredmethods="71" elements="1376" coveredelements="435" complexity="0" loc="745" ncloc="745" packages="3" files="8" classes="8"/>
    <package name="validator">
      <metrics statements="224" coveredstatements="0" conditionals="73" coveredconditionals="0" methods="64" coveredmethods="0"/>
      <file name="app.js" path="C:\Users\decri\GitClones\aura\dashboards\validator\app.js">
        <metrics statements="222" coveredstatements="0" conditionals="69" coveredconditionals="0" methods="64" coveredmethods="0"/>
        <line num="5" count="0" type="stmt"/>
        <line num="6" count="0" type="stmt"/>
        <line num="7" count="0" type="stmt"/>
        <line num="8" count="0" type="stmt"/>
        <line num="10" count="0" type="stmt"/>
        <line num="14" count="0" type="stmt"/>
        <line num="15" count="0" type="stmt"/>
        <line num="16" count="0" type="stmt"/>
        <line num="19" count="0" type="cond" truecount="0" falsecount="2"/>
        <line num="20" count="0" type="stmt"/>
        <line num="24" count="0" type="stmt"/>
        <line num="29" count="0" type="stmt"/>
        <line num="30" count="0" type="stmt"/>
        <line num="31" count="0" type="stmt"/>
        <line num="32" count="0" type="stmt"/>
        <line num="33" count="0" type="stmt"/>
        <line num="38" count="0" type="stmt"/>
        <line num="39" count="0" type="stmt"/>
        <line num="40" count="0" type="stmt"/>
        <line num="44" count="0" type="stmt"/>
        <line num="45" count="0" type="stmt"/>
        <line num="46" count="0" type="stmt"/>
        <line num="50" count="0" type="stmt"/>
        <line num="51" count="0" type="stmt"/>
        <line num="52" count="0" type="stmt"/>
        <line num="53" count="0" type="stmt"/>
        <line num="54" count="0" type="stmt"/>
        <line num="59" count="0" type="stmt"/>
        <line num="60" count="0" type="stmt"/>
        <line num="61" count="0" type="stmt"/>
        <line num="65" count="0" type="stmt"/>
        <line num="66" count="0" type="stmt"/>
        <line num="69" count="0" type="stmt"/>
        <line num="70" count="0" type="stmt"/>
        <line num="73" count="0" type="stmt"/>
        <line num="74" count="0" type="stmt"/>
        <line num="78" count="0" type="stmt"/>
        <line num="79" count="0" type="stmt"/>
        <line num="82" count="0" type="stmt"/>
        <line num="83" count="0" type="stmt"/>
        <line num="89" count="0" type="stmt"/>
        <line num="90" count="0" type="stmt"/>
        <line num="92" count="0" type="stmt"/>
        <line num="95" count="0" type="stmt"/>
        <line num="96" count="0" type="stmt"/>
        <line num="98" count="0" type="stmt"/>
        <line num="102" count="0" type="stmt"/>
        <line num="103" count="0" type="cond" truecount="0" falsecount="2"/>
        <line num="107" count="0" type="stmt"/>
        <line num="111" count="0" type="stmt"/>
        <line num="112" count="0" type="stmt"/>
        <line num="114" count="0" type="stmt"/>
        <line num="115" count="0" type="stmt"/>
        <line num="116" count="0" type="stmt"/>
        <line num="117" count="0" type="cond" truecount="0" falsecount="2"/>
        <line num="118" count="0" type="stmt"/>
        <line num="123" count="0" type="cond" truecount="0" falsecount="2"/>
        <line num="125" count="0" type="stmt"/>
        <line num="126" count="0" type="stmt"/>
        <line num="128" count="0" type="stmt"/>
        <line num="132" count="0" type="cond" truecount="0" falsecount="2"/>
        <line num="134" count="0" type="stmt"/>
        <line num="136" count="0" type="stmt"/>
        <line num="137" count="0" type="stmt"/>
        <line num="140" count="0" type="stmt"/>
        <line num="141" count="0" type="stmt"/>
        <line num="144" count="0" type="stmt"/>
        <line num="145" count="0" type="stmt"/>
        <line num="148" count="0" type="stmt"/>
        <line num="149" count="0" type="stmt"/>
        <line num="152" count="0" type="stmt"/>
        <line num="153" count="0" type="stmt"/>
        <line num="156" count="0" type="stmt"/>
        <line num="157" count="0" type="stmt"/>
        <line num="160" count="0" type="stmt"/>
        <line num="161" count="0" type="stmt"/>
        <line num="164" count="0" type="stmt"/>
        <line num="165" count="0" type="stmt"/>
        <line num="171" count="0" type="cond" truecount="0" falsecount="2"/>
        <line num="172" count="0" type="stmt"/>
        <line num="173" count="0" type="stmt"/>
        <line num="174" count="0" type="stmt"/>
        <line num="175" count="0" type="cond" truecount="0" falsecount="2"/>
        <line num="176" count="0" type="stmt"/>
        <line num="179" count="0" type="stmt"/>
        <line num="180" count="0" type="stmt"/>
        <line num="181" count="0" type="stmt"/>
        <line num="185" count="0" type="stmt"/>
        <line num="186" count="0" type="stmt"/>
        <line num="187" count="0" type="stmt"/>
        <line num="192" count="0" type="stmt"/>
        <line num="193" count="0" type="stmt"/>
        <line num="194" count="0" type="stmt"/>
        <line num="197" count="0" type="stmt"/>
        <line num="198" count="0" type="stmt"/>
        <line num="199" count="0" type="stmt"/>
        <line num="202" count="0" type="stmt"/>
        <line num="203" count="0" type="stmt"/>
        <line num="207" count="0" type="stmt"/>
        <line num="208" count="0" type="cond" truecount="0" falsecount="2"/>
        <line num="209" count="0" type="stmt"/>
        <line num="212" count="0" type="stmt"/>
        <line num="213" count="0" type="stmt"/>
        <line num="214" count="0" type="stmt"/>
        <line num="218" count="0" type="stmt"/>
        <line num="219" count="0" type="stmt"/>
        <line num="220" count="0" type="stmt"/>
        <line num="223" count="0" type="stmt"/>
        <line num="224" count="0" type="stmt"/>
        <line num="228" count="0" type="cond" truecount="0" falsecount="2"/>
        <line num="229" count="0" type="cond" truecount="0" falsecount="2"/>
        <line num="231" count="0" type="stmt"/>
        <line num="232" count="0" type="stmt"/>
        <line num="235" count="0" type="stmt"/>
        <line num="236" count="0" type="stmt"/>
        <line num="240" count="0" type="stmt"/>
        <line num="242" count="0" type="cond" truecount="0" falsecount="2"/>
        <line num="243" count="0" type="stmt"/>
        <line num="249" count="0" type="stmt"/>
        <line num="252" count="0" type="stmt"/>
        <line num="268" count="0" type="cond" truecount="0" falsecount="4"/>
        <line num="269" count="0" type="stmt"/>
        <line num="272" count="0" type="stmt"/>
        <line num="276" count="0" type="stmt"/>
        <line num="288" count="0" type="cond" truecount="0" falsecount="4"/>
        <line num="289" count="0" type="stmt"/>
        <line num="292" count="0" type="stmt"/>
        <line num="304" count="0" type="cond" truecount="0" falsecount="4"/>
        <line num="305" count="0" type="stmt"/>
        <line num="308" count="0" type="stmt"/>
        <line num="310" count="0" type="stmt"/>
        <line num="321" count="0" type="stmt"/>
        <line num="322" count="0" type="cond" truecount="0" falsecount="4"/>
        <line num="324" count="0" type="stmt"/>
        <line num="328" count="0" type="stmt"/>
        <line num="339" count="0" type="stmt"/>
        <line num="340" count="0" type="stmt"/>
        <line num="344" count="0" type="stmt"/>
        <line num="345" count="0" type="stmt"/>
        <line num="346" count="0" type="stmt"/>
        <line num="347" count="0" type="stmt"/>
        <line num="351" count="0" type="stmt"/>
        <line num="352" count="0" type="stmt"/>
        <line num="354" count="0" type="cond" truecount="0" falsecount="2"/>
        <line num="355" count="0" type="stmt"/>
        <line num="356" count="0" type="stmt"/>
        <line num="359" count="0" type="cond" truecount="0" falsecount="2"/>
        <line num="360" count="0" type="stmt"/>
        <line num="361" count="0" type="stmt"/>
        <line num="365" count="0" type="cond" truecount="0" falsecount="2"/>
        <line num="366" count="0" type="stmt"/>
        <line num="367" count="0" type="stmt"/>
        <line num="371" count="0" type="stmt"/>
        <line num="372" count="0" type="stmt"/>
        <line num="374" count="0" type="stmt"/>
        <line num="375" count="0" type="stmt"/>
        <line num="376" count="0" type="stmt"/>
        <line num="377" count="0" type="stmt"/>
        <line num="378" count="0" type="stmt"/>
        <line num="379" count="0" type="stmt"/>
        <line num="381" count="0" type="stmt"/>
        <line num="386" count="0" type="stmt"/>
        <line num="388" count="0" type="cond" truecount="0" falsecount="5"/>
        <line num="389" count="0" type="stmt"/>
        <line num="390" count="0" type="stmt"/>
        <line num="393" count="0" type="stmt"/>
        <line num="394" count="0" type="stmt"/>
        <line num="395" count="0" type="stmt"/>
        <line num="396" count="0" type="stmt"/>
        <line num="398" count="0" type="stmt"/>
        <line num="403" count="0" type="stmt"/>
        <line num="404" count="0" type="stmt"/>
        <line num="405" count="0" type="stmt"/>
        <line num="407" count="0" type="stmt"/>
        <line num="408" count="0" type="stmt"/>
        <line num="413" count="0" type="stmt"/>
        <line num="414" count="0" type="stmt"/>
        <line num="416" count="0" type="stmt"/>
        <line num="421" count="0" type="stmt"/>
        <line num="428" count="0" type="stmt"/>
        <line num="429" count="0" type="stmt"/>
        <line num="433" count="0" type="stmt"/>
        <line num="434" count="0" type="stmt"/>
        <line num="435" count="0" type="stmt"/>
        <line num="436" count="0" type="cond" truecount="0" falsecount="2"/>
        <line num="437" count="0" type="stmt"/>
        <line num="439" count="0" type="stmt"/>
        <line num="446" count="0" type="stmt"/>
        <line num="450" count="0" type="stmt"/>
        <line num="452" count="0" type="stmt"/>
        <line num="453" count="0" type="stmt"/>
        <line num="456" count="0" type="stmt"/>
        <line num="457" count="0" type="stmt"/>
        <line num="460" count="0" type="stmt"/>
        <line num="461" count="0" type="cond" truecount="0" falsecount="2"/>
        <line num="462" count="0" type="stmt"/>
        <line num="466" count="0" type="stmt"/>
        <line num="467" count="0" type="stmt"/>
        <line num="470" count="0" type="stmt"/>
        <line num="474" count="0" type="stmt"/>
        <line num="475" count="0" type="stmt"/>
        <line num="477" count="0" type="stmt"/>
        <line num="483" count="0" type="stmt"/>
        <line num="488" count="0" type="cond" truecount="0" falsecount="2"/>
        <line num="489" count="0" type="stmt"/>
        <line num="491" count="0" type="cond" truecount="0" falsecount="2"/>
        <line num="492" count="0" type="stmt"/>
        <line num="499" count="0" type="stmt"/>
        <line num="504" count="0" type="stmt"/>
        <line num="505" count="0" type="cond" truecount="0" falsecount="2"/>
        <line num="506" count="0" type="stmt"/>
        <line num="512" count="0" type="cond" truecount="0" falsecount="2"/>
        <line num="513" count="0" type="stmt"/>
        <line num="514" count="0" type="cond" truecount="0" falsecount="2"/>
        <line num="515" count="0" type="stmt"/>
        <line num="516" count="0" type="cond" truecount="0" falsecount="2"/>
        <line num="517" count="0" type="stmt"/>
        <line num="519" count="0" type="stmt"/>
        <line num="524" count="0" type="stmt"/>
        <line num="529" count="0" type="stmt"/>
        <line num="534" count="0" type="stmt"/>
        <line num="535" count="0" type="stmt"/>
      </file>
      <file name="playwright.config.js" path="C:\Users\decri\GitClones\aura\dashboards\validator\playwright.config.js">
        <metrics statements="2" coveredstatements="0" conditionals="4" coveredconditionals="0" methods="0" coveredmethods="0"/>
        <line num="3" count="0" type="stmt"/>
        <line num="5" count="0" type="stmt"/>
      </file>
    </package>
    <package name="validator.components">
      <metrics statements="235" coveredstatements="154" conditionals="237" coveredconditionals="122" methods="73" coveredmethods="55"/>
      <file name="DelegationList.js" path="C:\Users\decri\GitClones\aura\dashboards\validator\components\DelegationList.js">
        <metrics statements="56" coveredstatements="43" conditionals="59" coveredconditionals="27" methods="19" coveredmethods="18"/>
        <line num="5" count="6" type="cond" truecount="1" falsecount="1"/>
        <line num="6" count="6" type="stmt"/>
        <line num="7" count="6" type="stmt"/>
        <line num="8" count="6" type="stmt"/>
        <line num="12" count="2" type="cond" truecount="2" falsecount="0"/>
        <line num="13" count="1" type="stmt"/>
        <line num="16" count="1" type="stmt"/>
        <line num="18" count="1" type="stmt"/>
        <line num="56" count="2" type="stmt"/>
        <line num="266" count="2" type="stmt"/>
        <line num="293" count="1" type="stmt"/>
        <line num="303" count="1" type="stmt"/>
        <line num="304" count="1" type="stmt"/>
        <line num="306" count="1" type="cond" truecount="1" falsecount="1"/>
        <line num="308" count="0" type="stmt"/>
        <line num="322" count="3" type="stmt"/>
        <line num="325" count="3" type="cond" truecount="2" falsecount="3"/>
        <line num="327" count="2" type="cond" truecount="1" falsecount="1"/>
        <line num="328" count="2" type="cond" truecount="1" falsecount="1"/>
        <line num="329" count="2" type="stmt"/>
        <line num="331" count="0" type="cond" truecount="0" falsecount="2"/>
        <line num="332" count="0" type="cond" truecount="0" falsecount="2"/>
        <line num="333" count="0" type="stmt"/>
        <line num="335" count="1" type="cond" truecount="1" falsecount="1"/>
        <line num="336" count="1" type="cond" truecount="1" falsecount="1"/>
        <line num="337" count="1" type="stmt"/>
        <line num="339" count="0" type="stmt"/>
        <line num="340" count="0" type="stmt"/>
        <line num="341" count="0" type="stmt"/>
        <line num="343" count="0" type="stmt"/>
        <line num="346" count="3" type="cond" truecount="1" falsecount="1"/>
        <line num="347" count="0" type="cond" truecount="0" falsecount="2"/>
        <line num="349" count="3" type="cond" truecount="2" falsecount="0"/>
        <line num="355" count="2" type="cond" truecount="3" falsecount="1"/>
        <line num="356" count="2" type="stmt"/>
        <line num="361" count="2" type="cond" truecount="2" falsecount="0"/>
        <line num="365" count="7" type="cond" truecount="1" falsecount="1"/>
        <line num="366" count="7" type="stmt"/>
        <line num="367" count="7" type="stmt"/>
        <line num="371" count="4" type="cond" truecount="1" falsecount="1"/>
        <line num="372" count="2" type="stmt"/>
        <line num="376" count="1" type="cond" truecount="1" falsecount="1"/>
        <line num="377" count="2" type="cond" truecount="1" falsecount="1"/>
        <line num="378" count="1" type="stmt"/>
        <line num="379" count="1" type="stmt"/>
        <line num="383" count="2" type="cond" truecount="1" falsecount="1"/>
        <line num="384" count="2" type="stmt"/>
        <line num="385" count="2" type="stmt"/>
        <line num="393" count="1" type="stmt"/>
        <line num="394" count="2" type="stmt"/>
        <line num="399" count="0" type="cond" truecount="0" falsecount="2"/>
        <line num="400" count="0" type="cond" truecount="0" falsecount="2"/>
        <line num="402" count="0" type="stmt"/>
        <line num="403" count="0" type="stmt"/>
        <line num="409" count="1" type="cond" truecount="3" falsecount="1"/>
        <line num="410" count="1" type="stmt"/>
      </file>
      <file name="RewardsChart.js" path="C:\Users\decri\GitClones\aura\dashboards\validator\components\RewardsChart.js">
        <metrics statements="94" coveredstatements="33" conditionals="76" coveredconditionals="24" methods="28" coveredmethods="11"/>
        <line num="5" count="5" type="cond" truecount="1" falsecount="1"/>
        <line num="6" count="5" type="stmt"/>
        <line num="7" count="5" type="stmt"/>
        <line num="11" count="0" type="cond" truecount="0" falsecount="2"/>
        <line num="13" count="0" type="stmt"/>
        <line num="15" count="0" type="stmt"/>
        <line num="261" count="0" type="stmt"/>
        <line num="265" count="0" type="cond" truecount="0" falsecount="4"/>
        <line num="266" count="0" type="stmt"/>
        <line num="269" count="0" type="stmt"/>
        <line num="270" count="0" type="stmt"/>
        <line num="271" count="0" type="stmt"/>
        <line num="273" count="0" type="stmt"/>
        <line num="274" count="0" type="stmt"/>
        <line num="275" count="0" type="cond" truecount="0" falsecount="2"/>
        <line num="277" count="0" type="stmt"/>
        <line num="278" count="0" type="stmt"/>
        <line num="279" count="0" type="stmt"/>
        <line num="280" count="0" type="stmt"/>
        <line num="283" count="0" type="stmt"/>
        <line num="285" count="0" type="cond" truecount="0" falsecount="4"/>
        <line num="286" count="0" type="stmt"/>
        <line num="287" count="0" type="cond" truecount="0" falsecount="2"/>
        <line num="290" count="0" type="cond" truecount="0" falsecount="2"/>
        <line num="291" count="0" type="stmt"/>
        <line num="292" count="0" type="stmt"/>
        <line num="295" count="0" type="stmt"/>
        <line num="296" count="0" type="cond" truecount="0" falsecount="2"/>
        <line num="297" count="0" type="stmt"/>
        <line num="298" count="0" type="stmt"/>
        <line num="299" count="0" type="stmt"/>
        <line num="300" count="0" type="stmt"/>
        <line num="305" count="0" type="stmt"/>
        <line num="306" count="0" type="stmt"/>
        <line num="310" count="0" type="stmt"/>
        <line num="311" count="0" type="stmt"/>
        <line num="312" count="0" type="stmt"/>
        <line num="315" count="0" type="stmt"/>
        <line num="325" count="2" type="stmt"/>
        <line num="327" count="30" type="cond" truecount="1" falsecount="1"/>
        <line num="328" count="2" type="cond" truecount="2" falsecount="0"/>
        <line num="329" count="30" type="cond" truecount="3" falsecount="1"/>
        <line num="332" count="2" type="stmt"/>
        <line num="334" count="30" type="stmt"/>
        <line num="340" count="2" type="stmt"/>
        <line num="350" count="3" type="stmt"/>
        <line num="351" count="3" type="stmt"/>
        <line num="354" count="3" type="cond" truecount="2" falsecount="4"/>
        <line num="356" count="1" type="stmt"/>
        <line num="357" count="1" type="stmt"/>
        <line num="359" count="2" type="stmt"/>
        <line num="360" count="2" type="stmt"/>
        <line num="362" count="0" type="stmt"/>
        <line num="363" count="0" type="stmt"/>
        <line num="365" count="0" type="stmt"/>
        <line num="366" count="0" type="stmt"/>
        <line num="369" count="0" type="stmt"/>
        <line num="372" count="60" type="stmt"/>
        <line num="376" count="3" type="cond" truecount="2" falsecount="0"/>
        <line num="378" count="2" type="stmt"/>
        <line num="379" count="2" type="stmt"/>
        <line num="381" count="20" type="cond" truecount="1" falsecount="1"/>
        <line num="382" count="20" type="cond" truecount="1" falsecount="1"/>
        <line num="384" count="2" type="cond" truecount="1" falsecount="1"/>
        <line num="389" count="0" type="stmt"/>
        <line num="390" count="0" type="stmt"/>
        <line num="391" count="0" type="stmt"/>
        <line num="392" count="0" type="stmt"/>
        <line num="397" count="0" type="stmt"/>
        <line num="398" count="0" type="stmt"/>
        <line num="399" count="0" type="stmt"/>
        <line num="400" count="0" type="stmt"/>
        <line num="405" count="0" type="stmt"/>
        <line num="406" count="0" type="stmt"/>
        <line num="407" count="0" type="stmt"/>
        <line num="408" count="0" type="stmt"/>
        <line num="409" count="0" type="stmt"/>
        <line num="411" count="0" type="stmt"/>
        <line num="416" count="0" type="stmt"/>
        <line num="417" count="0" type="stmt"/>
        <line num="418" count="0" type="stmt"/>
        <line num="419" count="0" type="stmt"/>
        <line num="422" count="0" type="stmt"/>
        <line num="423" count="0" type="stmt"/>
        <line num="424" count="0" type="stmt"/>
        <line num="430" count="3" type="cond" truecount="1" falsecount="1"/>
        <line num="431" count="3" type="stmt"/>
        <line num="432" count="3" type="cond" truecount="2" falsecount="0"/>
        <line num="433" count="1" type="stmt"/>
        <line num="434" count="2" type="cond" truecount="2" falsecount="0"/>
        <line num="435" count="1" type="stmt"/>
        <line num="437" count="1" type="stmt"/>
        <line num="442" count="1" type="cond" truecount="3" falsecount="1"/>
        <line num="443" count="1" type="stmt"/>
      </file>
      <file name="UptimeMonitor.js" path="C:\Users\decri\GitClones\aura\dashboards\validator\components\UptimeMonitor.js">
        <metrics statements="58" coveredstatements="52" conditionals="72" coveredconditionals="50" methods="18" coveredmethods="18"/>
        <line num="5" count="11" type="cond" truecount="1" falsecount="1"/>
        <line num="6" count="11" type="cond" truecount="1" falsecount="1"/>
        <line num="7" count="11" type="cond" truecount="1" falsecount="1"/>
        <line num="8" count="11" type="cond" truecount="1" falsecount="1"/>
        <line num="9" count="11" type="cond" truecount="1" falsecount="1"/>
        <line num="13" count="1" type="stmt"/>
        <line num="373" count="1" type="stmt"/>
        <line num="396" count="4" type="stmt"/>
        <line num="408" count="2" type="cond" truecount="3" falsecount="1"/>
        <line num="409" count="0" type="stmt"/>
        <line num="412" count="2" type="stmt"/>
        <line num="413" count="200" type="cond" truecount="4" falsecount="0"/>
        <line num="414" count="200" type="cond" truecount="4" falsecount="0"/>
        <line num="416" count="200" type="stmt"/>
        <line num="421" count="1" type="stmt"/>
        <line num="423" count="1" type="stmt"/>
        <line num="424" count="1" type="stmt"/>
        <line num="426" count="1" type="stmt"/>
        <line num="427" count="24" type="stmt"/>
        <line num="428" count="24" type="stmt"/>
        <line num="429" count="24" type="cond" truecount="1" falsecount="1"/>
        <line num="431" count="24" type="stmt"/>
        <line num="439" count="1" type="stmt"/>
        <line num="440" count="5" type="stmt"/>
        <line num="443" count="1" type="stmt"/>
        <line num="454" count="1" type="stmt"/>
        <line num="487" count="1" type="stmt"/>
        <line num="488" count="6" type="cond" truecount="3" falsecount="1"/>
        <line num="489" count="6" type="stmt"/>
        <line num="499" count="5" type="cond" truecount="2" falsecount="0"/>
        <line num="500" count="3" type="cond" truecount="2" falsecount="0"/>
        <line num="501" count="2" type="cond" truecount="2" falsecount="0"/>
        <line num="502" count="1" type="stmt"/>
        <line num="506" count="5" type="cond" truecount="3" falsecount="1"/>
        <line num="508" count="5" type="stmt"/>
        <line num="509" count="500" type="cond" truecount="2" falsecount="0"/>
        <line num="511" count="5" type="stmt"/>
        <line num="516" count="1" type="stmt"/>
        <line num="517" count="1" type="stmt"/>
        <line num="518" count="1" type="stmt"/>
        <line num="520" count="1" type="cond" truecount="1" falsecount="1"/>
        <line num="521" count="0" type="cond" truecount="0" falsecount="2"/>
        <line num="522" count="0" type="stmt"/>
        <line num="527" count="1" type="stmt"/>
        <line num="528" count="1" type="stmt"/>
        <line num="529" count="24" type="stmt"/>
        <line num="537" count="1" type="stmt"/>
        <line num="541" count="4" type="stmt"/>
        <line num="542" count="4" type="stmt"/>
        <line num="544" count="4" type="cond" truecount="2" falsecount="0"/>
        <line num="545" count="3" type="cond" truecount="2" falsecount="0"/>
        <line num="546" count="2" type="stmt"/>
        <line num="550" count="1" type="cond" truecount="1" falsecount="1"/>
        <line num="552" count="0" type="stmt"/>
        <line num="553" count="0" type="stmt"/>
        <line num="555" count="0" type="stmt"/>
        <line num="560" count="1" type="cond" truecount="3" falsecount="1"/>
        <line num="561" count="1" type="stmt"/>
      </file>
      <file name="ValidatorCard.js" path="C:\Users\decri\GitClones\aura\dashboards\validator\components\ValidatorCard.js">
        <metrics statements="27" coveredstatements="26" conditionals="30" coveredconditionals="21" methods="8" coveredmethods="8"/>
        <line num="5" count="5" type="stmt"/>
        <line num="22" count="3" type="stmt"/>
        <line num="24" count="3" type="stmt"/>
        <line num="267" count="3" type="cond" truecount="1" falsecount="1"/>
        <line num="269" count="0" type="stmt"/>
        <line num="273" count="3" type="stmt"/>
        <line num="277" count="3" type="cond" truecount="2" falsecount="0"/>
        <line num="278" count="1" type="stmt"/>
        <line num="281" count="2" type="stmt"/>
        <line num="287" count="2" type="cond" truecount="1" falsecount="1"/>
        <line num="288" count="2" type="stmt"/>
        <line num="290" count="2" type="stmt"/>
        <line num="294" count="5" type="cond" truecount="2" falsecount="0"/>
        <line num="295" count="4" type="stmt"/>
        <line num="296" count="4" type="stmt"/>
        <line num="300" count="3" type="cond" truecount="1" falsecount="1"/>
        <line num="301" count="3" type="stmt"/>
        <line num="302" count="3" type="stmt"/>
        <line num="306" count="12" type="cond" truecount="2" falsecount="0"/>
        <line num="307" count="11" type="stmt"/>
        <line num="308" count="11" type="stmt"/>
        <line num="312" count="15" type="cond" truecount="1" falsecount="1"/>
        <line num="313" count="15" type="stmt"/>
        <line num="314" count="15" type="stmt"/>
        <line num="315" count="15" type="stmt"/>
        <line num="320" count="1" type="cond" truecount="3" falsecount="1"/>
        <line num="321" count="1" type="stmt"/>
      </file>
    </package>
    <package name="validator.services">
      <metrics statements="286" coveredstatements="69" conditionals="105" coveredconditionals="19" methods="79" coveredmethods="16"/>
      <file name="validatorAPI.js" path="C:\Users\decri\GitClones\aura\dashboards\validator\services\validatorAPI.js">
        <metrics statements="144" coveredstatements="69" conditionals="38" coveredconditionals="19" methods="37" coveredmethods="16"/>
        <line num="4" count="1" type="stmt"/>
        <line num="5" count="1" type="stmt"/>
        <line num="8" count="8" type="stmt"/>
        <line num="9" count="8" type="stmt"/>
        <line num="10" count="8" type="stmt"/>
        <line num="12" count="8" type="stmt"/>
        <line num="13" count="8" type="stmt"/>
        <line num="22" count="6" type="stmt"/>
        <line num="24" count="6" type="cond" truecount="2" falsecount="0"/>
        <line num="25" count="1" type="stmt"/>
        <line num="28" count="5" type="stmt"/>
        <line num="30" count="2" type="stmt"/>
        <line num="31" count="2" type="cond" truecount="1" falsecount="1"/>
        <line num="32" count="0" type="stmt"/>
        <line num="34" count="2" type="stmt"/>
        <line num="40" count="2" type="stmt"/>
        <line num="41" count="2" type="stmt"/>
        <line num="43" count="1" type="stmt"/>
        <line num="65" count="1" type="stmt"/>
        <line num="67" count="1" type="stmt"/>
        <line num="73" count="1" type="stmt"/>
        <line num="74" count="1" type="stmt"/>
        <line num="78" count="2" type="stmt"/>
        <line num="85" count="0" type="stmt"/>
        <line num="86" count="0" type="stmt"/>
        <line num="92" count="1" type="stmt"/>
        <line num="93" count="1" type="stmt"/>
        <line num="97" count="1" type="stmt"/>
        <line num="99" count="1" type="stmt"/>
        <line num="106" count="0" type="stmt"/>
        <line num="107" count="0" type="stmt"/>
        <line num="113" count="0" type="stmt"/>
        <line num="114" count="0" type="stmt"/>
        <line num="115" count="0" type="stmt"/>
        <line num="118" count="0" type="stmt"/>
        <line num="119" count="0" type="stmt"/>
        <line num="120" count="0" type="cond" truecount="0" falsecount="2"/>
        <line num="123" count="0" type="stmt"/>
        <line num="125" count="0" type="stmt"/>
        <line num="134" count="0" type="stmt"/>
        <line num="135" count="0" type="stmt"/>
        <line num="141" count="0" type="stmt"/>
        <line num="142" count="0" type="stmt"/>
        <line num="143" count="0" type="stmt"/>
        <line num="145" count="0" type="cond" truecount="0" falsecount="2"/>
        <line num="146" count="0" type="stmt"/>
        <line num="148" count="0" type="stmt"/>
        <line num="160" count="0" type="stmt"/>
        <line num="161" count="0" type="stmt"/>
        <line num="167" count="0" type="stmt"/>
        <line num="168" count="0" type="stmt"/>
        <line num="170" count="0" type="stmt"/>
        <line num="176" count="0" type="stmt"/>
        <line num="177" count="0" type="stmt"/>
        <line num="183" count="0" type="stmt"/>
        <line num="185" count="0" type="stmt"/>
        <line num="190" count="0" type="stmt"/>
        <line num="192" count="0" type="stmt"/>
        <line num="193" count="0" type="stmt"/>
        <line num="201" count="0" type="stmt"/>
        <line num="208" count="0" type="stmt"/>
        <line num="214" count="0" type="stmt"/>
        <line num="216" count="0" type="stmt"/>
        <line num="222" count="1" type="stmt"/>
        <line num="223" count="1" type="stmt"/>
        <line num="224" count="1" type="stmt"/>
        <line num="225" count="1" type="stmt"/>
        <line num="227" count="0" type="stmt"/>
        <line num="232" count="0" type="stmt"/>
        <line num="233" count="0" type="stmt"/>
        <line num="236" count="0" type="cond" truecount="0" falsecount="2"/>
        <line num="238" count="0" type="stmt"/>
        <line num="243" count="0" type="stmt"/>
        <line num="244" count="0" type="stmt"/>
        <line num="247" count="0" type="stmt"/>
        <line num="249" count="0" type="stmt"/>
        <line num="254" count="1" type="stmt"/>
        <line num="256" count="1" type="stmt"/>
        <line num="257" count="1" type="stmt"/>
        <line num="260" count="1" type="stmt"/>
        <line num="262" count="0" type="stmt"/>
        <line num="272" count="0" type="stmt"/>
        <line num="273" count="0" type="stmt"/>
        <line num="274" count="0" type="stmt"/>
        <line num="281" count="0" type="stmt"/>
        <line num="286" count="0" type="stmt"/>
        <line num="287" count="0" type="stmt"/>
        <line num="288" count="0" type="stmt"/>
        <line num="289" count="0" type="stmt"/>
        <line num="295" count="0" type="stmt"/>
        <line num="299" count="0" type="stmt"/>
        <line num="300" count="0" type="stmt"/>
        <line num="303" count="0" type="cond" truecount="0" falsecount="2"/>
        <line num="305" count="0" type="stmt"/>
        <line num="310" count="1" type="stmt"/>
        <line num="311" count="1" type="stmt"/>
        <line num="313" count="1" type="stmt"/>
        <line num="314" count="7" type="cond" truecount="4" falsecount="0"/>
        <line num="315" count="5" type="stmt"/>
        <line num="316" count="5" type="stmt"/>
        <line num="318" count="2" type="stmt"/>
        <line num="322" count="1" type="stmt"/>
        <line num="326" count="1" type="stmt"/>
        <line num="327" count="1" type="stmt"/>
        <line num="329" count="1" type="stmt"/>
        <line num="330" count="7" type="cond" truecount="4" falsecount="0"/>
        <line num="331" count="6" type="stmt"/>
        <line num="332" count="6" type="stmt"/>
        <line num="334" count="1" type="stmt"/>
        <line num="338" count="1" type="stmt"/>
        <line num="342" count="1" type="stmt"/>
        <line num="344" count="1" type="cond" truecount="1" falsecount="1"/>
        <line num="345" count="1" type="stmt"/>
        <line num="353" count="1" type="cond" truecount="1" falsecount="1"/>
        <line num="354" count="1" type="stmt"/>
        <line num="362" count="1" type="stmt"/>
        <line num="366" count="0" type="stmt"/>
        <line num="367" count="0" type="stmt"/>
        <line num="368" count="0" type="stmt"/>
        <line num="370" count="0" type="stmt"/>
        <line num="374" count="0" type="stmt"/>
        <line num="375" count="0" type="stmt"/>
        <line num="376" count="0" type="stmt"/>
        <line num="377" count="0" type="stmt"/>
        <line num="379" count="0" type="stmt"/>
        <line num="384" count="1" type="stmt"/>
        <line num="390" count="2" type="stmt"/>
        <line num="414" count="1" type="stmt"/>
        <line num="415" count="1" type="stmt"/>
        <line num="416" count="50" type="stmt"/>
        <line num="417" count="1900" type="stmt"/>
        <line num="423" count="216" type="stmt"/>
        <line num="427" count="1" type="stmt"/>
        <line num="428" count="1" type="stmt"/>
        <line num="429" count="30" type="stmt"/>
        <line num="436" count="1" type="stmt"/>
        <line num="445" count="0" type="stmt"/>
        <line num="456" count="0" type="stmt"/>
        <line num="457" count="0" type="stmt"/>
        <line num="459" count="0" type="stmt"/>
        <line num="463" count="0" type="stmt"/>
        <line num="477" count="0" type="stmt"/>
        <line num="486" count="1" type="cond" truecount="3" falsecount="1"/>
        <line num="487" count="1" type="stmt"/>
      </file>
      <file name="websocket.js" path="C:\Users\decri\GitClones\aura\dashboards\validator\services\websocket.js">
        <metrics statements="142" coveredstatements="0" conditionals="67" coveredconditionals="0" methods="42" coveredmethods="0"/>
        <line num="5" count="0" type="stmt"/>
        <line num="6" count="0" type="stmt"/>
        <line num="7" count="0" type="stmt"/>
        <line num="8" count="0" type="stmt"/>
        <line num="9" count="0" type="stmt"/>
        <line num="10" count="0" type="stmt"/>
        <line num="11" count="0" type="stmt"/>
        <line num="15" count="0" type="stmt"/>
        <line num="16" count="0" type="stmt"/>
        <line num="18" count="0" type="stmt"/>
        <line num="19" count="0" type="stmt"/>
        <line num="20" count="0" type="stmt"/>
        <line num="21" count="0" type="stmt"/>
        <line num="22" count="0" type="stmt"/>
        <line num="25" count="0" type="stmt"/>
        <line num="26" count="0" type="stmt"/>
        <line num="29" count="0" type="stmt"/>
        <line num="30" count="0" type="stmt"/>
        <line num="31" count="0" type="stmt"/>
        <line num="34" count="0" type="stmt"/>
        <line num="35" count="0" type="stmt"/>
        <line num="36" count="0" type="stmt"/>
        <line num="37" count="0" type="stmt"/>
        <line num="40" count="0" type="stmt"/>
        <line num="41" count="0" type="stmt"/>
        <line num="42" count="0" type="stmt"/>
        <line num="47" count="0" type="cond" truecount="0" falsecount="2"/>
        <line num="48" count="0" type="stmt"/>
        <line num="49" count="0" type="stmt"/>
        <line num="54" count="0" type="cond" truecount="0" falsecount="2"/>
        <line num="55" count="0" type="stmt"/>
        <line num="56" count="0" type="stmt"/>
        <line num="58" count="0" type="stmt"/>
        <line num="59" count="0" type="stmt"/>
        <line num="62" count="0" type="stmt"/>
        <line num="63" count="0" type="stmt"/>
        <line num="69" count="0" type="stmt"/>
        <line num="72" count="0" type="stmt"/>
        <line num="75" count="0" type="stmt"/>
        <line num="79" count="0" type="cond" truecount="0" falsecount="4"/>
        <line num="80" count="0" type="stmt"/>
        <line num="81" count="0" type="stmt"/>
        <line num="84" count="0" type="stmt"/>
        <line num="93" count="0" type="stmt"/>
        <line num="97" count="0" type="stmt"/>
        <line num="101" count="0" type="stmt"/>
        <line num="105" count="0" type="stmt"/>
        <line num="106" count="0" type="stmt"/>
        <line num="110" count="0" type="stmt"/>
        <line num="111" count="0" type="stmt"/>
        <line num="113" count="0" type="cond" truecount="0" falsecount="2"/>
        <line num="114" count="0" type="stmt"/>
        <line num="115" count="0" type="stmt"/>
        <line num="116" count="0" type="stmt"/>
        <line num="120" count="0" type="cond" truecount="0" falsecount="4"/>
        <line num="121" count="0" type="stmt"/>
        <line num="122" count="0" type="stmt"/>
        <line num="126" count="0" type="cond" truecount="0" falsecount="4"/>
        <line num="127" count="0" type="stmt"/>
        <line num="130" count="0" type="stmt"/>
        <line num="135" count="0" type="stmt"/>
        <line num="137" count="0" type="cond" truecount="0" falsecount="4"/>
        <line num="139" count="0" type="stmt"/>
        <line num="140" count="0" type="stmt"/>
        <line num="143" count="0" type="stmt"/>
        <line num="144" count="0" type="stmt"/>
        <line num="147" count="0" type="stmt"/>
        <line num="148" count="0" type="stmt"/>
        <line num="151" count="0" type="stmt"/>
        <line num="156" count="0" type="stmt"/>
        <line num="163" count="0" type="stmt"/>
        <line num="166" count="0" type="stmt"/>
        <line num="168" count="0" type="stmt"/>
        <line num="176" count="0" type="stmt"/>
        <line num="179" count="0" type="stmt"/>
        <line num="180" count="0" type="stmt"/>
        <line num="181" count="0" type="cond" truecount="0" falsecount="2"/>
        <line num="182" count="0" type="stmt"/>
        <line num="192" count="0" type="cond" truecount="0" falsecount="2"/>
        <line num="194" count="0" type="stmt"/>
        <line num="196" count="0" type="cond" truecount="0" falsecount="2"/>
        <line num="197" count="0" type="stmt"/>
        <line num="207" count="0" type="stmt"/>
        <line num="216" count="0" type="stmt"/>
        <line num="222" count="0" type="stmt"/>
        <line num="226" count="0" type="cond" truecount="0" falsecount="4"/>
        <line num="227" count="0" type="stmt"/>
        <line num="228" count="0" type="stmt"/>
        <line num="231" count="0" type="stmt"/>
        <line num="232" count="0" type="stmt"/>
        <line num="233" count="0" type="stmt"/>
        <line num="235" count="0" type="stmt"/>
        <line num="236" count="0" type="stmt"/>
        <line num="241" count="0" type="cond" truecount="0" falsecount="2"/>
        <line num="242" count="0" type="stmt"/>
        <line num="244" count="0" type="stmt"/>
        <line num="248" count="0" type="cond" truecount="0" falsecount="2"/>
        <line num="250" count="0" type="cond" truecount="0" falsecount="2"/>
        <line num="251" count="0" type="stmt"/>
        <line num="253" count="0" type="stmt"/>
        <line num="258" count="0" type="cond" truecount="0" falsecount="2"/>
        <line num="260" count="0" type="stmt"/>
        <line num="261" count="0" type="stmt"/>
        <line num="262" count="0" type="stmt"/>
        <line num="264" count="0" type="stmt"/>
        <line num="270" count="0" type="cond" truecount="0" falsecount="2"/>
        <line num="272" count="0" type="cond" truecount="0" falsecount="5"/>
        <line num="274" count="0" type="stmt"/>
        <line num="276" count="0" type="stmt"/>
        <line num="278" count="0" type="stmt"/>
        <line num="280" count="0" type="stmt"/>
        <line num="282" count="0" type="stmt"/>
        <line num="287" count="0" type="cond" truecount="0" falsecount="2"/>
        <line num="294" count="0" type="stmt"/>
        <line num="295" count="0" type="stmt"/>
        <line num="299" count="0" type="stmt"/>
        <line num="301" count="0" type="stmt"/>
        <line num="302" count="0" type="stmt"/>
        <line num="303" count="0" type="stmt"/>
        <line num="308" count="0" type="cond" truecount="0" falsecount="2"/>
        <line num="309" count="0" type="stmt"/>
        <line num="310" count="0" type="stmt"/>
        <line num="312" count="0" type="stmt"/>
        <line num="317" count="0" type="stmt"/>
        <line num="319" count="0" type="cond" truecount="0" falsecount="2"/>
        <line num="320" count="0" type="stmt"/>
        <line num="329" count="0" type="cond" truecount="0" falsecount="2"/>
        <line num="330" count="0" type="stmt"/>
        <line num="331" count="0" type="stmt"/>
        <line num="342" count="0" type="stmt"/>
        <line num="343" count="0" type="stmt"/>
        <line num="347" count="0" type="stmt"/>
        <line num="351" count="0" type="cond" truecount="0" falsecount="2"/>
        <line num="358" count="0" type="cond" truecount="0" falsecount="4"/>
        <line num="359" count="0" type="stmt"/>
        <line num="360" count="0" type="stmt"/>
        <line num="364" count="0" type="stmt"/>
        <line num="365" count="0" type="stmt"/>
        <line num="367" count="0" type="stmt"/>
        <line num="368" count="0" type="stmt"/>
        <line num="373" count="0" type="cond" truecount="0" falsecount="4"/>
        <line num="374" count="0" type="stmt"/>
      </file>
    </package>
  </project>
</coverage>
