{"C:\\Users\\decri\\GitClones\\aura\\dashboards\\validator\\app.js": {"path":"C:\\Users\\decri\\GitClones\\aura\\dashboards\\validator\\app.js","statementMap":{"0":{"start":{"line":5,"column":8},"end":{"line":5,"column":37}},"1":{"start":{"line":6,"column":8},"end":{"line":6,"column":48}},"2":{"start":{"line":7,"column":8},"end":{"line":7,"column":33}},"3":{"start":{"line":8,"column":8},"end":{"line":8,"column":36}},"4":{"start":{"line":10,"column":8},"end":{"line":10,"column":20}},"5":{"start":{"line":14,"column":8},"end":{"line":14,"column":35}},"6":{"start":{"line":15,"column":8},"end":{"line":15,"column":33}},"7":{"start":{"line":16,"column":8},"end":{"line":16,"column":35}},"8":{"start":{"line":19,"column":8},"end":{"line":21,"column":9}},"9":{"start":{"line":20,"column":12},"end":{"line":20,"column":61}},"10":{"start":{"line":24,"column":8},"end":{"line":24,"column":32}},"11":{"start":{"line":29,"column":8},"end":{"line":35,"column":11}},"12":{"start":{"line":30,"column":12},"end":{"line":34,"column":15}},"13":{"start":{"line":31,"column":16},"end":{"line":31,"column":35}},"14":{"start":{"line":32,"column":32},"end":{"line":32,"column":65}},"15":{"start":{"line":33,"column":16},"end":{"line":33,"column":42}},"16":{"start":{"line":38,"column":32},"end":{"line":38,"column":74}},"17":{"start":{"line":39,"column":8},"end":{"line":41,"column":11}},"18":{"start":{"line":40,"column":12},"end":{"line":40,"column":49}},"19":{"start":{"line":44,"column":32},"end":{"line":44,"column":74}},"20":{"start":{"line":45,"column":8},"end":{"line":47,"column":11}},"21":{"start":{"line":46,"column":12},"end":{"line":46,"column":41}},"22":{"start":{"line":50,"column":22},"end":{"line":50,"column":66}},"23":{"start":{"line":51,"column":29},"end":{"line":51,"column":67}},"24":{"start":{"line":52,"column":8},"end":{"line":56,"column":11}},"25":{"start":{"line":53,"column":12},"end":{"line":55,"column":15}},"26":{"start":{"line":54,"column":16},"end":{"line":54,"column":45}},"27":{"start":{"line":59,"column":27},"end":{"line":59,"column":73}},"28":{"start":{"line":60,"column":8},"end":{"line":62,"column":11}},"29":{"start":{"line":61,"column":12},"end":{"line":61,"column":32}},"30":{"start":{"line":65,"column":8},"end":{"line":67,"column":11}},"31":{"start":{"line":66,"column":12},"end":{"line":66,"column":36}},"32":{"start":{"line":69,"column":8},"end":{"line":71,"column":11}},"33":{"start":{"line":70,"column":12},"end":{"line":70,"column":32}},"34":{"start":{"line":73,"column":8},"end":{"line":75,"column":11}},"35":{"start":{"line":74,"column":12},"end":{"line":74,"column":37}},"36":{"start":{"line":78,"column":8},"end":{"line":80,"column":11}},"37":{"start":{"line":79,"column":12},"end":{"line":79,"column":51}},"38":{"start":{"line":82,"column":8},"end":{"line":84,"column":11}},"39":{"start":{"line":83,"column":12},"end":{"line":83,"column":49}},"40":{"start":{"line":89,"column":8},"end":{"line":91,"column":11}},"41":{"start":{"line":90,"column":12},"end":{"line":90,"column":44}},"42":{"start":{"line":92,"column":8},"end":{"line":92,"column":89}},"43":{"start":{"line":95,"column":8},"end":{"line":97,"column":11}},"44":{"start":{"line":96,"column":12},"end":{"line":96,"column":47}},"45":{"start":{"line":98,"column":8},"end":{"line":98,"column":68}},"46":{"start":{"line":102,"column":23},"end":{"line":102,"column":62}},"47":{"start":{"line":103,"column":8},"end":{"line":103,"column":48}},"48":{"start":{"line":107,"column":8},"end":{"line":107,"column":81}},"49":{"start":{"line":111,"column":23},"end":{"line":111,"column":65}},"50":{"start":{"line":112,"column":8},"end":{"line":112,"column":75}},"51":{"start":{"line":114,"column":8},"end":{"line":119,"column":11}},"52":{"start":{"line":115,"column":27},"end":{"line":115,"column":59}},"53":{"start":{"line":116,"column":12},"end":{"line":116,"column":45}},"54":{"start":{"line":117,"column":12},"end":{"line":117,"column":94}},"55":{"start":{"line":118,"column":12},"end":{"line":118,"column":39}},"56":{"start":{"line":123,"column":8},"end":{"line":123,"column":29}},"57":{"start":{"line":123,"column":22},"end":{"line":123,"column":29}},"58":{"start":{"line":125,"column":8},"end":{"line":125,"column":40}},"59":{"start":{"line":126,"column":8},"end":{"line":126,"column":67}},"60":{"start":{"line":128,"column":8},"end":{"line":128,"column":39}},"61":{"start":{"line":132,"column":8},"end":{"line":132,"column":43}},"62":{"start":{"line":132,"column":36},"end":{"line":132,"column":43}},"63":{"start":{"line":134,"column":8},"end":{"line":166,"column":9}},"64":{"start":{"line":136,"column":34},"end":{"line":136,"column":92}},"65":{"start":{"line":137,"column":12},"end":{"line":137,"column":53}},"66":{"start":{"line":140,"column":32},"end":{"line":140,"column":88}},"67":{"start":{"line":141,"column":12},"end":{"line":141,"column":49}},"68":{"start":{"line":144,"column":28},"end":{"line":144,"column":80}},"69":{"start":{"line":145,"column":12},"end":{"line":145,"column":41}},"70":{"start":{"line":148,"column":32},"end":{"line":148,"column":88}},"71":{"start":{"line":149,"column":12},"end":{"line":149,"column":49}},"72":{"start":{"line":152,"column":27},"end":{"line":152,"column":78}},"73":{"start":{"line":153,"column":12},"end":{"line":153,"column":39}},"74":{"start":{"line":156,"column":33},"end":{"line":156,"column":90}},"75":{"start":{"line":157,"column":12},"end":{"line":157,"column":51}},"76":{"start":{"line":160,"column":32},"end":{"line":160,"column":88}},"77":{"start":{"line":161,"column":12},"end":{"line":161,"column":49}},"78":{"start":{"line":164,"column":12},"end":{"line":164,"column":66}},"79":{"start":{"line":165,"column":12},"end":{"line":165,"column":60}},"80":{"start":{"line":171,"column":8},"end":{"line":171,"column":90}},"81":{"start":{"line":172,"column":8},"end":{"line":172,"column":92}},"82":{"start":{"line":173,"column":8},"end":{"line":173,"column":101}},"83":{"start":{"line":174,"column":8},"end":{"line":174,"column":99}},"84":{"start":{"line":175,"column":8},"end":{"line":175,"column":91}},"85":{"start":{"line":176,"column":8},"end":{"line":176,"column":93}},"86":{"start":{"line":179,"column":30},"end":{"line":179,"column":70}},"87":{"start":{"line":180,"column":30},"end":{"line":180,"column":53}},"88":{"start":{"line":181,"column":8},"end":{"line":181,"column":57}},"89":{"start":{"line":185,"column":26},"end":{"line":185,"column":67}},"90":{"start":{"line":186,"column":31},"end":{"line":186,"column":62}},"91":{"start":{"line":187,"column":8},"end":{"line":187,"column":54}},"92":{"start":{"line":192,"column":8},"end":{"line":192,"column":110}},"93":{"start":{"line":193,"column":8},"end":{"line":193,"column":99}},"94":{"start":{"line":194,"column":8},"end":{"line":194,"column":110}},"95":{"start":{"line":197,"column":31},"end":{"line":197,"column":70}},"96":{"start":{"line":198,"column":29},"end":{"line":198,"column":62}},"97":{"start":{"line":199,"column":8},"end":{"line":199,"column":44}},"98":{"start":{"line":202,"column":33},"end":{"line":202,"column":73}},"99":{"start":{"line":203,"column":8},"end":{"line":203,"column":79}},"100":{"start":{"line":207,"column":8},"end":{"line":207,"column":102}},"101":{"start":{"line":208,"column":8},"end":{"line":208,"column":98}},"102":{"start":{"line":209,"column":8},"end":{"line":209,"column":104}},"103":{"start":{"line":212,"column":8},"end":{"line":212,"column":81}},"104":{"start":{"line":213,"column":8},"end":{"line":213,"column":81}},"105":{"start":{"line":214,"column":8},"end":{"line":214,"column":75}},"106":{"start":{"line":218,"column":26},"end":{"line":218,"column":66}},"107":{"start":{"line":219,"column":30},"end":{"line":219,"column":55}},"108":{"start":{"line":220,"column":8},"end":{"line":220,"column":53}},"109":{"start":{"line":223,"column":32},"end":{"line":223,"column":71}},"110":{"start":{"line":224,"column":8},"end":{"line":224,"column":75}},"111":{"start":{"line":228,"column":8},"end":{"line":228,"column":88}},"112":{"start":{"line":229,"column":8},"end":{"line":229,"column":88}},"113":{"start":{"line":231,"column":25},"end":{"line":231,"column":93}},"114":{"start":{"line":232,"column":8},"end":{"line":232,"column":84}},"115":{"start":{"line":235,"column":33},"end":{"line":235,"column":74}},"116":{"start":{"line":236,"column":8},"end":{"line":236,"column":78}},"117":{"start":{"line":240,"column":26},"end":{"line":240,"column":64}},"118":{"start":{"line":242,"column":8},"end":{"line":250,"column":9}},"119":{"start":{"line":243,"column":12},"end":{"line":248,"column":14}},"120":{"start":{"line":249,"column":12},"end":{"line":249,"column":19}},"121":{"start":{"line":252,"column":8},"end":{"line":264,"column":20}},"122":{"start":{"line":252,"column":50},"end":{"line":264,"column":9}},"123":{"start":{"line":268,"column":8},"end":{"line":270,"column":9}},"124":{"start":{"line":269,"column":12},"end":{"line":269,"column":87}},"125":{"start":{"line":272,"column":8},"end":{"line":284,"column":10}},"126":{"start":{"line":276,"column":42},"end":{"line":281,"column":21}},"127":{"start":{"line":288,"column":8},"end":{"line":290,"column":9}},"128":{"start":{"line":289,"column":12},"end":{"line":289,"column":76}},"129":{"start":{"line":292,"column":8},"end":{"line":300,"column":20}},"130":{"start":{"line":292,"column":35},"end":{"line":300,"column":9}},"131":{"start":{"line":304,"column":8},"end":{"line":306,"column":9}},"132":{"start":{"line":305,"column":12},"end":{"line":305,"column":88}},"133":{"start":{"line":308,"column":8},"end":{"line":316,"column":10}},"134":{"start":{"line":310,"column":62},"end":{"line":314,"column":17}},"135":{"start":{"line":321,"column":26},"end":{"line":321,"column":62}},"136":{"start":{"line":322,"column":8},"end":{"line":322,"column":40}},"137":{"start":{"line":322,"column":33},"end":{"line":322,"column":40}},"138":{"start":{"line":324,"column":8},"end":{"line":335,"column":10}},"139":{"start":{"line":328,"column":24},"end":{"line":328,"column":79}},"140":{"start":{"line":339,"column":22},"end":{"line":339,"column":66}},"141":{"start":{"line":340,"column":8},"end":{"line":340,"column":38}},"142":{"start":{"line":344,"column":22},"end":{"line":344,"column":66}},"143":{"start":{"line":345,"column":8},"end":{"line":345,"column":41}},"144":{"start":{"line":346,"column":8},"end":{"line":346,"column":66}},"145":{"start":{"line":347,"column":8},"end":{"line":347,"column":63}},"146":{"start":{"line":351,"column":24},"end":{"line":351,"column":83}},"147":{"start":{"line":352,"column":21},"end":{"line":352,"column":77}},"148":{"start":{"line":354,"column":8},"end":{"line":357,"column":9}},"149":{"start":{"line":355,"column":12},"end":{"line":355,"column":63}},"150":{"start":{"line":356,"column":12},"end":{"line":356,"column":19}},"151":{"start":{"line":359,"column":8},"end":{"line":362,"column":9}},"152":{"start":{"line":360,"column":12},"end":{"line":360,"column":63}},"153":{"start":{"line":361,"column":12},"end":{"line":361,"column":19}},"154":{"start":{"line":365,"column":8},"end":{"line":368,"column":9}},"155":{"start":{"line":365,"column":38},"end":{"line":365,"column":59}},"156":{"start":{"line":366,"column":12},"end":{"line":366,"column":54}},"157":{"start":{"line":367,"column":12},"end":{"line":367,"column":19}},"158":{"start":{"line":371,"column":8},"end":{"line":382,"column":9}},"159":{"start":{"line":372,"column":12},"end":{"line":372,"column":57}},"160":{"start":{"line":374,"column":12},"end":{"line":374,"column":52}},"161":{"start":{"line":375,"column":12},"end":{"line":375,"column":34}},"162":{"start":{"line":376,"column":12},"end":{"line":376,"column":37}},"163":{"start":{"line":377,"column":12},"end":{"line":377,"column":42}},"164":{"start":{"line":378,"column":12},"end":{"line":378,"column":41}},"165":{"start":{"line":379,"column":12},"end":{"line":379,"column":61}},"166":{"start":{"line":381,"column":12},"end":{"line":381,"column":69}},"167":{"start":{"line":386,"column":21},"end":{"line":386,"column":80}},"168":{"start":{"line":388,"column":8},"end":{"line":391,"column":9}},"169":{"start":{"line":389,"column":12},"end":{"line":389,"column":54}},"170":{"start":{"line":390,"column":12},"end":{"line":390,"column":19}},"171":{"start":{"line":393,"column":8},"end":{"line":399,"column":9}},"172":{"start":{"line":394,"column":12},"end":{"line":394,"column":83}},"173":{"start":{"line":395,"column":12},"end":{"line":395,"column":64}},"174":{"start":{"line":396,"column":12},"end":{"line":396,"column":43}},"175":{"start":{"line":398,"column":12},"end":{"line":398,"column":58}},"176":{"start":{"line":403,"column":24},"end":{"line":403,"column":71}},"177":{"start":{"line":404,"column":24},"end":{"line":404,"column":71}},"178":{"start":{"line":405,"column":24},"end":{"line":405,"column":71}},"179":{"start":{"line":407,"column":8},"end":{"line":417,"column":9}},"180":{"start":{"line":408,"column":12},"end":{"line":412,"column":15}},"181":{"start":{"line":413,"column":12},"end":{"line":413,"column":60}},"182":{"start":{"line":414,"column":12},"end":{"line":414,"column":43}},"183":{"start":{"line":416,"column":12},"end":{"line":416,"column":54}},"184":{"start":{"line":421,"column":25},"end":{"line":426,"column":9}},"185":{"start":{"line":428,"column":8},"end":{"line":428,"column":78}},"186":{"start":{"line":429,"column":8},"end":{"line":429,"column":49}},"187":{"start":{"line":433,"column":22},"end":{"line":433,"column":67}},"188":{"start":{"line":434,"column":8},"end":{"line":441,"column":11}},"189":{"start":{"line":435,"column":28},"end":{"line":435,"column":80}},"190":{"start":{"line":436,"column":12},"end":{"line":440,"column":13}},"191":{"start":{"line":437,"column":16},"end":{"line":437,"column":40}},"192":{"start":{"line":439,"column":16},"end":{"line":439,"column":44}},"193":{"start":{"line":446,"column":8},"end":{"line":446,"column":33}},"194":{"start":{"line":450,"column":8},"end":{"line":450,"column":53}},"195":{"start":{"line":452,"column":8},"end":{"line":454,"column":11}},"196":{"start":{"line":453,"column":12},"end":{"line":453,"column":53}},"197":{"start":{"line":456,"column":8},"end":{"line":458,"column":11}},"198":{"start":{"line":457,"column":12},"end":{"line":457,"column":56}},"199":{"start":{"line":460,"column":8},"end":{"line":464,"column":11}},"200":{"start":{"line":461,"column":12},"end":{"line":463,"column":13}},"201":{"start":{"line":462,"column":16},"end":{"line":462,"column":49}},"202":{"start":{"line":466,"column":8},"end":{"line":468,"column":11}},"203":{"start":{"line":467,"column":12},"end":{"line":467,"column":38}},"204":{"start":{"line":470,"column":8},"end":{"line":470,"column":36}},"205":{"start":{"line":474,"column":30},"end":{"line":474,"column":73}},"206":{"start":{"line":475,"column":8},"end":{"line":475,"column":63}},"207":{"start":{"line":477,"column":27},"end":{"line":481,"column":9}},"208":{"start":{"line":483,"column":8},"end":{"line":483,"column":88}},"209":{"start":{"line":488,"column":8},"end":{"line":490,"column":9}},"210":{"start":{"line":489,"column":12},"end":{"line":489,"column":96}},"211":{"start":{"line":491,"column":8},"end":{"line":493,"column":9}},"212":{"start":{"line":492,"column":12},"end":{"line":492,"column":97}},"213":{"start":{"line":499,"column":8},"end":{"line":499,"column":40}},"214":{"start":{"line":504,"column":8},"end":{"line":508,"column":18}},"215":{"start":{"line":505,"column":12},"end":{"line":507,"column":13}},"216":{"start":{"line":506,"column":16},"end":{"line":506,"column":41}},"217":{"start":{"line":512,"column":8},"end":{"line":512,"column":37}},"218":{"start":{"line":512,"column":21},"end":{"line":512,"column":37}},"219":{"start":{"line":513,"column":22},"end":{"line":513,"column":40}},"220":{"start":{"line":514,"column":8},"end":{"line":518,"column":9}},"221":{"start":{"line":515,"column":12},"end":{"line":515,"column":59}},"222":{"start":{"line":516,"column":15},"end":{"line":518,"column":9}},"223":{"start":{"line":517,"column":12},"end":{"line":517,"column":56}},"224":{"start":{"line":519,"column":8},"end":{"line":519,"column":42}},"225":{"start":{"line":524,"column":8},"end":{"line":524,"column":35}},"226":{"start":{"line":529,"column":8},"end":{"line":529,"column":37}},"227":{"start":{"line":534,"column":0},"end":{"line":536,"column":3}},"228":{"start":{"line":535,"column":4},"end":{"line":535,"column":48}}},"fnMap":{"0":{"name":"(anonymous_0)","decl":{"start":{"line":4,"column":4},"end":{"line":4,"column":5}},"loc":{"start":{"line":4,"column":18},"end":{"line":11,"column":5}},"line":4},"1":{"name":"(anonymous_1)","decl":{"start":{"line":13,"column":4},"end":{"line":13,"column":5}},"loc":{"start":{"line":13,"column":17},"end":{"line":25,"column":5}},"line":13},"2":{"name":"(anonymous_2)","decl":{"start":{"line":27,"column":4},"end":{"line":27,"column":5}},"loc":{"start":{"line":27,"column":26},"end":{"line":85,"column":5}},"line":27},"3":{"name":"(anonymous_3)","decl":{"start":{"line":29,"column":55},"end":{"line":29,"column":56}},"loc":{"start":{"line":29,"column":63},"end":{"line":35,"column":9}},"line":29},"4":{"name":"(anonymous_4)","decl":{"start":{"line":30,"column":43},"end":{"line":30,"column":44}},"loc":{"start":{"line":30,"column":50},"end":{"line":34,"column":13}},"line":30},"5":{"name":"(anonymous_5)","decl":{"start":{"line":39,"column":51},"end":{"line":39,"column":52}},"loc":{"start":{"line":39,"column":58},"end":{"line":41,"column":9}},"line":39},"6":{"name":"(anonymous_6)","decl":{"start":{"line":45,"column":50},"end":{"line":45,"column":51}},"loc":{"start":{"line":45,"column":56},"end":{"line":47,"column":9}},"line":45},"7":{"name":"(anonymous_7)","decl":{"start":{"line":52,"column":29},"end":{"line":52,"column":30}},"loc":{"start":{"line":52,"column":36},"end":{"line":56,"column":9}},"line":52},"8":{"name":"(anonymous_8)","decl":{"start":{"line":53,"column":42},"end":{"line":53,"column":43}},"loc":{"start":{"line":53,"column":48},"end":{"line":55,"column":13}},"line":53},"9":{"name":"(anonymous_9)","decl":{"start":{"line":60,"column":45},"end":{"line":60,"column":46}},"loc":{"start":{"line":60,"column":51},"end":{"line":62,"column":9}},"line":60},"10":{"name":"(anonymous_10)","decl":{"start":{"line":65,"column":79},"end":{"line":65,"column":80}},"loc":{"start":{"line":65,"column":85},"end":{"line":67,"column":9}},"line":65},"11":{"name":"(anonymous_11)","decl":{"start":{"line":69,"column":75},"end":{"line":69,"column":76}},"loc":{"start":{"line":69,"column":81},"end":{"line":71,"column":9}},"line":69},"12":{"name":"(anonymous_12)","decl":{"start":{"line":73,"column":80},"end":{"line":73,"column":81}},"loc":{"start":{"line":73,"column":86},"end":{"line":75,"column":9}},"line":73},"13":{"name":"(anonymous_13)","decl":{"start":{"line":78,"column":79},"end":{"line":78,"column":80}},"loc":{"start":{"line":78,"column":86},"end":{"line":80,"column":9}},"line":78},"14":{"name":"(anonymous_14)","decl":{"start":{"line":82,"column":78},"end":{"line":82,"column":79}},"loc":{"start":{"line":82,"column":85},"end":{"line":84,"column":9}},"line":82},"15":{"name":"(anonymous_15)","decl":{"start":{"line":87,"column":4},"end":{"line":87,"column":5}},"loc":{"start":{"line":87,"column":27},"end":{"line":99,"column":5}},"line":87},"16":{"name":"(anonymous_16)","decl":{"start":{"line":89,"column":55},"end":{"line":89,"column":56}},"loc":{"start":{"line":89,"column":63},"end":{"line":91,"column":9}},"line":89},"17":{"name":"(anonymous_17)","decl":{"start":{"line":95,"column":62},"end":{"line":95,"column":63}},"loc":{"start":{"line":95,"column":73},"end":{"line":97,"column":9}},"line":95},"18":{"name":"(anonymous_18)","decl":{"start":{"line":101,"column":4},"end":{"line":101,"column":5}},"loc":{"start":{"line":101,"column":21},"end":{"line":104,"column":5}},"line":101},"19":{"name":"(anonymous_19)","decl":{"start":{"line":106,"column":4},"end":{"line":106,"column":5}},"loc":{"start":{"line":106,"column":21},"end":{"line":108,"column":5}},"line":106},"20":{"name":"(anonymous_20)","decl":{"start":{"line":110,"column":4},"end":{"line":110,"column":5}},"loc":{"start":{"line":110,"column":24},"end":{"line":120,"column":5}},"line":110},"21":{"name":"(anonymous_21)","decl":{"start":{"line":114,"column":32},"end":{"line":114,"column":33}},"loc":{"start":{"line":114,"column":45},"end":{"line":119,"column":9}},"line":114},"22":{"name":"(anonymous_22)","decl":{"start":{"line":122,"column":4},"end":{"line":122,"column":5}},"loc":{"start":{"line":122,"column":35},"end":{"line":129,"column":5}},"line":122},"23":{"name":"(anonymous_23)","decl":{"start":{"line":131,"column":4},"end":{"line":131,"column":5}},"loc":{"start":{"line":131,"column":30},"end":{"line":167,"column":5}},"line":131},"24":{"name":"(anonymous_24)","decl":{"start":{"line":169,"column":4},"end":{"line":169,"column":5}},"loc":{"start":{"line":169,"column":31},"end":{"line":182,"column":5}},"line":169},"25":{"name":"(anonymous_25)","decl":{"start":{"line":184,"column":4},"end":{"line":184,"column":5}},"loc":{"start":{"line":184,"column":36},"end":{"line":188,"column":5}},"line":184},"26":{"name":"(anonymous_26)","decl":{"start":{"line":190,"column":4},"end":{"line":190,"column":5}},"loc":{"start":{"line":190,"column":28},"end":{"line":204,"column":5}},"line":190},"27":{"name":"(anonymous_27)","decl":{"start":{"line":206,"column":4},"end":{"line":206,"column":5}},"loc":{"start":{"line":206,"column":36},"end":{"line":215,"column":5}},"line":206},"28":{"name":"(anonymous_28)","decl":{"start":{"line":217,"column":4},"end":{"line":217,"column":5}},"loc":{"start":{"line":217,"column":26},"end":{"line":225,"column":5}},"line":217},"29":{"name":"(anonymous_29)","decl":{"start":{"line":227,"column":4},"end":{"line":227,"column":5}},"loc":{"start":{"line":227,"column":31},"end":{"line":237,"column":5}},"line":227},"30":{"name":"(anonymous_30)","decl":{"start":{"line":239,"column":4},"end":{"line":239,"column":5}},"loc":{"start":{"line":239,"column":31},"end":{"line":265,"column":5}},"line":239},"31":{"name":"(anonymous_31)","decl":{"start":{"line":252,"column":41},"end":{"line":252,"column":42}},"loc":{"start":{"line":252,"column":50},"end":{"line":264,"column":9}},"line":252},"32":{"name":"(anonymous_32)","decl":{"start":{"line":267,"column":4},"end":{"line":267,"column":5}},"loc":{"start":{"line":267,"column":33},"end":{"line":285,"column":5}},"line":267},"33":{"name":"(anonymous_33)","decl":{"start":{"line":276,"column":34},"end":{"line":276,"column":35}},"loc":{"start":{"line":276,"column":42},"end":{"line":281,"column":21}},"line":276},"34":{"name":"(anonymous_34)","decl":{"start":{"line":287,"column":4},"end":{"line":287,"column":5}},"loc":{"start":{"line":287,"column":31},"end":{"line":301,"column":5}},"line":287},"35":{"name":"(anonymous_35)","decl":{"start":{"line":292,"column":26},"end":{"line":292,"column":27}},"loc":{"start":{"line":292,"column":35},"end":{"line":300,"column":9}},"line":292},"36":{"name":"(anonymous_36)","decl":{"start":{"line":303,"column":4},"end":{"line":303,"column":5}},"loc":{"start":{"line":303,"column":34},"end":{"line":317,"column":5}},"line":303},"37":{"name":"(anonymous_37)","decl":{"start":{"line":310,"column":43},"end":{"line":310,"column":44}},"loc":{"start":{"line":310,"column":62},"end":{"line":314,"column":17}},"line":310},"38":{"name":"(anonymous_38)","decl":{"start":{"line":319,"column":4},"end":{"line":319,"column":5}},"loc":{"start":{"line":319,"column":39},"end":{"line":336,"column":5}},"line":319},"39":{"name":"(anonymous_39)","decl":{"start":{"line":327,"column":39},"end":{"line":327,"column":40}},"loc":{"start":{"line":328,"column":24},"end":{"line":328,"column":79}},"line":328},"40":{"name":"(anonymous_40)","decl":{"start":{"line":338,"column":4},"end":{"line":338,"column":5}},"loc":{"start":{"line":338,"column":28},"end":{"line":341,"column":5}},"line":338},"41":{"name":"(anonymous_41)","decl":{"start":{"line":343,"column":4},"end":{"line":343,"column":5}},"loc":{"start":{"line":343,"column":28},"end":{"line":348,"column":5}},"line":343},"42":{"name":"(anonymous_42)","decl":{"start":{"line":350,"column":4},"end":{"line":350,"column":5}},"loc":{"start":{"line":350,"column":25},"end":{"line":383,"column":5}},"line":350},"43":{"name":"(anonymous_43)","decl":{"start":{"line":365,"column":33},"end":{"line":365,"column":34}},"loc":{"start":{"line":365,"column":38},"end":{"line":365,"column":59}},"line":365},"44":{"name":"(anonymous_44)","decl":{"start":{"line":385,"column":4},"end":{"line":385,"column":5}},"loc":{"start":{"line":385,"column":29},"end":{"line":400,"column":5}},"line":385},"45":{"name":"(anonymous_45)","decl":{"start":{"line":402,"column":4},"end":{"line":402,"column":5}},"loc":{"start":{"line":402,"column":25},"end":{"line":418,"column":5}},"line":402},"46":{"name":"(anonymous_46)","decl":{"start":{"line":420,"column":4},"end":{"line":420,"column":5}},"loc":{"start":{"line":420,"column":30},"end":{"line":430,"column":5}},"line":420},"47":{"name":"(anonymous_47)","decl":{"start":{"line":432,"column":4},"end":{"line":432,"column":5}},"loc":{"start":{"line":432,"column":34},"end":{"line":442,"column":5}},"line":432},"48":{"name":"(anonymous_48)","decl":{"start":{"line":434,"column":22},"end":{"line":434,"column":23}},"loc":{"start":{"line":434,"column":30},"end":{"line":441,"column":9}},"line":434},"49":{"name":"(anonymous_49)","decl":{"start":{"line":444,"column":4},"end":{"line":444,"column":5}},"loc":{"start":{"line":444,"column":28},"end":{"line":447,"column":5}},"line":444},"50":{"name":"(anonymous_50)","decl":{"start":{"line":449,"column":4},"end":{"line":449,"column":5}},"loc":{"start":{"line":449,"column":26},"end":{"line":471,"column":5}},"line":449},"51":{"name":"(anonymous_51)","decl":{"start":{"line":452,"column":42},"end":{"line":452,"column":43}},"loc":{"start":{"line":452,"column":48},"end":{"line":454,"column":9}},"line":452},"52":{"name":"(anonymous_52)","decl":{"start":{"line":456,"column":45},"end":{"line":456,"column":46}},"loc":{"start":{"line":456,"column":51},"end":{"line":458,"column":9}},"line":456},"53":{"name":"(anonymous_53)","decl":{"start":{"line":460,"column":48},"end":{"line":460,"column":49}},"loc":{"start":{"line":460,"column":58},"end":{"line":464,"column":9}},"line":460},"54":{"name":"(anonymous_54)","decl":{"start":{"line":466,"column":41},"end":{"line":466,"column":42}},"loc":{"start":{"line":466,"column":51},"end":{"line":468,"column":9}},"line":466},"55":{"name":"(anonymous_55)","decl":{"start":{"line":473,"column":4},"end":{"line":473,"column":5}},"loc":{"start":{"line":473,"column":35},"end":{"line":484,"column":5}},"line":473},"56":{"name":"(anonymous_56)","decl":{"start":{"line":486,"column":4},"end":{"line":486,"column":5}},"loc":{"start":{"line":486,"column":32},"end":{"line":494,"column":5}},"line":486},"57":{"name":"(anonymous_57)","decl":{"start":{"line":496,"column":4},"end":{"line":496,"column":5}},"loc":{"start":{"line":496,"column":25},"end":{"line":500,"column":5}},"line":496},"58":{"name":"(anonymous_58)","decl":{"start":{"line":502,"column":4},"end":{"line":502,"column":5}},"loc":{"start":{"line":502,"column":23},"end":{"line":509,"column":5}},"line":502},"59":{"name":"(anonymous_59)","decl":{"start":{"line":504,"column":43},"end":{"line":504,"column":44}},"loc":{"start":{"line":504,"column":49},"end":{"line":508,"column":9}},"line":504},"60":{"name":"(anonymous_60)","decl":{"start":{"line":511,"column":4},"end":{"line":511,"column":5}},"loc":{"start":{"line":511,"column":25},"end":{"line":520,"column":5}},"line":511},"61":{"name":"(anonymous_61)","decl":{"start":{"line":522,"column":4},"end":{"line":522,"column":5}},"loc":{"start":{"line":522,"column":23},"end":{"line":525,"column":5}},"line":522},"62":{"name":"(anonymous_62)","decl":{"start":{"line":527,"column":4},"end":{"line":527,"column":5}},"loc":{"start":{"line":527,"column":25},"end":{"line":530,"column":5}},"line":527},"63":{"name":"(anonymous_63)","decl":{"start":{"line":534,"column":46},"end":{"line":534,"column":47}},"loc":{"start":{"line":534,"column":52},"end":{"line":536,"column":1}},"line":534}},"branchMap":{"0":{"loc":{"start":{"line":19,"column":8},"end":{"line":21,"column":9}},"type":"if","locations":[{"start":{"line":19,"column":8},"end":{"line":21,"column":9}},{"start":{},"end":{}}],"line":19},"1":{"loc":{"start":{"line":103,"column":15},"end":{"line":103,"column":47}},"type":"cond-expr","locations":[{"start":{"line":103,"column":24},"end":{"line":103,"column":42}},{"start":{"line":103,"column":45},"end":{"line":103,"column":47}}],"line":103},"2":{"loc":{"start":{"line":117,"column":33},"end":{"line":117,"column":93}},"type":"binary-expr","locations":[{"start":{"line":117,"column":33},"end":{"line":117,"column":47}},{"start":{"line":117,"column":51},"end":{"line":117,"column":93}}],"line":117},"3":{"loc":{"start":{"line":123,"column":8},"end":{"line":123,"column":29}},"type":"if","locations":[{"start":{"line":123,"column":8},"end":{"line":123,"column":29}},{"start":{},"end":{}}],"line":123},"4":{"loc":{"start":{"line":132,"column":8},"end":{"line":132,"column":43}},"type":"if","locations":[{"start":{"line":132,"column":8},"end":{"line":132,"column":43}},{"start":{},"end":{}}],"line":132},"5":{"loc":{"start":{"line":171,"column":65},"end":{"line":171,"column":89}},"type":"binary-expr","locations":[{"start":{"line":171,"column":65},"end":{"line":171,"column":76}},{"start":{"line":171,"column":80},"end":{"line":171,"column":89}}],"line":171},"6":{"loc":{"start":{"line":175,"column":64},"end":{"line":175,"column":90}},"type":"binary-expr","locations":[{"start":{"line":175,"column":64},"end":{"line":175,"column":83}},{"start":{"line":175,"column":87},"end":{"line":175,"column":90}}],"line":175},"7":{"loc":{"start":{"line":208,"column":64},"end":{"line":208,"column":97}},"type":"binary-expr","locations":[{"start":{"line":208,"column":64},"end":{"line":208,"column":90}},{"start":{"line":208,"column":94},"end":{"line":208,"column":97}}],"line":208},"8":{"loc":{"start":{"line":228,"column":62},"end":{"line":228,"column":87}},"type":"binary-expr","locations":[{"start":{"line":228,"column":62},"end":{"line":228,"column":80}},{"start":{"line":228,"column":84},"end":{"line":228,"column":87}}],"line":228},"9":{"loc":{"start":{"line":229,"column":62},"end":{"line":229,"column":87}},"type":"binary-expr","locations":[{"start":{"line":229,"column":62},"end":{"line":229,"column":80}},{"start":{"line":229,"column":84},"end":{"line":229,"column":87}}],"line":229},"10":{"loc":{"start":{"line":242,"column":8},"end":{"line":250,"column":9}},"type":"if","locations":[{"start":{"line":242,"column":8},"end":{"line":250,"column":9}},{"start":{},"end":{}}],"line":242},"11":{"loc":{"start":{"line":268,"column":8},"end":{"line":270,"column":9}},"type":"if","locations":[{"start":{"line":268,"column":8},"end":{"line":270,"column":9}},{"start":{},"end":{}}],"line":268},"12":{"loc":{"start":{"line":268,"column":12},"end":{"line":268,"column":44}},"type":"binary-expr","locations":[{"start":{"line":268,"column":12},"end":{"line":268,"column":20}},{"start":{"line":268,"column":24},"end":{"line":268,"column":44}}],"line":268},"13":{"loc":{"start":{"line":288,"column":8},"end":{"line":290,"column":9}},"type":"if","locations":[{"start":{"line":288,"column":8},"end":{"line":290,"column":9}},{"start":{},"end":{}}],"line":288},"14":{"loc":{"start":{"line":288,"column":12},"end":{"line":288,"column":42}},"type":"binary-expr","locations":[{"start":{"line":288,"column":12},"end":{"line":288,"column":19}},{"start":{"line":288,"column":23},"end":{"line":288,"column":42}}],"line":288},"15":{"loc":{"start":{"line":304,"column":8},"end":{"line":306,"column":9}},"type":"if","locations":[{"start":{"line":304,"column":8},"end":{"line":306,"column":9}},{"start":{},"end":{}}],"line":304},"16":{"loc":{"start":{"line":304,"column":12},"end":{"line":304,"column":44}},"type":"binary-expr","locations":[{"start":{"line":304,"column":12},"end":{"line":304,"column":20}},{"start":{"line":304,"column":24},"end":{"line":304,"column":44}}],"line":304},"17":{"loc":{"start":{"line":311,"column":48},"end":{"line":311,"column":76}},"type":"cond-expr","locations":[{"start":{"line":311,"column":57},"end":{"line":311,"column":65}},{"start":{"line":311,"column":68},"end":{"line":311,"column":76}}],"line":311},"18":{"loc":{"start":{"line":312,"column":67},"end":{"line":312,"column":95}},"type":"cond-expr","locations":[{"start":{"line":312,"column":76},"end":{"line":312,"column":84}},{"start":{"line":312,"column":87},"end":{"line":312,"column":95}}],"line":312},"19":{"loc":{"start":{"line":322,"column":8},"end":{"line":322,"column":40}},"type":"if","locations":[{"start":{"line":322,"column":8},"end":{"line":322,"column":40}},{"start":{},"end":{}}],"line":322},"20":{"loc":{"start":{"line":322,"column":12},"end":{"line":322,"column":31}},"type":"binary-expr","locations":[{"start":{"line":322,"column":12},"end":{"line":322,"column":22}},{"start":{"line":322,"column":26},"end":{"line":322,"column":31}}],"line":322},"21":{"loc":{"start":{"line":354,"column":8},"end":{"line":357,"column":9}},"type":"if","locations":[{"start":{"line":354,"column":8},"end":{"line":357,"column":9}},{"start":{},"end":{}}],"line":354},"22":{"loc":{"start":{"line":359,"column":8},"end":{"line":362,"column":9}},"type":"if","locations":[{"start":{"line":359,"column":8},"end":{"line":362,"column":9}},{"start":{},"end":{}}],"line":359},"23":{"loc":{"start":{"line":365,"column":8},"end":{"line":368,"column":9}},"type":"if","locations":[{"start":{"line":365,"column":8},"end":{"line":368,"column":9}},{"start":{},"end":{}}],"line":365},"24":{"loc":{"start":{"line":388,"column":8},"end":{"line":391,"column":9}},"type":"if","locations":[{"start":{"line":388,"column":8},"end":{"line":391,"column":9}},{"start":{},"end":{}}],"line":388},"25":{"loc":{"start":{"line":388,"column":12},"end":{"line":388,"column":49}},"type":"binary-expr","locations":[{"start":{"line":388,"column":12},"end":{"line":388,"column":23}},{"start":{"line":388,"column":27},"end":{"line":388,"column":35}},{"start":{"line":388,"column":39},"end":{"line":388,"column":49}}],"line":388},"26":{"loc":{"start":{"line":436,"column":12},"end":{"line":440,"column":13}},"type":"if","locations":[{"start":{"line":436,"column":12},"end":{"line":440,"column":13}},{"start":{"line":438,"column":19},"end":{"line":440,"column":13}}],"line":436},"27":{"loc":{"start":{"line":461,"column":12},"end":{"line":463,"column":13}},"type":"if","locations":[{"start":{"line":461,"column":12},"end":{"line":463,"column":13}},{"start":{},"end":{}}],"line":461},"28":{"loc":{"start":{"line":488,"column":8},"end":{"line":490,"column":9}},"type":"if","locations":[{"start":{"line":488,"column":8},"end":{"line":490,"column":9}},{"start":{},"end":{}}],"line":488},"29":{"loc":{"start":{"line":491,"column":8},"end":{"line":493,"column":9}},"type":"if","locations":[{"start":{"line":491,"column":8},"end":{"line":493,"column":9}},{"start":{},"end":{}}],"line":491},"30":{"loc":{"start":{"line":505,"column":12},"end":{"line":507,"column":13}},"type":"if","locations":[{"start":{"line":505,"column":12},"end":{"line":507,"column":13}},{"start":{},"end":{}}],"line":505},"31":{"loc":{"start":{"line":512,"column":8},"end":{"line":512,"column":37}},"type":"if","locations":[{"start":{"line":512,"column":8},"end":{"line":512,"column":37}},{"start":{},"end":{}}],"line":512},"32":{"loc":{"start":{"line":514,"column":8},"end":{"line":518,"column":9}},"type":"if","locations":[{"start":{"line":514,"column":8},"end":{"line":518,"column":9}},{"start":{"line":516,"column":15},"end":{"line":518,"column":9}}],"line":514},"33":{"loc":{"start":{"line":516,"column":15},"end":{"line":518,"column":9}},"type":"if","locations":[{"start":{"line":516,"column":15},"end":{"line":518,"column":9}},{"start":{},"end":{}}],"line":516}},"s":{"0":0,"1":0,"2":0,"3":0,"4":0,"5":0,"6":0,"7":0,"8":0,"9":0,"10":0,"11":0,"12":0,"13":0,"14":0,"15":0,"16":0,"17":0,"18":0,"19":0,"20":0,"21":0,"22":0,"23":0,"24":0,"25":0,"26":0,"27":0,"28":0,"29":0,"30":0,"31":0,"32":0,"33":0,"34":0,"35":0,"36":0,"37":0,"38":0,"39":0,"40":0,"41":0,"42":0,"43":0,"44":0,"45":0,"46":0,"47":0,"48":0,"49":0,"50":0,"51":0,"52":0,"53":0,"54":0,"55":0,"56":0,"57":0,"58":0,"59":0,"60":0,"61":0,"62":0,"63":0,"64":0,"65":0,"66":0,"67":0,"68":0,"69":0,"70":0,"71":0,"72":0,"73":0,"74":0,"75":0,"76":0,"77":0,"78":0,"79":0,"80":0,"81":0,"82":0,"83":0,"84":0,"85":0,"86":0,"87":0,"88":0,"89":0,"90":0,"91":0,"92":0,"93":0,"94":0,"95":0,"96":0,"97":0,"98":0,"99":0,"100":0,"101":0,"102":0,"103":0,"104":0,"105":0,"106":0,"107":0,"108":0,"109":0,"110":0,"111":0,"112":0,"113":0,"114":0,"115":0,"116":0,"117":0,"118":0,"119":0,"120":0,"121":0,"122":0,"123":0,"124":0,"125":0,"126":0,"127":0,"128":0,"129":0,"130":0,"131":0,"132":0,"133":0,"134":0,"135":0,"136":0,"137":0,"138":0,"139":0,"140":0,"141":0,"142":0,"143":0,"144":0,"145":0,"146":0,"147":0,"148":0,"149":0,"150":0,"151":0,"152":0,"153":0,"154":0,"155":0,"156":0,"157":0,"158":0,"159":0,"160":0,"161":0,"162":0,"163":0,"164":0,"165":0,"166":0,"167":0,"168":0,"169":0,"170":0,"171":0,"172":0,"173":0,"174":0,"175":0,"176":0,"177":0,"178":0,"179":0,"180":0,"181":0,"182":0,"183":0,"184":0,"185":0,"186":0,"187":0,"188":0,"189":0,"190":0,"191":0,"192":0,"193":0,"194":0,"195":0,"196":0,"197":0,"198":0,"199":0,"200":0,"201":0,"202":0,"203":0,"204":0,"205":0,"206":0,"207":0,"208":0,"209":0,"210":0,"211":0,"212":0,"213":0,"214":0,"215":0,"216":0,"217":0,"218":0,"219":0,"220":0,"221":0,"222":0,"223":0,"224":0,"225":0,"226":0,"227":0,"228":0},"f":{"0":0,"1":0,"2":0,"3":0,"4":0,"5":0,"6":0,"7":0,"8":0,"9":0,"10":0,"11":0,"12":0,"13":0,"14":0,"15":0,"16":0,"17":0,"18":0,"19":0,"20":0,"21":0,"22":0,"23":0,"24":0,"25":0,"26":0,"27":0,"28":0,"29":0,"30":0,"31":0,"32":0,"33":0,"34":0,"35":0,"36":0,"37":0,"38":0,"39":0,"40":0,"41":0,"42":0,"43":0,"44":0,"45":0,"46":0,"47":0,"48":0,"49":0,"50":0,"51":0,"52":0,"53":0,"54":0,"55":0,"56":0,"57":0,"58":0,"59":0,"60":0,"61":0,"62":0,"63":0},"b":{"0":[0,0],"1":[0,0],"2":[0,0],"3":[0,0],"4":[0,0],"5":[0,0],"6":[0,0],"7":[0,0],"8":[0,0],"9":[0,0],"10":[0,0],"11":[0,0],"12":[0,0],"13":[0,0],"14":[0,0],"15":[0,0],"16":[0,0],"17":[0,0],"18":[0,0],"19":[0,0],"20":[0,0],"21":[0,0],"22":[0,0],"23":[0,0],"24":[0,0],"25":[0,0,0],"26":[0,0],"27":[0,0],"28":[0,0],"29":[0,0],"30":[0,0],"31":[0,0],"32":[0,0],"33":[0,0]}}
,"C:\\Users\\decri\\GitClones\\aura\\dashboards\\validator\\playwright.config.js": {"path":"C:\\Users\\decri\\GitClones\\aura\\dashboards\\validator\\playwright.config.js","statementMap":{"0":{"start":{"line":3,"column":34},"end":{"line":3,"column":61}},"1":{"start":{"line":5,"column":0},"end":{"line":48,"column":3}}},"fnMap":{},"branchMap":{"0":{"loc":{"start":{"line":9,"column":13},"end":{"line":9,"column":35}},"type":"cond-expr","locations":[{"start":{"line":9,"column":30},"end":{"line":9,"column":31}},{"start":{"line":9,"column":34},"end":{"line":9,"column":35}}],"line":9},"1":{"loc":{"start":{"line":10,"column":13},"end":{"line":10,"column":43}},"type":"cond-expr","locations":[{"start":{"line":10,"column":30},"end":{"line":10,"column":31}},{"start":{"line":10,"column":34},"end":{"line":10,"column":43}}],"line":10}},"s":{"0":0,"1":0},"f":{},"b":{"0":[0,0],"1":[0,0]}}
,"C:\\Users\\decri\\GitClones\\aura\\dashboards\\validator\\components\\DelegationList.js": {"path":"C:\\Users\\decri\\GitClones\\aura\\dashboards\\validator\\components\\DelegationList.js","statementMap":{"0":{"start":{"line":5,"column":8},"end":{"line":5,"column":45}},"1":{"start":{"line":6,"column":8},"end":{"line":6,"column":57}},"2":{"start":{"line":7,"column":8},"end":{"line":7,"column":31}},"3":{"start":{"line":8,"column":8},"end":{"line":8,"column":32}},"4":{"start":{"line":12,"column":8},"end":{"line":14,"column":9}},"5":{"start":{"line":13,"column":12},"end":{"line":13,"column":43}},"6":{"start":{"line":16,"column":34},"end":{"line":16,"column":80}},"7":{"start":{"line":18,"column":8},"end":{"line":262,"column":10}},"8":{"start":{"line":56,"column":62},"end":{"line":56,"column":98}},"9":{"start":{"line":266,"column":8},"end":{"line":289,"column":10}},"10":{"start":{"line":293,"column":8},"end":{"line":298,"column":10}},"11":{"start":{"line":303,"column":27},"end":{"line":303,"column":66}},"12":{"start":{"line":304,"column":28},"end":{"line":304,"column":29}},"13":{"start":{"line":306,"column":8},"end":{"line":306,"column":39}},"14":{"start":{"line":306,"column":29},"end":{"line":306,"column":39}},"15":{"start":{"line":308,"column":8},"end":{"line":318,"column":10}},"16":{"start":{"line":322,"column":8},"end":{"line":351,"column":11}},"17":{"start":{"line":325,"column":12},"end":{"line":344,"column":13}},"18":{"start":{"line":327,"column":20},"end":{"line":327,"column":55}},"19":{"start":{"line":328,"column":20},"end":{"line":328,"column":55}},"20":{"start":{"line":329,"column":20},"end":{"line":329,"column":26}},"21":{"start":{"line":331,"column":20},"end":{"line":331,"column":63}},"22":{"start":{"line":332,"column":20},"end":{"line":332,"column":63}},"23":{"start":{"line":333,"column":20},"end":{"line":333,"column":26}},"24":{"start":{"line":335,"column":20},"end":{"line":335,"column":66}},"25":{"start":{"line":336,"column":20},"end":{"line":336,"column":66}},"26":{"start":{"line":337,"column":20},"end":{"line":337,"column":26}},"27":{"start":{"line":339,"column":20},"end":{"line":339,"column":48}},"28":{"start":{"line":340,"column":20},"end":{"line":340,"column":48}},"29":{"start":{"line":341,"column":20},"end":{"line":341,"column":26}},"30":{"start":{"line":343,"column":20},"end":{"line":343,"column":29}},"31":{"start":{"line":346,"column":12},"end":{"line":350,"column":13}},"32":{"start":{"line":347,"column":16},"end":{"line":347,"column":48}},"33":{"start":{"line":349,"column":16},"end":{"line":349,"column":48}},"34":{"start":{"line":355,"column":8},"end":{"line":355,"column":57}},"35":{"start":{"line":355,"column":45},"end":{"line":355,"column":57}},"36":{"start":{"line":356,"column":8},"end":{"line":356,"column":55}},"37":{"start":{"line":361,"column":8},"end":{"line":361,"column":97}},"38":{"start":{"line":365,"column":8},"end":{"line":365,"column":37}},"39":{"start":{"line":365,"column":21},"end":{"line":365,"column":37}},"40":{"start":{"line":366,"column":22},"end":{"line":366,"column":50}},"41":{"start":{"line":367,"column":8},"end":{"line":367,"column":87}},"42":{"start":{"line":371,"column":22},"end":{"line":371,"column":93}},"43":{"start":{"line":371,"column":58},"end":{"line":371,"column":89}},"44":{"start":{"line":372,"column":8},"end":{"line":372,"column":40}},"45":{"start":{"line":376,"column":8},"end":{"line":376,"column":59}},"46":{"start":{"line":376,"column":43},"end":{"line":376,"column":59}},"47":{"start":{"line":377,"column":22},"end":{"line":377,"column":93}},"48":{"start":{"line":377,"column":58},"end":{"line":377,"column":89}},"49":{"start":{"line":378,"column":24},"end":{"line":378,"column":55}},"50":{"start":{"line":379,"column":8},"end":{"line":379,"column":42}},"51":{"start":{"line":383,"column":8},"end":{"line":383,"column":37}},"52":{"start":{"line":383,"column":24},"end":{"line":383,"column":37}},"53":{"start":{"line":384,"column":21},"end":{"line":384,"column":40}},"54":{"start":{"line":385,"column":8},"end":{"line":389,"column":11}},"55":{"start":{"line":393,"column":8},"end":{"line":395,"column":10}},"56":{"start":{"line":394,"column":12},"end":{"line":394,"column":79}},"57":{"start":{"line":399,"column":8},"end":{"line":404,"column":9}},"58":{"start":{"line":400,"column":12},"end":{"line":400,"column":71}},"59":{"start":{"line":402,"column":12},"end":{"line":402,"column":33}},"60":{"start":{"line":403,"column":12},"end":{"line":403,"column":36}},"61":{"start":{"line":409,"column":0},"end":{"line":411,"column":1}},"62":{"start":{"line":410,"column":4},"end":{"line":410,"column":36}}},"fnMap":{"0":{"name":"(anonymous_0)","decl":{"start":{"line":4,"column":4},"end":{"line":4,"column":5}},"loc":{"start":{"line":4,"column":29},"end":{"line":9,"column":5}},"line":4},"1":{"name":"(anonymous_1)","decl":{"start":{"line":11,"column":4},"end":{"line":11,"column":5}},"loc":{"start":{"line":11,"column":13},"end":{"line":263,"column":5}},"line":11},"2":{"name":"(anonymous_2)","decl":{"start":{"line":56,"column":48},"end":{"line":56,"column":49}},"loc":{"start":{"line":56,"column":62},"end":{"line":56,"column":98}},"line":56},"3":{"name":"(anonymous_3)","decl":{"start":{"line":265,"column":4},"end":{"line":265,"column":5}},"loc":{"start":{"line":265,"column":36},"end":{"line":290,"column":5}},"line":265},"4":{"name":"(anonymous_4)","decl":{"start":{"line":292,"column":4},"end":{"line":292,"column":5}},"loc":{"start":{"line":292,"column":23},"end":{"line":299,"column":5}},"line":292},"5":{"name":"(anonymous_5)","decl":{"start":{"line":301,"column":4},"end":{"line":301,"column":5}},"loc":{"start":{"line":301,"column":23},"end":{"line":319,"column":5}},"line":301},"6":{"name":"(anonymous_6)","decl":{"start":{"line":321,"column":4},"end":{"line":321,"column":5}},"loc":{"start":{"line":321,"column":33},"end":{"line":352,"column":5}},"line":321},"7":{"name":"(anonymous_7)","decl":{"start":{"line":322,"column":37},"end":{"line":322,"column":38}},"loc":{"start":{"line":322,"column":47},"end":{"line":351,"column":9}},"line":322},"8":{"name":"(anonymous_8)","decl":{"start":{"line":354,"column":4},"end":{"line":354,"column":5}},"loc":{"start":{"line":354,"column":25},"end":{"line":357,"column":5}},"line":354},"9":{"name":"(anonymous_9)","decl":{"start":{"line":359,"column":4},"end":{"line":359,"column":5}},"loc":{"start":{"line":359,"column":33},"end":{"line":362,"column":5}},"line":359},"10":{"name":"(anonymous_10)","decl":{"start":{"line":364,"column":4},"end":{"line":364,"column":5}},"loc":{"start":{"line":364,"column":25},"end":{"line":368,"column":5}},"line":364},"11":{"name":"(anonymous_11)","decl":{"start":{"line":370,"column":4},"end":{"line":370,"column":5}},"loc":{"start":{"line":370,"column":24},"end":{"line":373,"column":5}},"line":370},"12":{"name":"(anonymous_12)","decl":{"start":{"line":371,"column":46},"end":{"line":371,"column":47}},"loc":{"start":{"line":371,"column":58},"end":{"line":371,"column":89}},"line":371},"13":{"name":"(anonymous_13)","decl":{"start":{"line":375,"column":4},"end":{"line":375,"column":5}},"loc":{"start":{"line":375,"column":26},"end":{"line":380,"column":5}},"line":375},"14":{"name":"(anonymous_14)","decl":{"start":{"line":377,"column":46},"end":{"line":377,"column":47}},"loc":{"start":{"line":377,"column":58},"end":{"line":377,"column":89}},"line":377},"15":{"name":"(anonymous_15)","decl":{"start":{"line":382,"column":4},"end":{"line":382,"column":5}},"loc":{"start":{"line":382,"column":26},"end":{"line":390,"column":5}},"line":382},"16":{"name":"(anonymous_16)","decl":{"start":{"line":392,"column":4},"end":{"line":392,"column":5}},"loc":{"start":{"line":392,"column":23},"end":{"line":396,"column":5}},"line":392},"17":{"name":"(anonymous_17)","decl":{"start":{"line":393,"column":59},"end":{"line":393,"column":60}},"loc":{"start":{"line":394,"column":12},"end":{"line":394,"column":79}},"line":394},"18":{"name":"(anonymous_18)","decl":{"start":{"line":398,"column":4},"end":{"line":398,"column":5}},"loc":{"start":{"line":398,"column":17},"end":{"line":405,"column":5}},"line":398}},"branchMap":{"0":{"loc":{"start":{"line":5,"column":27},"end":{"line":5,"column":44}},"type":"binary-expr","locations":[{"start":{"line":5,"column":27},"end":{"line":5,"column":38}},{"start":{"line":5,"column":42},"end":{"line":5,"column":44}}],"line":5},"1":{"loc":{"start":{"line":12,"column":8},"end":{"line":14,"column":9}},"type":"if","locations":[{"start":{"line":12,"column":8},"end":{"line":14,"column":9}},{"start":{},"end":{}}],"line":12},"2":{"loc":{"start":{"line":283,"column":40},"end":{"line":283,"column":70}},"type":"binary-expr","locations":[{"start":{"line":283,"column":40},"end":{"line":283,"column":65}},{"start":{"line":283,"column":69},"end":{"line":283,"column":70}}],"line":283},"3":{"loc":{"start":{"line":306,"column":8},"end":{"line":306,"column":39}},"type":"if","locations":[{"start":{"line":306,"column":8},"end":{"line":306,"column":39}},{"start":{},"end":{}}],"line":306},"4":{"loc":{"start":{"line":310,"column":56},"end":{"line":310,"column":91}},"type":"cond-expr","locations":[{"start":{"line":310,"column":76},"end":{"line":310,"column":86}},{"start":{"line":310,"column":89},"end":{"line":310,"column":91}}],"line":310},"5":{"loc":{"start":{"line":314,"column":52},"end":{"line":314,"column":96}},"type":"cond-expr","locations":[{"start":{"line":314,"column":81},"end":{"line":314,"column":91}},{"start":{"line":314,"column":94},"end":{"line":314,"column":96}}],"line":314},"6":{"loc":{"start":{"line":325,"column":12},"end":{"line":344,"column":13}},"type":"switch","locations":[{"start":{"line":326,"column":16},"end":{"line":329,"column":26}},{"start":{"line":330,"column":16},"end":{"line":333,"column":26}},{"start":{"line":334,"column":16},"end":{"line":337,"column":26}},{"start":{"line":338,"column":16},"end":{"line":341,"column":26}},{"start":{"line":342,"column":16},"end":{"line":343,"column":29}}],"line":325},"7":{"loc":{"start":{"line":327,"column":40},"end":{"line":327,"column":53}},"type":"binary-expr","locations":[{"start":{"line":327,"column":40},"end":{"line":327,"column":48}},{"start":{"line":327,"column":52},"end":{"line":327,"column":53}}],"line":327},"8":{"loc":{"start":{"line":328,"column":40},"end":{"line":328,"column":53}},"type":"binary-expr","locations":[{"start":{"line":328,"column":40},"end":{"line":328,"column":48}},{"start":{"line":328,"column":52},"end":{"line":328,"column":53}}],"line":328},"9":{"loc":{"start":{"line":331,"column":40},"end":{"line":331,"column":61}},"type":"binary-expr","locations":[{"start":{"line":331,"column":40},"end":{"line":331,"column":56}},{"start":{"line":331,"column":60},"end":{"line":331,"column":61}}],"line":331},"10":{"loc":{"start":{"line":332,"column":40},"end":{"line":332,"column":61}},"type":"binary-expr","locations":[{"start":{"line":332,"column":40},"end":{"line":332,"column":56}},{"start":{"line":332,"column":60},"end":{"line":332,"column":61}}],"line":332},"11":{"loc":{"start":{"line":335,"column":38},"end":{"line":335,"column":54}},"type":"binary-expr","locations":[{"start":{"line":335,"column":38},"end":{"line":335,"column":49}},{"start":{"line":335,"column":53},"end":{"line":335,"column":54}}],"line":335},"12":{"loc":{"start":{"line":336,"column":38},"end":{"line":336,"column":54}},"type":"binary-expr","locations":[{"start":{"line":336,"column":38},"end":{"line":336,"column":49}},{"start":{"line":336,"column":53},"end":{"line":336,"column":54}}],"line":336},"13":{"loc":{"start":{"line":346,"column":12},"end":{"line":350,"column":13}},"type":"if","locations":[{"start":{"line":346,"column":12},"end":{"line":350,"column":13}},{"start":{"line":348,"column":19},"end":{"line":350,"column":13}}],"line":346},"14":{"loc":{"start":{"line":347,"column":23},"end":{"line":347,"column":47}},"type":"cond-expr","locations":[{"start":{"line":347,"column":41},"end":{"line":347,"column":42}},{"start":{"line":347,"column":45},"end":{"line":347,"column":47}}],"line":347},"15":{"loc":{"start":{"line":349,"column":23},"end":{"line":349,"column":47}},"type":"cond-expr","locations":[{"start":{"line":349,"column":41},"end":{"line":349,"column":42}},{"start":{"line":349,"column":45},"end":{"line":349,"column":47}}],"line":349},"16":{"loc":{"start":{"line":355,"column":8},"end":{"line":355,"column":57}},"type":"if","locations":[{"start":{"line":355,"column":8},"end":{"line":355,"column":57}},{"start":{},"end":{}}],"line":355},"17":{"loc":{"start":{"line":355,"column":12},"end":{"line":355,"column":43}},"type":"binary-expr","locations":[{"start":{"line":355,"column":12},"end":{"line":355,"column":20}},{"start":{"line":355,"column":24},"end":{"line":355,"column":43}}],"line":355},"18":{"loc":{"start":{"line":361,"column":15},"end":{"line":361,"column":96}},"type":"binary-expr","locations":[{"start":{"line":361,"column":15},"end":{"line":361,"column":30}},{"start":{"line":361,"column":34},"end":{"line":361,"column":96}}],"line":361},"19":{"loc":{"start":{"line":365,"column":8},"end":{"line":365,"column":37}},"type":"if","locations":[{"start":{"line":365,"column":8},"end":{"line":365,"column":37}},{"start":{},"end":{}}],"line":365},"20":{"loc":{"start":{"line":371,"column":75},"end":{"line":371,"column":88}},"type":"binary-expr","locations":[{"start":{"line":371,"column":75},"end":{"line":371,"column":83}},{"start":{"line":371,"column":87},"end":{"line":371,"column":88}}],"line":371},"21":{"loc":{"start":{"line":376,"column":8},"end":{"line":376,"column":59}},"type":"if","locations":[{"start":{"line":376,"column":8},"end":{"line":376,"column":59}},{"start":{},"end":{}}],"line":376},"22":{"loc":{"start":{"line":377,"column":75},"end":{"line":377,"column":88}},"type":"binary-expr","locations":[{"start":{"line":377,"column":75},"end":{"line":377,"column":83}},{"start":{"line":377,"column":87},"end":{"line":377,"column":88}}],"line":377},"23":{"loc":{"start":{"line":383,"column":8},"end":{"line":383,"column":37}},"type":"if","locations":[{"start":{"line":383,"column":8},"end":{"line":383,"column":37}},{"start":{},"end":{}}],"line":383},"24":{"loc":{"start":{"line":399,"column":8},"end":{"line":404,"column":9}},"type":"if","locations":[{"start":{"line":399,"column":8},"end":{"line":404,"column":9}},{"start":{"line":401,"column":15},"end":{"line":404,"column":9}}],"line":399},"25":{"loc":{"start":{"line":400,"column":29},"end":{"line":400,"column":70}},"type":"cond-expr","locations":[{"start":{"line":400,"column":56},"end":{"line":400,"column":62}},{"start":{"line":400,"column":65},"end":{"line":400,"column":70}}],"line":400},"26":{"loc":{"start":{"line":409,"column":0},"end":{"line":411,"column":1}},"type":"if","locations":[{"start":{"line":409,"column":0},"end":{"line":411,"column":1}},{"start":{},"end":{}}],"line":409},"27":{"loc":{"start":{"line":409,"column":4},"end":{"line":409,"column":51}},"type":"binary-expr","locations":[{"start":{"line":409,"column":4},"end":{"line":409,"column":33}},{"start":{"line":409,"column":37},"end":{"line":409,"column":51}}],"line":409}},"s":{"0":6,"1":6,"2":6,"3":6,"4":2,"5":1,"6":1,"7":1,"8":2,"9":2,"10":1,"11":1,"12":1,"13":1,"14":1,"15":0,"16":3,"17":3,"18":2,"19":2,"20":2,"21":0,"22":0,"23":0,"24":1,"25":1,"26":1,"27":0,"28":0,"29":0,"30":0,"31":3,"32":0,"33":3,"34":2,"35":0,"36":2,"37":2,"38":7,"39":0,"40":7,"41":7,"42":2,"43":4,"44":2,"45":1,"46":0,"47":1,"48":2,"49":1,"50":1,"51":2,"52":0,"53":2,"54":2,"55":1,"56":2,"57":0,"58":0,"59":0,"60":0,"61":1,"62":1},"f":{"0":6,"1":2,"2":2,"3":2,"4":1,"5":1,"6":3,"7":3,"8":2,"9":2,"10":7,"11":2,"12":4,"13":1,"14":2,"15":2,"16":1,"17":2,"18":0},"b":{"0":[6,0],"1":[1,1],"2":[2,0],"3":[1,0],"4":[0,0],"5":[0,0],"6":[2,0,1,0,0],"7":[2,0],"8":[2,0],"9":[0,0],"10":[0,0],"11":[1,0],"12":[1,0],"13":[0,3],"14":[0,0],"15":[2,1],"16":[0,2],"17":[2,2],"18":[2,2],"19":[0,7],"20":[4,0],"21":[0,1],"22":[2,0],"23":[0,2],"24":[0,0],"25":[0,0],"26":[1,0],"27":[1,1]},"_coverageSchema":"1a1c01bbd47fc00a2c39e90264f33305004495a9","hash":"30baec3200d433759d641c8ec67ccaae4e1110de"}
,"C:\\Users\\decri\\GitClones\\aura\\dashboards\\validator\\components\\RewardsChart.js": {"path":"C:\\Users\\decri\\GitClones\\aura\\dashboards\\validator\\components\\RewardsChart.js","statementMap":{"0":{"start":{"line":5,"column":8},"end":{"line":5,"column":38}},"1":{"start":{"line":6,"column":8},"end":{"line":6,"column":32}},"2":{"start":{"line":7,"column":8},"end":{"line":7,"column":31}},"3":{"start":{"line":11,"column":8},"end":{"line":11,"column":31}},"4":{"start":{"line":11,"column":24},"end":{"line":11,"column":31}},"5":{"start":{"line":13,"column":30},"end":{"line":13,"column":48}},"6":{"start":{"line":15,"column":8},"end":{"line":259,"column":10}},"7":{"start":{"line":261,"column":8},"end":{"line":261,"column":45}},"8":{"start":{"line":265,"column":8},"end":{"line":267,"column":9}},"9":{"start":{"line":266,"column":12},"end":{"line":266,"column":85}},"10":{"start":{"line":269,"column":22},"end":{"line":269,"column":25}},"11":{"start":{"line":270,"column":23},"end":{"line":270,"column":26}},"12":{"start":{"line":271,"column":24},"end":{"line":271,"column":26}},"13":{"start":{"line":273,"column":25},"end":{"line":273,"column":66}},"14":{"start":{"line":273,"column":57},"end":{"line":273,"column":64}},"15":{"start":{"line":274,"column":25},"end":{"line":274,"column":66}},"16":{"start":{"line":274,"column":57},"end":{"line":274,"column":64}},"17":{"start":{"line":275,"column":22},"end":{"line":275,"column":46}},"18":{"start":{"line":277,"column":23},"end":{"line":281,"column":10}},"19":{"start":{"line":278,"column":22},"end":{"line":278,"column":85}},"20":{"start":{"line":279,"column":22},"end":{"line":279,"column":96}},"21":{"start":{"line":280,"column":12},"end":{"line":280,"column":37}},"22":{"start":{"line":283,"column":27},"end":{"line":283,"column":29}},"23":{"start":{"line":285,"column":8},"end":{"line":302,"column":9}},"24":{"start":{"line":286,"column":29},"end":{"line":288,"column":23}},"25":{"start":{"line":287,"column":16},"end":{"line":287,"column":54}},"26":{"start":{"line":290,"column":12},"end":{"line":293,"column":13}},"27":{"start":{"line":291,"column":33},"end":{"line":291,"column":134}},"28":{"start":{"line":292,"column":16},"end":{"line":292,"column":83}},"29":{"start":{"line":295,"column":12},"end":{"line":295,"column":79}},"30":{"start":{"line":296,"column":15},"end":{"line":302,"column":9}},"31":{"start":{"line":297,"column":29},"end":{"line":297,"column":76}},"32":{"start":{"line":298,"column":12},"end":{"line":301,"column":24}},"33":{"start":{"line":299,"column":34},"end":{"line":299,"column":56}},"34":{"start":{"line":300,"column":16},"end":{"line":300,"column":142}},"35":{"start":{"line":305,"column":8},"end":{"line":307,"column":19}},"36":{"start":{"line":306,"column":12},"end":{"line":306,"column":135}},"37":{"start":{"line":310,"column":26},"end":{"line":313,"column":19}},"38":{"start":{"line":311,"column":22},"end":{"line":311,"column":64}},"39":{"start":{"line":312,"column":12},"end":{"line":312,"column":114}},"40":{"start":{"line":315,"column":8},"end":{"line":321,"column":10}},"41":{"start":{"line":325,"column":29},"end":{"line":325,"column":57}},"42":{"start":{"line":327,"column":22},"end":{"line":327,"column":79}},"43":{"start":{"line":327,"column":54},"end":{"line":327,"column":75}},"44":{"start":{"line":328,"column":29},"end":{"line":328,"column":86}},"45":{"start":{"line":329,"column":24},"end":{"line":329,"column":103}},"46":{"start":{"line":329,"column":84},"end":{"line":329,"column":97}},"47":{"start":{"line":332,"column":22},"end":{"line":332,"column":55}},"48":{"start":{"line":334,"column":27},"end":{"line":338,"column":11}},"49":{"start":{"line":334,"column":50},"end":{"line":338,"column":9}},"50":{"start":{"line":340,"column":8},"end":{"line":346,"column":10}},"51":{"start":{"line":350,"column":20},"end":{"line":350,"column":30}},"52":{"start":{"line":351,"column":25},"end":{"line":351,"column":44}},"53":{"start":{"line":354,"column":8},"end":{"line":370,"column":9}},"54":{"start":{"line":356,"column":16},"end":{"line":356,"column":68}},"55":{"start":{"line":357,"column":16},"end":{"line":357,"column":22}},"56":{"start":{"line":359,"column":16},"end":{"line":359,"column":69}},"57":{"start":{"line":360,"column":16},"end":{"line":360,"column":22}},"58":{"start":{"line":362,"column":16},"end":{"line":362,"column":69}},"59":{"start":{"line":363,"column":16},"end":{"line":363,"column":22}},"60":{"start":{"line":365,"column":16},"end":{"line":365,"column":70}},"61":{"start":{"line":366,"column":16},"end":{"line":366,"column":22}},"62":{"start":{"line":369,"column":16},"end":{"line":369,"column":33}},"63":{"start":{"line":372,"column":8},"end":{"line":372,"column":74}},"64":{"start":{"line":372,"column":37},"end":{"line":372,"column":72}},"65":{"start":{"line":376,"column":8},"end":{"line":376,"column":38}},"66":{"start":{"line":376,"column":29},"end":{"line":376,"column":38}},"67":{"start":{"line":378,"column":22},"end":{"line":378,"column":64}},"68":{"start":{"line":379,"column":21},"end":{"line":379,"column":61}},"69":{"start":{"line":381,"column":25},"end":{"line":381,"column":90}},"70":{"start":{"line":381,"column":50},"end":{"line":381,"column":71}},"71":{"start":{"line":382,"column":24},"end":{"line":382,"column":87}},"72":{"start":{"line":382,"column":48},"end":{"line":382,"column":69}},"73":{"start":{"line":384,"column":8},"end":{"line":384,"column":62}},"74":{"start":{"line":389,"column":8},"end":{"line":394,"column":11}},"75":{"start":{"line":390,"column":12},"end":{"line":393,"column":15}},"76":{"start":{"line":391,"column":16},"end":{"line":391,"column":75}},"77":{"start":{"line":392,"column":16},"end":{"line":392,"column":39}},"78":{"start":{"line":397,"column":8},"end":{"line":402,"column":11}},"79":{"start":{"line":398,"column":12},"end":{"line":401,"column":15}},"80":{"start":{"line":399,"column":16},"end":{"line":399,"column":80}},"81":{"start":{"line":400,"column":16},"end":{"line":400,"column":39}},"82":{"start":{"line":405,"column":8},"end":{"line":426,"column":11}},"83":{"start":{"line":406,"column":12},"end":{"line":420,"column":15}},"84":{"start":{"line":407,"column":32},"end":{"line":407,"column":72}},"85":{"start":{"line":408,"column":29},"end":{"line":408,"column":63}},"86":{"start":{"line":409,"column":30},"end":{"line":409,"column":77}},"87":{"start":{"line":411,"column":16},"end":{"line":414,"column":18}},"88":{"start":{"line":416,"column":29},"end":{"line":416,"column":61}},"89":{"start":{"line":417,"column":16},"end":{"line":417,"column":54}},"90":{"start":{"line":418,"column":16},"end":{"line":418,"column":57}},"91":{"start":{"line":419,"column":16},"end":{"line":419,"column":49}},"92":{"start":{"line":422,"column":12},"end":{"line":425,"column":15}},"93":{"start":{"line":423,"column":32},"end":{"line":423,"column":72}},"94":{"start":{"line":424,"column":16},"end":{"line":424,"column":52}},"95":{"start":{"line":430,"column":8},"end":{"line":430,"column":37}},"96":{"start":{"line":430,"column":21},"end":{"line":430,"column":37}},"97":{"start":{"line":431,"column":22},"end":{"line":431,"column":40}},"98":{"start":{"line":432,"column":8},"end":{"line":436,"column":9}},"99":{"start":{"line":433,"column":12},"end":{"line":433,"column":59}},"100":{"start":{"line":434,"column":15},"end":{"line":436,"column":9}},"101":{"start":{"line":435,"column":12},"end":{"line":435,"column":56}},"102":{"start":{"line":437,"column":8},"end":{"line":437,"column":42}},"103":{"start":{"line":442,"column":0},"end":{"line":444,"column":1}},"104":{"start":{"line":443,"column":4},"end":{"line":443,"column":34}}},"fnMap":{"0":{"name":"(anonymous_0)","decl":{"start":{"line":4,"column":4},"end":{"line":4,"column":5}},"loc":{"start":{"line":4,"column":29},"end":{"line":8,"column":5}},"line":4},"1":{"name":"(anonymous_1)","decl":{"start":{"line":10,"column":4},"end":{"line":10,"column":5}},"loc":{"start":{"line":10,"column":22},"end":{"line":262,"column":5}},"line":10},"2":{"name":"(anonymous_2)","decl":{"start":{"line":264,"column":4},"end":{"line":264,"column":5}},"loc":{"start":{"line":264,"column":28},"end":{"line":322,"column":5}},"line":264},"3":{"name":"(anonymous_3)","decl":{"start":{"line":273,"column":52},"end":{"line":273,"column":53}},"loc":{"start":{"line":273,"column":57},"end":{"line":273,"column":64}},"line":273},"4":{"name":"(anonymous_4)","decl":{"start":{"line":274,"column":52},"end":{"line":274,"column":53}},"loc":{"start":{"line":274,"column":57},"end":{"line":274,"column":64}},"line":274},"5":{"name":"(anonymous_5)","decl":{"start":{"line":277,"column":38},"end":{"line":277,"column":39}},"loc":{"start":{"line":277,"column":48},"end":{"line":281,"column":9}},"line":277},"6":{"name":"(anonymous_6)","decl":{"start":{"line":286,"column":40},"end":{"line":286,"column":41}},"loc":{"start":{"line":287,"column":16},"end":{"line":287,"column":54}},"line":287},"7":{"name":"(anonymous_7)","decl":{"start":{"line":298,"column":39},"end":{"line":298,"column":40}},"loc":{"start":{"line":298,"column":49},"end":{"line":301,"column":13}},"line":298},"8":{"name":"(anonymous_8)","decl":{"start":{"line":305,"column":35},"end":{"line":305,"column":36}},"loc":{"start":{"line":306,"column":12},"end":{"line":306,"column":135}},"line":306},"9":{"name":"(anonymous_9)","decl":{"start":{"line":310,"column":52},"end":{"line":310,"column":53}},"loc":{"start":{"line":310,"column":62},"end":{"line":313,"column":9}},"line":310},"10":{"name":"(anonymous_10)","decl":{"start":{"line":324,"column":4},"end":{"line":324,"column":5}},"loc":{"start":{"line":324,"column":18},"end":{"line":347,"column":5}},"line":324},"11":{"name":"(anonymous_11)","decl":{"start":{"line":327,"column":42},"end":{"line":327,"column":43}},"loc":{"start":{"line":327,"column":54},"end":{"line":327,"column":75}},"line":327},"12":{"name":"(anonymous_12)","decl":{"start":{"line":329,"column":79},"end":{"line":329,"column":80}},"loc":{"start":{"line":329,"column":84},"end":{"line":329,"column":97}},"line":329},"13":{"name":"(anonymous_13)","decl":{"start":{"line":334,"column":44},"end":{"line":334,"column":45}},"loc":{"start":{"line":334,"column":50},"end":{"line":338,"column":9}},"line":334},"14":{"name":"(anonymous_14)","decl":{"start":{"line":349,"column":4},"end":{"line":349,"column":5}},"loc":{"start":{"line":349,"column":28},"end":{"line":373,"column":5}},"line":349},"15":{"name":"(anonymous_15)","decl":{"start":{"line":372,"column":32},"end":{"line":372,"column":33}},"loc":{"start":{"line":372,"column":37},"end":{"line":372,"column":72}},"line":372},"16":{"name":"(anonymous_16)","decl":{"start":{"line":375,"column":4},"end":{"line":375,"column":5}},"loc":{"start":{"line":375,"column":25},"end":{"line":385,"column":5}},"line":375},"17":{"name":"(anonymous_17)","decl":{"start":{"line":381,"column":38},"end":{"line":381,"column":39}},"loc":{"start":{"line":381,"column":50},"end":{"line":381,"column":71}},"line":381},"18":{"name":"(anonymous_18)","decl":{"start":{"line":382,"column":36},"end":{"line":382,"column":37}},"loc":{"start":{"line":382,"column":48},"end":{"line":382,"column":69}},"line":382},"19":{"name":"(anonymous_19)","decl":{"start":{"line":387,"column":4},"end":{"line":387,"column":5}},"loc":{"start":{"line":387,"column":36},"end":{"line":427,"column":5}},"line":387},"20":{"name":"(anonymous_20)","decl":{"start":{"line":389,"column":62},"end":{"line":389,"column":63}},"loc":{"start":{"line":389,"column":69},"end":{"line":394,"column":9}},"line":389},"21":{"name":"(anonymous_21)","decl":{"start":{"line":390,"column":42},"end":{"line":390,"column":43}},"loc":{"start":{"line":390,"column":49},"end":{"line":393,"column":13}},"line":390},"22":{"name":"(anonymous_22)","decl":{"start":{"line":397,"column":61},"end":{"line":397,"column":62}},"loc":{"start":{"line":397,"column":68},"end":{"line":402,"column":9}},"line":397},"23":{"name":"(anonymous_23)","decl":{"start":{"line":398,"column":42},"end":{"line":398,"column":43}},"loc":{"start":{"line":398,"column":49},"end":{"line":401,"column":13}},"line":398},"24":{"name":"(anonymous_24)","decl":{"start":{"line":405,"column":64},"end":{"line":405,"column":65}},"loc":{"start":{"line":405,"column":73},"end":{"line":426,"column":9}},"line":405},"25":{"name":"(anonymous_25)","decl":{"start":{"line":406,"column":49},"end":{"line":406,"column":50}},"loc":{"start":{"line":406,"column":56},"end":{"line":420,"column":13}},"line":406},"26":{"name":"(anonymous_26)","decl":{"start":{"line":422,"column":49},"end":{"line":422,"column":50}},"loc":{"start":{"line":422,"column":56},"end":{"line":425,"column":13}},"line":422},"27":{"name":"(anonymous_27)","decl":{"start":{"line":429,"column":4},"end":{"line":429,"column":5}},"loc":{"start":{"line":429,"column":25},"end":{"line":438,"column":5}},"line":429}},"branchMap":{"0":{"loc":{"start":{"line":5,"column":20},"end":{"line":5,"column":37}},"type":"binary-expr","locations":[{"start":{"line":5,"column":20},"end":{"line":5,"column":31}},{"start":{"line":5,"column":35},"end":{"line":5,"column":37}}],"line":5},"1":{"loc":{"start":{"line":11,"column":8},"end":{"line":11,"column":31}},"type":"if","locations":[{"start":{"line":11,"column":8},"end":{"line":11,"column":31}},{"start":{},"end":{}}],"line":11},"2":{"loc":{"start":{"line":19,"column":56},"end":{"line":19,"column":97}},"type":"cond-expr","locations":[{"start":{"line":19,"column":84},"end":{"line":19,"column":92}},{"start":{"line":19,"column":95},"end":{"line":19,"column":97}}],"line":19},"3":{"loc":{"start":{"line":22,"column":56},"end":{"line":22,"column":96}},"type":"cond-expr","locations":[{"start":{"line":22,"column":83},"end":{"line":22,"column":91}},{"start":{"line":22,"column":94},"end":{"line":22,"column":96}}],"line":22},"4":{"loc":{"start":{"line":25,"column":56},"end":{"line":25,"column":97}},"type":"cond-expr","locations":[{"start":{"line":25,"column":84},"end":{"line":25,"column":92}},{"start":{"line":25,"column":95},"end":{"line":25,"column":97}}],"line":25},"5":{"loc":{"start":{"line":30,"column":55},"end":{"line":30,"column":94}},"type":"cond-expr","locations":[{"start":{"line":30,"column":81},"end":{"line":30,"column":89}},{"start":{"line":30,"column":92},"end":{"line":30,"column":94}}],"line":30},"6":{"loc":{"start":{"line":31,"column":55},"end":{"line":31,"column":95}},"type":"cond-expr","locations":[{"start":{"line":31,"column":82},"end":{"line":31,"column":90}},{"start":{"line":31,"column":93},"end":{"line":31,"column":95}}],"line":31},"7":{"loc":{"start":{"line":32,"column":55},"end":{"line":32,"column":95}},"type":"cond-expr","locations":[{"start":{"line":32,"column":82},"end":{"line":32,"column":90}},{"start":{"line":32,"column":93},"end":{"line":32,"column":95}}],"line":32},"8":{"loc":{"start":{"line":33,"column":55},"end":{"line":33,"column":94}},"type":"cond-expr","locations":[{"start":{"line":33,"column":81},"end":{"line":33,"column":89}},{"start":{"line":33,"column":92},"end":{"line":33,"column":94}}],"line":33},"9":{"loc":{"start":{"line":34,"column":55},"end":{"line":34,"column":95}},"type":"cond-expr","locations":[{"start":{"line":34,"column":82},"end":{"line":34,"column":90}},{"start":{"line":34,"column":93},"end":{"line":34,"column":95}}],"line":34},"10":{"loc":{"start":{"line":53,"column":45},"end":{"line":53,"column":94}},"type":"cond-expr","locations":[{"start":{"line":53,"column":71},"end":{"line":53,"column":81}},{"start":{"line":53,"column":84},"end":{"line":53,"column":94}}],"line":53},"11":{"loc":{"start":{"line":54,"column":53},"end":{"line":54,"column":92}},"type":"cond-expr","locations":[{"start":{"line":54,"column":79},"end":{"line":54,"column":83}},{"start":{"line":54,"column":86},"end":{"line":54,"column":92}}],"line":54},"12":{"loc":{"start":{"line":265,"column":8},"end":{"line":267,"column":9}},"type":"if","locations":[{"start":{"line":265,"column":8},"end":{"line":267,"column":9}},{"start":{},"end":{}}],"line":265},"13":{"loc":{"start":{"line":265,"column":12},"end":{"line":265,"column":50}},"type":"binary-expr","locations":[{"start":{"line":265,"column":12},"end":{"line":265,"column":23}},{"start":{"line":265,"column":27},"end":{"line":265,"column":50}}],"line":265},"14":{"loc":{"start":{"line":275,"column":22},"end":{"line":275,"column":46}},"type":"binary-expr","locations":[{"start":{"line":275,"column":22},"end":{"line":275,"column":41}},{"start":{"line":275,"column":45},"end":{"line":275,"column":46}}],"line":275},"15":{"loc":{"start":{"line":285,"column":8},"end":{"line":302,"column":9}},"type":"if","locations":[{"start":{"line":285,"column":8},"end":{"line":302,"column":9}},{"start":{"line":296,"column":15},"end":{"line":302,"column":9}}],"line":285},"16":{"loc":{"start":{"line":285,"column":12},"end":{"line":285,"column":66}},"type":"binary-expr","locations":[{"start":{"line":285,"column":12},"end":{"line":285,"column":37}},{"start":{"line":285,"column":41},"end":{"line":285,"column":66}}],"line":285},"17":{"loc":{"start":{"line":287,"column":19},"end":{"line":287,"column":38}},"type":"cond-expr","locations":[{"start":{"line":287,"column":29},"end":{"line":287,"column":32}},{"start":{"line":287,"column":35},"end":{"line":287,"column":38}}],"line":287},"18":{"loc":{"start":{"line":290,"column":12},"end":{"line":293,"column":13}},"type":"if","locations":[{"start":{"line":290,"column":12},"end":{"line":293,"column":13}},{"start":{},"end":{}}],"line":290},"19":{"loc":{"start":{"line":296,"column":15},"end":{"line":302,"column":9}},"type":"if","locations":[{"start":{"line":296,"column":15},"end":{"line":302,"column":9}},{"start":{},"end":{}}],"line":296},"20":{"loc":{"start":{"line":327,"column":61},"end":{"line":327,"column":74}},"type":"binary-expr","locations":[{"start":{"line":327,"column":61},"end":{"line":327,"column":69}},{"start":{"line":327,"column":73},"end":{"line":327,"column":74}}],"line":327},"21":{"loc":{"start":{"line":328,"column":29},"end":{"line":328,"column":86}},"type":"cond-expr","locations":[{"start":{"line":328,"column":55},"end":{"line":328,"column":82}},{"start":{"line":328,"column":85},"end":{"line":328,"column":86}}],"line":328},"22":{"loc":{"start":{"line":329,"column":24},"end":{"line":329,"column":103}},"type":"cond-expr","locations":[{"start":{"line":329,"column":50},"end":{"line":329,"column":99}},{"start":{"line":329,"column":102},"end":{"line":329,"column":103}}],"line":329},"23":{"loc":{"start":{"line":329,"column":84},"end":{"line":329,"column":97}},"type":"binary-expr","locations":[{"start":{"line":329,"column":84},"end":{"line":329,"column":92}},{"start":{"line":329,"column":96},"end":{"line":329,"column":97}}],"line":329},"24":{"loc":{"start":{"line":336,"column":19},"end":{"line":336,"column":32}},"type":"binary-expr","locations":[{"start":{"line":336,"column":19},"end":{"line":336,"column":27}},{"start":{"line":336,"column":31},"end":{"line":336,"column":32}}],"line":336},"25":{"loc":{"start":{"line":337,"column":24},"end":{"line":337,"column":41}},"type":"binary-expr","locations":[{"start":{"line":337,"column":24},"end":{"line":337,"column":36}},{"start":{"line":337,"column":40},"end":{"line":337,"column":41}}],"line":337},"26":{"loc":{"start":{"line":354,"column":8},"end":{"line":370,"column":9}},"type":"switch","locations":[{"start":{"line":355,"column":12},"end":{"line":357,"column":22}},{"start":{"line":358,"column":12},"end":{"line":360,"column":22}},{"start":{"line":361,"column":12},"end":{"line":363,"column":22}},{"start":{"line":364,"column":12},"end":{"line":366,"column":22}},{"start":{"line":367,"column":12},"end":{"line":367,"column":23}},{"start":{"line":368,"column":12},"end":{"line":369,"column":33}}],"line":354},"27":{"loc":{"start":{"line":376,"column":8},"end":{"line":376,"column":38}},"type":"if","locations":[{"start":{"line":376,"column":8},"end":{"line":376,"column":38}},{"start":{},"end":{}}],"line":376},"28":{"loc":{"start":{"line":381,"column":57},"end":{"line":381,"column":70}},"type":"binary-expr","locations":[{"start":{"line":381,"column":57},"end":{"line":381,"column":65}},{"start":{"line":381,"column":69},"end":{"line":381,"column":70}}],"line":381},"29":{"loc":{"start":{"line":382,"column":55},"end":{"line":382,"column":68}},"type":"binary-expr","locations":[{"start":{"line":382,"column":55},"end":{"line":382,"column":63}},{"start":{"line":382,"column":67},"end":{"line":382,"column":68}}],"line":382},"30":{"loc":{"start":{"line":384,"column":40},"end":{"line":384,"column":53}},"type":"binary-expr","locations":[{"start":{"line":384,"column":40},"end":{"line":384,"column":48}},{"start":{"line":384,"column":52},"end":{"line":384,"column":53}}],"line":384},"31":{"loc":{"start":{"line":430,"column":8},"end":{"line":430,"column":37}},"type":"if","locations":[{"start":{"line":430,"column":8},"end":{"line":430,"column":37}},{"start":{},"end":{}}],"line":430},"32":{"loc":{"start":{"line":432,"column":8},"end":{"line":436,"column":9}},"type":"if","locations":[{"start":{"line":432,"column":8},"end":{"line":436,"column":9}},{"start":{"line":434,"column":15},"end":{"line":436,"column":9}}],"line":432},"33":{"loc":{"start":{"line":434,"column":15},"end":{"line":436,"column":9}},"type":"if","locations":[{"start":{"line":434,"column":15},"end":{"line":436,"column":9}},{"start":{},"end":{}}],"line":434},"34":{"loc":{"start":{"line":442,"column":0},"end":{"line":444,"column":1}},"type":"if","locations":[{"start":{"line":442,"column":0},"end":{"line":444,"column":1}},{"start":{},"end":{}}],"line":442},"35":{"loc":{"start":{"line":442,"column":4},"end":{"line":442,"column":51}},"type":"binary-expr","locations":[{"start":{"line":442,"column":4},"end":{"line":442,"column":33}},{"start":{"line":442,"column":37},"end":{"line":442,"column":51}}],"line":442}},"s":{"0":5,"1":5,"2":5,"3":0,"4":0,"5":0,"6":0,"7":0,"8":0,"9":0,"10":0,"11":0,"12":0,"13":0,"14":0,"15":0,"16":0,"17":0,"18":0,"19":0,"20":0,"21":0,"22":0,"23":0,"24":0,"25":0,"26":0,"27":0,"28":0,"29":0,"30":0,"31":0,"32":0,"33":0,"34":0,"35":0,"36":0,"37":0,"38":0,"39":0,"40":0,"41":2,"42":2,"43":30,"44":2,"45":2,"46":30,"47":2,"48":2,"49":30,"50":2,"51":3,"52":3,"53":3,"54":1,"55":1,"56":2,"57":2,"58":0,"59":0,"60":0,"61":0,"62":0,"63":3,"64":60,"65":3,"66":1,"67":2,"68":2,"69":2,"70":20,"71":2,"72":20,"73":2,"74":0,"75":0,"76":0,"77":0,"78":0,"79":0,"80":0,"81":0,"82":0,"83":0,"84":0,"85":0,"86":0,"87":0,"88":0,"89":0,"90":0,"91":0,"92":0,"93":0,"94":0,"95":3,"96":0,"97":3,"98":3,"99":1,"100":2,"101":1,"102":1,"103":1,"104":1},"f":{"0":5,"1":0,"2":0,"3":0,"4":0,"5":0,"6":0,"7":0,"8":0,"9":0,"10":2,"11":30,"12":30,"13":30,"14":3,"15":60,"16":3,"17":20,"18":20,"19":0,"20":0,"21":0,"22":0,"23":0,"24":0,"25":0,"26":0,"27":3},"b":{"0":[5,0],"1":[0,0],"2":[0,0],"3":[0,0],"4":[0,0],"5":[0,0],"6":[0,0],"7":[0,0],"8":[0,0],"9":[0,0],"10":[0,0],"11":[0,0],"12":[0,0],"13":[0,0],"14":[0,0],"15":[0,0],"16":[0,0],"17":[0,0],"18":[0,0],"19":[0,0],"20":[30,0],"21":[1,1],"22":[1,1],"23":[30,0],"24":[30,0],"25":[30,0],"26":[1,2,0,0,0,0],"27":[1,2],"28":[20,0],"29":[20,0],"30":[2,0],"31":[0,3],"32":[1,2],"33":[1,1],"34":[1,0],"35":[1,1]},"_coverageSchema":"1a1c01bbd47fc00a2c39e90264f33305004495a9","hash":"1fff3c236ad1273378f66d2fc6d6ef69d89a332d"}
[...]
":251,"column":88}},"100":{"start":{"line":251,"column":71},"end":{"line":251,"column":86}},"101":{"start":{"line":253,"column":12},"end":{"line":253,"column":41}},"102":{"start":{"line":258,"column":8},"end":{"line":258,"column":43}},"103":{"start":{"line":258,"column":36},"end":{"line":258,"column":43}},"104":{"start":{"line":260,"column":8},"end":{"line":266,"column":11}},"105":{"start":{"line":261,"column":12},"end":{"line":265,"column":13}},"106":{"start":{"line":262,"column":16},"end":{"line":262,"column":31}},"107":{"start":{"line":264,"column":16},"end":{"line":264,"column":78}},"108":{"start":{"line":270,"column":8},"end":{"line":270,"column":44}},"109":{"start":{"line":270,"column":22},"end":{"line":270,"column":44}},"110":{"start":{"line":272,"column":8},"end":{"line":283,"column":9}},"111":{"start":{"line":274,"column":16},"end":{"line":274,"column":36}},"112":{"start":{"line":276,"column":16},"end":{"line":276,"column":35}},"113":{"start":{"line":278,"column":16},"end":{"line":278,"column":33}},"114":{"start":{"line":280,"column":16},"end":{"line":280,"column":38}},"115":{"start":{"line":282,"column":16},"end":{"line":282,"column":33}},"116":{"start":{"line":287,"column":8},"end":{"line":287,"column":64}},"117":{"start":{"line":294,"column":8},"end":{"line":294,"column":16}},"118":{"start":{"line":295,"column":8},"end":{"line":295,"column":33}},"119":{"start":{"line":299,"column":8},"end":{"line":299,"column":55}},"120":{"start":{"line":301,"column":8},"end":{"line":304,"column":16}},"121":{"start":{"line":302,"column":12},"end":{"line":302,"column":35}},"122":{"start":{"line":303,"column":12},"end":{"line":303,"column":35}},"123":{"start":{"line":308,"column":8},"end":{"line":311,"column":9}},"124":{"start":{"line":309,"column":12},"end":{"line":309,"column":45}},"125":{"start":{"line":310,"column":12},"end":{"line":310,"column":37}},"126":{"start":{"line":312,"column":8},"end":{"line":312,"column":34}},"127":{"start":{"line":317,"column":8},"end":{"line":338,"column":17}},"128":{"start":{"line":319,"column":12},"end":{"line":326,"column":13}},"129":{"start":{"line":320,"column":16},"end":{"line":325,"column":19}},"130":{"start":{"line":329,"column":12},"end":{"line":337,"column":13}},"131":{"start":{"line":330,"column":16},"end":{"line":336,"column":19}},"132":{"start":{"line":331,"column":20},"end":{"line":335,"column":23}},"133":{"start":{"line":342,"column":8},"end":{"line":342,"column":56}},"134":{"start":{"line":343,"column":8},"end":{"line":343,"column":73}},"135":{"start":{"line":347,"column":8},"end":{"line":347,"column":42}},"136":{"start":{"line":351,"column":8},"end":{"line":351,"column":64}},"137":{"start":{"line":358,"column":4},"end":{"line":361,"column":5}},"138":{"start":{"line":359,"column":8},"end":{"line":359,"column":60}},"139":{"start":{"line":360,"column":8},"end":{"line":360,"column":44}},"140":{"start":{"line":364,"column":4},"end":{"line":369,"column":5}},"141":{"start":{"line":365,"column":8},"end":{"line":365,"column":40}},"142":{"start":{"line":367,"column":8},"end":{"line":367,"column":66}},"143":{"start":{"line":368,"column":8},"end":{"line":368,"column":44}},"144":{"start":{"line":373,"column":0},"end":{"line":379,"column":1}},"145":{"start":{"line":374,"column":4},"end":{"line":378,"column":6}}},"fnMap":{"0":{"name":"(anonymous_0)","decl":{"start":{"line":4,"column":4},"end":{"line":4,"column":5}},"loc":{"start":{"line":4,"column":18},"end":{"line":12,"column":5}},"line":4},"1":{"name":"(anonymous_1)","decl":{"start":{"line":14,"column":4},"end":{"line":14,"column":5}},"loc":{"start":{"line":14,"column":14},"end":{"line":44,"column":5}},"line":14},"2":{"name":"(anonymous_2)","decl":{"start":{"line":18,"column":29},"end":{"line":18,"column":30}},"loc":{"start":{"line":18,"column":35},"end":{"line":23,"column":13}},"line":18},"3":{"name":"(anonymous_3)","decl":{"start":{"line":25,"column":32},"end":{"line":25,"column":33}},"loc":{"start":{"line":25,"column":43},"end":{"line":27,"column":13}},"line":25},"4":{"name":"(anonymous_4)","decl":{"start":{"line":29,"column":30},"end":{"line":29,"column":31}},"loc":{"start":{"line":29,"column":41},"end":{"line":32,"column":13}},"line":29},"5":{"name":"(anonymous_5)","decl":{"start":{"line":34,"column":30},"end":{"line":34,"column":31}},"loc":{"start":{"line":34,"column":36},"end":{"line":38,"column":13}},"line":34},"6":{"name":"(anonymous_6)","decl":{"start":{"line":46,"column":4},"end":{"line":46,"column":5}},"loc":{"start":{"line":46,"column":17},"end":{"line":51,"column":5}},"line":46},"7":{"name":"(anonymous_7)","decl":{"start":{"line":53,"column":4},"end":{"line":53,"column":5}},"loc":{"start":{"line":53,"column":23},"end":{"line":65,"column":5}},"line":53},"8":{"name":"(anonymous_8)","decl":{"start":{"line":58,"column":23},"end":{"line":58,"column":24}},"loc":{"start":{"line":58,"column":29},"end":{"line":60,"column":13}},"line":58},"9":{"name":"(anonymous_9)","decl":{"start":{"line":67,"column":4},"end":{"line":67,"column":5}},"loc":{"start":{"line":67,"column":24},"end":{"line":76,"column":5}},"line":67},"10":{"name":"(anonymous_10)","decl":{"start":{"line":78,"column":4},"end":{"line":78,"column":5}},"loc":{"start":{"line":78,"column":26},"end":{"line":94,"column":5}},"line":78},"11":{"name":"(anonymous_11)","decl":{"start":{"line":96,"column":4},"end":{"line":96,"column":5}},"loc":{"start":{"line":96,"column":43},"end":{"line":102,"column":5}},"line":96},"12":{"name":"(anonymous_12)","decl":{"start":{"line":104,"column":4},"end":{"line":104,"column":5}},"loc":{"start":{"line":104,"column":47},"end":{"line":107,"column":5}},"line":104},"13":{"name":"(anonymous_13)","decl":{"start":{"line":109,"column":4},"end":{"line":109,"column":5}},"loc":{"start":{"line":109,"column":25},"end":{"line":132,"column":5}},"line":109},"14":{"name":"(anonymous_14)","decl":{"start":{"line":134,"column":4},"end":{"line":134,"column":5}},"loc":{"start":{"line":134,"column":27},"end":{"line":153,"column":5}},"line":134},"15":{"name":"(anonymous_15)","decl":{"start":{"line":155,"column":4},"end":{"line":155,"column":5}},"loc":{"start":{"line":155,"column":30},"end":{"line":173,"column":5}},"line":155},"16":{"name":"(anonymous_16)","decl":{"start":{"line":166,"column":42},"end":{"line":166,"column":43}},"loc":{"start":{"line":166,"column":62},"end":{"line":172,"column":9}},"line":166},"17":{"name":"(anonymous_17)","decl":{"start":{"line":175,"column":4},"end":{"line":175,"column":5}},"loc":{"start":{"line":175,"column":41},"end":{"line":188,"column":5}},"line":175},"18":{"name":"(anonymous_18)","decl":{"start":{"line":179,"column":46},"end":{"line":179,"column":47}},"loc":{"start":{"line":179,"column":56},"end":{"line":187,"column":9}},"line":179},"19":{"name":"(anonymous_19)","decl":{"start":{"line":190,"column":4},"end":{"line":190,"column":5}},"loc":{"start":{"line":190,"column":30},"end":{"line":204,"column":5}},"line":190},"20":{"name":"(anonymous_20)","decl":{"start":{"line":194,"column":23},"end":{"line":194,"column":24}},"loc":{"start":{"line":194,"column":32},"end":{"line":203,"column":9}},"line":194},"21":{"name":"(anonymous_21)","decl":{"start":{"line":206,"column":4},"end":{"line":206,"column":5}},"loc":{"start":{"line":206,"column":28},"end":{"line":217,"column":5}},"line":206},"22":{"name":"(anonymous_22)","decl":{"start":{"line":219,"column":4},"end":{"line":219,"column":5}},"loc":{"start":{"line":219,"column":28},"end":{"line":223,"column":5}},"line":219},"23":{"name":"(anonymous_23)","decl":{"start":{"line":225,"column":4},"end":{"line":225,"column":5}},"loc":{"start":{"line":225,"column":15},"end":{"line":238,"column":5}},"line":225},"24":{"name":"(anonymous_24)","decl":{"start":{"line":240,"column":4},"end":{"line":240,"column":5}},"loc":{"start":{"line":240,"column":24},"end":{"line":245,"column":5}},"line":240},"25":{"name":"(anonymous_25)","decl":{"start":{"line":247,"column":4},"end":{"line":247,"column":5}},"loc":{"start":{"line":247,"column":25},"end":{"line":255,"column":5}},"line":247},"26":{"name":"(anonymous_26)","decl":{"start":{"line":251,"column":65},"end":{"line":251,"column":66}},"loc":{"start":{"line":251,"column":71},"end":{"line":251,"column":86}},"line":251},"27":{"name":"(anonymous_27)","decl":{"start":{"line":257,"column":4},"end":{"line":257,"column":5}},"loc":{"start":{"line":257,"column":22},"end":{"line":267,"column":5}},"line":257},"28":{"name":"(anonymous_28)","decl":{"start":{"line":260,"column":38},"end":{"line":260,"column":39}},"loc":{"start":{"line":260,"column":50},"end":{"line":266,"column":9}},"line":260},"29":{"name":"(anonymous_29)","decl":{"start":{"line":269,"column":4},"end":{"line":269,"column":5}},"loc":{"start":{"line":269,"column":25},"end":{"line":284,"column":5}},"line":269},"30":{"name":"(anonymous_30)","decl":{"start":{"line":286,"column":4},"end":{"line":286,"column":5}},"loc":{"start":{"line":286,"column":18},"end":{"line":288,"column":5}},"line":286},"31":{"name":"(anonymous_31)","decl":{"start":{"line":293,"column":4},"end":{"line":293,"column":5}},"loc":{"start":{"line":293,"column":18},"end":{"line":296,"column":5}},"line":293},"32":{"name":"(anonymous_32)","decl":{"start":{"line":298,"column":4},"end":{"line":298,"column":5}},"loc":{"start":{"line":298,"column":14},"end":{"line":305,"column":5}},"line":298},"33":{"name":"(anonymous_33)","decl":{"start":{"line":301,"column":19},"end":{"line":301,"column":20}},"loc":{"start":{"line":301,"column":25},"end":{"line":304,"column":9}},"line":301},"34":{"name":"(anonymous_34)","decl":{"start":{"line":307,"column":4},"end":{"line":307,"column":5}},"loc":{"start":{"line":307,"column":17},"end":{"line":313,"column":5}},"line":307},"35":{"name":"(anonymous_35)","decl":{"start":{"line":315,"column":4},"end":{"line":315,"column":5}},"loc":{"start":{"line":315,"column":22},"end":{"line":339,"column":5}},"line":315},"36":{"name":"(anonymous_36)","decl":{"start":{"line":317,"column":40},"end":{"line":317,"column":41}},"loc":{"start":{"line":317,"column":46},"end":{"line":338,"column":9}},"line":317},"37":{"name":"(anonymous_37)","decl":{"start":{"line":330,"column":50},"end":{"line":330,"column":51}},"loc":{"start":{"line":330,"column":61},"end":{"line":336,"column":17}},"line":330},"38":{"name":"(anonymous_38)","decl":{"start":{"line":341,"column":4},"end":{"line":341,"column":5}},"loc":{"start":{"line":341,"column":43},"end":{"line":344,"column":5}},"line":341},"39":{"name":"(anonymous_39)","decl":{"start":{"line":346,"column":4},"end":{"line":346,"column":5}},"loc":{"start":{"line":346,"column":18},"end":{"line":348,"column":5}},"line":346},"40":{"name":"(anonymous_40)","decl":{"start":{"line":350,"column":4},"end":{"line":350,"column":5}},"loc":{"start":{"line":350,"column":25},"end":{"line":352,"column":5}},"line":350},"41":{"name":"createWebSocketConnection","decl":{"start":{"line":356,"column":9},"end":{"line":356,"column":34}},"loc":{"start":{"line":356,"column":37},"end":{"line":370,"column":1}},"line":356}},"branchMap":{"0":{"loc":{"start":{"line":47,"column":8},"end":{"line":50,"column":9}},"type":"if","locations":[{"start":{"line":47,"column":8},"end":{"line":50,"column":9}},{"start":{},"end":{}}],"line":47},"1":{"loc":{"start":{"line":54,"column":8},"end":{"line":64,"column":9}},"type":"if","locations":[{"start":{"line":54,"column":8},"end":{"line":64,"column":9}},{"start":{"line":61,"column":15},"end":{"line":64,"column":9}}],"line":54},"2":{"loc":{"start":{"line":79,"column":8},"end":{"line":82,"column":9}},"type":"if","locations":[{"start":{"line":79,"column":8},"end":{"line":82,"column":9}},{"start":{},"end":{}}],"line":79},"3":{"loc":{"start":{"line":79,"column":12},"end":{"line":79,"column":61}},"type":"binary-expr","locations":[{"start":{"line":79,"column":12},"end":{"line":79,"column":20}},{"start":{"line":79,"column":24},"end":{"line":79,"column":61}}],"line":79},"4":{"loc":{"start":{"line":113,"column":12},"end":{"line":117,"column":13}},"type":"if","locations":[{"start":{"line":113,"column":12},"end":{"line":117,"column":13}},{"start":{},"end":{}}],"line":113},"5":{"loc":{"start":{"line":120,"column":12},"end":{"line":123,"column":13}},"type":"if","locations":[{"start":{"line":120,"column":12},"end":{"line":123,"column":13}},{"start":{},"end":{}}],"line":120},"6":{"loc":{"start":{"line":120,"column":16},"end":{"line":120,"column":59}},"type":"binary-expr","locations":[{"start":{"line":120,"column":16},"end":{"line":120,"column":23}},{"start":{"line":120,"column":27},"end":{"line":120,"column":59}}],"line":120},"7":{"loc":{"start":{"line":126,"column":12},"end":{"line":128,"column":13}},"type":"if","locations":[{"start":{"line":126,"column":12},"end":{"line":128,"column":13}},{"start":{},"end":{}}],"line":126},"8":{"loc":{"start":{"line":126,"column":16},"end":{"line":126,"column":47}},"type":"binary-expr","locations":[{"start":{"line":126,"column":16},"end":{"line":126,"column":27}},{"start":{"line":126,"column":31},"end":{"line":126,"column":47}}],"line":126},"9":{"loc":{"start":{"line":137,"column":8},"end":{"line":152,"column":9}},"type":"switch","locations":[{"start":{"line":138,"column":12},"end":{"line":140,"column":22}},{"start":{"line":142,"column":12},"end":{"line":144,"column":22}},{"start":{"line":146,"column":12},"end":{"line":148,"column":22}},{"start":{"line":150,"column":12},"end":{"line":151,"column":64}}],"line":137},"10":{"loc":{"start":{"line":160,"column":21},"end":{"line":160,"column":60}},"type":"binary-expr","locations":[{"start":{"line":160,"column":21},"end":{"line":160,"column":55}},{"start":{"line":160,"column":59},"end":{"line":160,"column":60}}],"line":160},"11":{"loc":{"start":{"line":181,"column":12},"end":{"line":186,"column":13}},"type":"if","locations":[{"start":{"line":181,"column":12},"end":{"line":186,"column":13}},{"start":{},"end":{}}],"line":181},"12":{"loc":{"start":{"line":192,"column":23},"end":{"line":192,"column":50}},"type":"binary-expr","locations":[{"start":{"line":192,"column":23},"end":{"line":192,"column":44}},{"start":{"line":192,"column":48},"end":{"line":192,"column":50}}],"line":192},"13":{"loc":{"start":{"line":196,"column":12},"end":{"line":202,"column":13}},"type":"if","locations":[{"start":{"line":196,"column":12},"end":{"line":202,"column":13}},{"start":{},"end":{}}],"line":196},"14":{"loc":{"start":{"line":226,"column":8},"end":{"line":229,"column":9}},"type":"if","locations":[{"start":{"line":226,"column":8},"end":{"line":229,"column":9}},{"start":{},"end":{}}],"line":226},"15":{"loc":{"start":{"line":226,"column":12},"end":{"line":226,"column":61}},"type":"binary-expr","locations":[{"start":{"line":226,"column":12},"end":{"line":226,"column":20}},{"start":{"line":226,"column":24},"end":{"line":226,"column":61}}],"line":226},"16":{"loc":{"start":{"line":241,"column":8},"end":{"line":243,"column":9}},"type":"if","locations":[{"start":{"line":241,"column":8},"end":{"line":243,"column":9}},{"start":{},"end":{}}],"line":241},"17":{"loc":{"start":{"line":248,"column":8},"end":{"line":248,"column":43}},"type":"if","locations":[{"start":{"line":248,"column":8},"end":{"line":248,"column":43}},{"start":{},"end":{}}],"line":248},"18":{"loc":{"start":{"line":250,"column":8},"end":{"line":254,"column":9}},"type":"if","locations":[{"start":{"line":250,"column":8},"end":{"line":254,"column":9}},{"start":{"line":252,"column":15},"end":{"line":254,"column":9}}],"line":250},"19":{"loc":{"start":{"line":258,"column":8},"end":{"line":258,"column":43}},"type":"if","locations":[{"start":{"line":258,"column":8},"end":{"line":258,"column":43}},{"start":{},"end":{}}],"line":258},"20":{"loc":{"start":{"line":270,"column":8},"end":{"line":270,"column":44}},"type":"if","locations":[{"start":{"line":270,"column":8},"end":{"line":270,"column":44}},{"start":{},"end":{}}],"line":270},"21":{"loc":{"start":{"line":272,"column":8},"end":{"line":283,"column":9}},"type":"switch","locations":[{"start":{"line":273,"column":12},"end":{"line":274,"column":36}},{"start":{"line":275,"column":12},"end":{"line":276,"column":35}},{"start":{"line":277,"column":12},"end":{"line":278,"column":33}},{"start":{"line":279,"column":12},"end":{"line":280,"column":38}},{"start":{"line":281,"column":12},"end":{"line":282,"column":33}}],"line":272},"22":{"loc":{"start":{"line":287,"column":15},"end":{"line":287,"column":63}},"type":"binary-expr","locations":[{"start":{"line":287,"column":15},"end":{"line":287,"column":22}},{"start":{"line":287,"column":26},"end":{"line":287,"column":63}}],"line":287},"23":{"loc":{"start":{"line":308,"column":8},"end":{"line":311,"column":9}},"type":"if","locations":[{"start":{"line":308,"column":8},"end":{"line":311,"column":9}},{"start":{},"end":{}}],"line":308},"24":{"loc":{"start":{"line":319,"column":12},"end":{"line":326,"column":13}},"type":"if","locations":[{"start":{"line":319,"column":12},"end":{"line":326,"column":13}},{"start":{},"end":{}}],"line":319},"25":{"loc":{"start":{"line":329,"column":12},"end":{"line":337,"column":13}},"type":"if","locations":[{"start":{"line":329,"column":12},"end":{"line":337,"column":13}},{"start":{},"end":{}}],"line":329},"26":{"loc":{"start":{"line":351,"column":15},"end":{"line":351,"column":63}},"type":"cond-expr","locations":[{"start":{"line":351,"column":35},"end":{"line":351,"column":46}},{"start":{"line":351,"column":49},"end":{"line":351,"column":63}}],"line":351},"27":{"loc":{"start":{"line":358,"column":4},"end":{"line":361,"column":5}},"type":"if","locations":[{"start":{"line":358,"column":4},"end":{"line":361,"column":5}},{"start":{},"end":{}}],"line":358},"28":{"loc":{"start":{"line":358,"column":8},"end":{"line":358,"column":80}},"type":"binary-expr","locations":[{"start":{"line":358,"column":8},"end":{"line":358,"column":40}},{"start":{"line":358,"column":44},"end":{"line":358,"column":80}}],"line":358},"29":{"loc":{"start":{"line":373,"column":0},"end":{"line":379,"column":1}},"type":"if","locations":[{"start":{"line":373,"column":0},"end":{"line":379,"column":1}},{"start":{},"end":{}}],"line":373},"30":{"loc":{"start":{"line":373,"column":4},"end":{"line":373,"column":51}},"type":"binary-expr","locations":[{"start":{"line":373,"column":4},"end":{"line":373,"column":33}},{"start":{"line":373,"column":37},"end":{"line":373,"column":51}}],"line":373}},"s":{"0":0,"1":0,"2":0,"3":0,"4":0,"5":0,"6":0,"7":0,"8":0,"9":0,"10":0,"11":0,"12":0,"13":0,"14":0,"15":0,"16":0,"17":0,"18":0,"19":0,"20":0,"21":0,"22":0,"23":0,"24":0,"25":0,"26":0,"27":0,"28":0,"29":0,"30":0,"31":0,"32":0,"33":0,"34":0,"35":0,"36":0,"37":0,"38":0,"39":0,"40":0,"41":0,"42":0,"43":0,"44":0,"45":0,"46":0,"47":0,"48":0,"49":0,"50":0,"51":0,"52":0,"53":0,"54":0,"55":0,"56":0,"57":0,"58":0,"59":0,"60":0,"61":0,"62":0,"63":0,"64":0,"65":0,"66":0,"67":0,"68":0,"69":0,"70":0,"71":0,"72":0,"73":0,"74":0,"75":0,"76":0,"77":0,"78":0,"79":0,"80":0,"81":0,"82":0,"83":0,"84":0,"85":0,"86":0,"87":0,"88":0,"89":0,"90":0,"91":0,"92":0,"93":0,"94":0,"95":0,"96":0,"97":0,"98":0,"99":0,"100":0,"101":0,"102":0,"103":0,"104":0,"105":0,"106":0,"107":0,"108":0,"109":0,"110":0,"111":0,"112":0,"113":0,"114":0,"115":0,"116":0,"117":0,"118":0,"119":0,"120":0,"121":0,"122":0,"123":0,"124":0,"125":0,"126":0,"127":0,"128":0,"129":0,"130":0,"131":0,"132":0,"133":0,"134":0,"135":0,"136":0,"137":0,"138":0,"139":0,"140":0,"141":0,"142":0,"143":0,"144":0,"145":0},"f":{"0":0,"1":0,"2":0,"3":0,"4":0,"5":0,"6":0,"7":0,"8":0,"9":0,"10":0,"11":0,"12":0,"13":0,"14":0,"15":0,"16":0,"17":0,"18":0,"19":0,"20":0,"21":0,"22":0,"23":0,"24":0,"25":0,"26":0,"27":0,"28":0,"29":0,"30":0,"31":0,"32":0,"33":0,"34":0,"35":0,"36":0,"37":0,"38":0,"39":0,"40":0,"41":0},"b":{"0":[0,0],"1":[0,0],"2":[0,0],"3":[0,0],"4":[0,0],"5":[0,0],"6":[0,0],"7":[0,0],"8":[0,0],"9":[0,0,0,0],"10":[0,0],"11":[0,0],"12":[0,0],"13":[0,0],"14":[0,0],"15":[0,0],"16":[0,0],"17":[0,0],"18":[0,0],"19":[0,0],"20":[0,0],"21":[0,0,0,0,0],"22":[0,0],"23":[0,0],"24":[0,0],"25":[0,0],"26":[0,0],"27":[0,0],"28":[0,0],"29":[0,0],"30":[0,0]}}
}
