TN:
SF:app.js
FN:4,(anonymous_0)
FN:13,(anonymous_1)
FN:27,(anonymous_2)
FN:29,(anonymous_3)
FN:30,(anonymous_4)
FN:39,(anonymous_5)
FN:45,(anonymous_6)
FN:52,(anonymous_7)
FN:53,(anonymous_8)
FN:60,(anonymous_9)
FN:65,(anonymous_10)
FN:69,(anonymous_11)
FN:73,(anonymous_12)
FN:78,(anonymous_13)
FN:82,(anonymous_14)
FN:87,(anonymous_15)
FN:89,(anonymous_16)
FN:95,(anonymous_17)
FN:101,(anonymous_18)
FN:106,(anonymous_19)
FN:110,(anonymous_20)
FN:114,(anonymous_21)
FN:122,(anonymous_22)
FN:131,(anonymous_23)
FN:169,(anonymous_24)
FN:184,(anonymous_25)
FN:190,(anonymous_26)
FN:206,(anonymous_27)
FN:217,(anonymous_28)
FN:227,(anonymous_29)
FN:239,(anonymous_30)
FN:252,(anonymous_31)
FN:267,(anonymous_32)
FN:276,(anonymous_33)
FN:287,(anonymous_34)
FN:292,(anonymous_35)
FN:303,(anonymous_36)
FN:310,(anonymous_37)
FN:319,(anonymous_38)
FN:327,(anonymous_39)
FN:338,(anonymous_40)
FN:343,(anonymous_41)
FN:350,(anonymous_42)
FN:365,(anonymous_43)
FN:385,(anonymous_44)
FN:402,(anonymous_45)
FN:420,(anonymous_46)
FN:432,(anonymous_47)
FN:434,(anonymous_48)
FN:444,(anonymous_49)
FN:449,(anonymous_50)
FN:452,(anonymous_51)
FN:456,(anonymous_52)
FN:460,(anonymous_53)
FN:466,(anonymous_54)
FN:473,(anonymous_55)
FN:486,(anonymous_56)
FN:496,(anonymous_57)
FN:502,(anonymous_58)
FN:504,(anonymous_59)
FN:511,(anonymous_60)
FN:522,(anonymous_61)
FN:527,(anonymous_62)
FN:534,(anonymous_63)
FNF:64
FNH:0
FNDA:0,(anonymous_0)
FNDA:0,(anonymous_1)
FNDA:0,(anonymous_2)
FNDA:0,(anonymous_3)
FNDA:0,(anonymous_4)
FNDA:0,(anonymous_5)
FNDA:0,(anonymous_6)
FNDA:0,(anonymous_7)
FNDA:0,(anonymous_8)
FNDA:0,(anonymous_9)
FNDA:0,(anonymous_10)
FNDA:0,(anonymous_11)
FNDA:0,(anonymous_12)
FNDA:0,(anonymous_13)
FNDA:0,(anonymous_14)
FNDA:0,(anonymous_15)
FNDA:0,(anonymous_16)
FNDA:0,(anonymous_17)
FNDA:0,(anonymous_18)
FNDA:0,(anonymous_19)
FNDA:0,(anonymous_20)
FNDA:0,(anonymous_21)
FNDA:0,(anonymous_22)
FNDA:0,(anonymous_23)
FNDA:0,(anonymous_24)
FNDA:0,(anonymous_25)
FNDA:0,(anonymous_26)
FNDA:0,(anonymous_27)
FNDA:0,(anonymous_28)
FNDA:0,(anonymous_29)
FNDA:0,(anonymous_30)
FNDA:0,(anonymous_31)
FNDA:0,(anonymous_32)
FNDA:0,(anonymous_33)
FNDA:0,(anonymous_34)
FNDA:0,(anonymous_35)
FNDA:0,(anonymous_36)
FNDA:0,(anonymous_37)
FNDA:0,(anonymous_38)
FNDA:0,(anonymous_39)
FNDA:0,(anonymous_40)
FNDA:0,(anonymous_41)
FNDA:0,(anonymous_42)
FNDA:0,(anonymous_43)
FNDA:0,(anonymous_44)
FNDA:0,(anonymous_45)
FNDA:0,(anonymous_46)
FNDA:0,(anonymous_47)
FNDA:0,(anonymous_48)
FNDA:0,(anonymous_49)
FNDA:0,(anonymous_50)
FNDA:0,(anonymous_51)
FNDA:0,(anonymous_52)
FNDA:0,(anonymous_53)
FNDA:0,(anonymous_54)
FNDA:0,(anonymous_55)
FNDA:0,(anonymous_56)
FNDA:0,(anonymous_57)
FNDA:0,(anonymous_58)
FNDA:0,(anonymous_59)
FNDA:0,(anonymous_60)
FNDA:0,(anonymous_61)
FNDA:0,(anonymous_62)
FNDA:0,(anonymous_63)
DA:5,0
DA:6,0
DA:7,0
DA:8,0
DA:10,0
DA:14,0
DA:15,0
DA:16,0
DA:19,0
DA:20,0
DA:24,0
DA:29,0
DA:30,0
DA:31,0
DA:32,0
DA:33,0
DA:38,0
DA:39,0
DA:40,0
DA:44,0
DA:45,0
DA:46,0
DA:50,0
DA:51,0
DA:52,0
DA:53,0
DA:54,0
DA:59,0
DA:60,0
DA:61,0
DA:65,0
DA:66,0
DA:69,0
DA:70,0
DA:73,0
DA:74,0
DA:78,0
DA:79,0
DA:82,0
DA:83,0
DA:89,0
DA:90,0
DA:92,0
DA:95,0
DA:96,0
DA:98,0
DA:102,0
DA:103,0
DA:107,0
DA:111,0
DA:112,0
DA:114,0
DA:115,0
DA:116,0
DA:117,0
DA:118,0
DA:123,0
DA:125,0
DA:126,0
DA:128,0
DA:132,0
DA:134,0
DA:136,0
DA:137,0
DA:140,0
DA:141,0
DA:144,0
DA:145,0
DA:148,0
DA:149,0
DA:152,0
DA:153,0
DA:156,0
DA:157,0
DA:160,0
DA:161,0
DA:164,0
DA:165,0
DA:171,0
DA:172,0
DA:173,0
DA:174,0
DA:175,0
DA:176,0
DA:179,0
DA:180,0
DA:181,0
DA:185,0
DA:186,0
DA:187,0
DA:192,0
DA:193,0
DA:194,0
DA:197,0
DA:198,0
DA:199,0
DA:202,0
DA:203,0
DA:207,0
DA:208,0
DA:209,0
DA:212,0
DA:213,0
DA:214,0
DA:218,0
DA:219,0
DA:220,0
DA:223,0
DA:224,0
DA:228,0
DA:229,0
DA:231,0
DA:232,0
DA:235,0
DA:236,0
DA:240,0
DA:242,0
DA:243,0
DA:249,0
DA:252,0
DA:268,0
DA:269,0
DA:272,0
DA:276,0
DA:288,0
DA:289,0
DA:292,0
DA:304,0
DA:305,0
DA:308,0
DA:310,0
DA:321,0
DA:322,0
DA:324,0
DA:328,0
DA:339,0
DA:340,0
DA:344,0
DA:345,0
DA:346,0
DA:347,0
DA:351,0
DA:352,0
DA:354,0
DA:355,0
DA:356,0
DA:359,0
DA:360,0
DA:361,0
DA:365,0
DA:366,0
DA:367,0
DA:371,0
DA:372,0
DA:374,0
DA:375,0
DA:376,0
DA:377,0
DA:378,0
DA:379,0
DA:381,0
DA:386,0
DA:388,0
DA:389,0
DA:390,0
DA:393,0
DA:394,0
DA:395,0
DA:396,0
DA:398,0
DA:403,0
DA:404,0
DA:405,0
DA:407,0
DA:408,0
DA:413,0
DA:414,0
DA:416,0
DA:421,0
DA:428,0
DA:429,0
DA:433,0
DA:434,0
DA:435,0
DA:436,0
DA:437,0
DA:439,0
DA:446,0
DA:450,0
DA:452,0
DA:453,0
DA:456,0
DA:457,0
DA:460,0
DA:461,0
DA:462,0
DA:466,0
DA:467,0
DA:470,0
DA:474,0
DA:475,0
DA:477,0
DA:483,0
DA:488,0
DA:489,0
DA:491,0
DA:492,0
DA:499,0
DA:504,0
DA:505,0
DA:506,0
DA:512,0
DA:513,0
DA:514,0
DA:515,0
DA:516,0
DA:517,0
DA:519,0
DA:524,0
DA:529,0
DA:534,0
DA:535,0
LF:222
LH:0
BRDA:19,0,0,0
BRDA:19,0,1,0
BRDA:103,1,0,0
BRDA:103,1,1,0
BRDA:117,2,0,0
BRDA:117,2,1,0
BRDA:123,3,0,0
BRDA:123,3,1,0
BRDA:132,4,0,0
BRDA:132,4,1,0
BRDA:171,5,0,0
BRDA:171,5,1,0
BRDA:175,6,0,0
BRDA:175,6,1,0
BRDA:208,7,0,0
BRDA:208,7,1,0
BRDA:228,8,0,0
BRDA:228,8,1,0
BRDA:229,9,0,0
BRDA:229,9,1,0
BRDA:242,10,0,0
BRDA:242,10,1,0
BRDA:268,11,0,0
BRDA:268,11,1,0
BRDA:268,12,0,0
BRDA:268,12,1,0
BRDA:288,13,0,0
BRDA:288,13,1,0
BRDA:288,14,0,0
BRDA:288,14,1,0
BRDA:304,15,0,0
BRDA:304,15,1,0
BRDA:304,16,0,0
BRDA:304,16,1,0
BRDA:311,17,0,0
BRDA:311,17,1,0
BRDA:312,18,0,0
BRDA:312,18,1,0
BRDA:322,19,0,0
BRDA:322,19,1,0
BRDA:322,20,0,0
BRDA:322,20,1,0
BRDA:354,21,0,0
BRDA:354,21,1,0
BRDA:359,22,0,0
BRDA:359,22,1,0
BRDA:365,23,0,0
BRDA:365,23,1,0
BRDA:388,24,0,0
BRDA:388,24,1,0
BRDA:388,25,0,0
BRDA:388,25,1,0
BRDA:388,25,2,0
BRDA:436,26,0,0
BRDA:436,26,1,0
BRDA:461,27,0,0
BRDA:461,27,1,0
BRDA:488,28,0,0
BRDA:488,28,1,0
BRDA:491,29,0,0
BRDA:491,29,1,0
BRDA:505,30,0,0
BRDA:505,30,1,0
BRDA:512,31,0,0
BRDA:512,31,1,0
BRDA:514,32,0,0
BRDA:514,32,1,0
BRDA:516,33,0,0
BRDA:516,33,1,0
BRF:69
BRH:0
end_of_record
TN:
SF:playwright.config.js
FNF:0
FNH:0
DA:3,0
DA:5,0
LF:2
LH:0
BRDA:9,0,0,0
BRDA:9,0,1,0
BRDA:10,1,0,0
BRDA:10,1,1,0
BRF:4
BRH:0
end_of_record
TN:
SF:components\DelegationList.js
FN:4,(anonymous_0)
FN:11,(anonymous_1)
FN:56,(anonymous_2)
FN:265,(anonymous_3)
FN:292,(anonymous_4)
FN:301,(anonymous_5)
FN:321,(anonymous_6)
FN:322,(anonymous_7)
FN:354,(anonymous_8)
FN:359,(anonymous_9)
FN:364,(anonymous_10)
FN:370,(anonymous_11)
FN:371,(anonymous_12)
FN:375,(anonymous_13)
FN:377,(anonymous_14)
FN:382,(anonymous_15)
FN:392,(anonymous_16)
FN:393,(anonymous_17)
FN:398,(anonymous_18)
FNF:19
FNH:18
FNDA:6,(anonymous_0)
FNDA:2,(anonymous_1)
FNDA:2,(anonymous_2)
FNDA:2,(anonymous_3)
FNDA:1,(anonymous_4)
FNDA:1,(anonymous_5)
FNDA:3,(anonymous_6)
FNDA:3,(anonymous_7)
FNDA:2,(anonymous_8)
FNDA:2,(anonymous_9)
FNDA:7,(anonymous_10)
FNDA:2,(anonymous_11)
FNDA:4,(anonymous_12)
FNDA:1,(anonymous_13)
FNDA:2,(anonymous_14)
FNDA:2,(anonymous_15)
FNDA:1,(anonymous_16)
FNDA:2,(anonymous_17)
FNDA:0,(anonymous_18)
DA:5,6
DA:6,6
DA:7,6
DA:8,6
DA:12,2
DA:13,1
DA:16,1
DA:18,1
DA:56,2
DA:266,2
DA:293,1
DA:303,1
DA:304,1
DA:306,1
DA:308,0
DA:322,3
DA:325,3
DA:327,2
DA:328,2
DA:329,2
DA:331,0
DA:332,0
DA:333,0
DA:335,1
DA:336,1
DA:337,1
DA:339,0
DA:340,0
DA:341,0
DA:343,0
DA:346,3
DA:347,0
DA:349,3
DA:355,2
DA:356,2
DA:361,2
DA:365,7
DA:366,7
DA:367,7
DA:371,4
DA:372,2
DA:376,1
DA:377,2
DA:378,1
DA:379,1
DA:383,2
DA:384,2
DA:385,2
DA:393,1
DA:394,2
DA:399,0
DA:400,0
DA:402,0
DA:403,0
DA:409,1
DA:410,1
LF:56
LH:43
BRDA:5,0,0,6
BRDA:5,0,1,0
BRDA:12,1,0,1
BRDA:12,1,1,1
BRDA:283,2,0,2
BRDA:283,2,1,0
BRDA:306,3,0,1
BRDA:306,3,1,0
BRDA:310,4,0,0
BRDA:310,4,1,0
BRDA:314,5,0,0
BRDA:314,5,1,0
BRDA:325,6,0,2
BRDA:325,6,1,0
BRDA:325,6,2,1
BRDA:325,6,3,0
BRDA:325,6,4,0
BRDA:327,7,0,2
BRDA:327,7,1,0
BRDA:328,8,0,2
BRDA:328,8,1,0
BRDA:331,9,0,0
BRDA:331,9,1,0
BRDA:332,10,0,0
BRDA:332,10,1,0
BRDA:335,11,0,1
BRDA:335,11,1,0
BRDA:336,12,0,1
BRDA:336,12,1,0
BRDA:346,13,0,0
BRDA:346,13,1,3
BRDA:347,14,0,0
BRDA:347,14,1,0
BRDA:349,15,0,2
BRDA:349,15,1,1
BRDA:355,16,0,0
BRDA:355,16,1,2
BRDA:355,17,0,2
BRDA:355,17,1,2
BRDA:361,18,0,2
BRDA:361,18,1,2
BRDA:365,19,0,0
BRDA:365,19,1,7
BRDA:371,20,0,4
BRDA:371,20,1,0
BRDA:376,21,0,0
BRDA:376,21,1,1
BRDA:377,22,0,2
BRDA:377,22,1,0
BRDA:383,23,0,0
BRDA:383,23,1,2
BRDA:399,24,0,0
BRDA:399,24,1,0
BRDA:400,25,0,0
BRDA:400,25,1,0
BRDA:409,26,0,1
BRDA:409,26,1,0
BRDA:409,27,0,1
BRDA:409,27,1,1
BRF:59
BRH:27
end_of_record
TN:
SF:components\RewardsChart.js
FN:4,(anonymous_0)
FN:10,(anonymous_1)
FN:264,(anonymous_2)
FN:273,(anonymous_3)
FN:274,(anonymous_4)
FN:277,(anonymous_5)
FN:286,(anonymous_6)
FN:298,(anonymous_7)
FN:305,(anonymous_8)
FN:310,(anonymous_9)
FN:324,(anonymous_10)
FN:327,(anonymous_11)
FN:329,(anonymous_12)
FN:334,(anonymous_13)
FN:349,(anonymous_14)
FN:372,(anonymous_15)
FN:375,(anonymous_16)
FN:381,(anonymous_17)
FN:382,(anonymous_18)
FN:387,(anonymous_19)
FN:389,(anonymous_20)
FN:390,(anonymous_21)
FN:397,(anonymous_22)
FN:398,(anonymous_23)
FN:405,(anonymous_24)
FN:406,(anonymous_25)
FN:422,(anonymous_26)
FN:429,(anonymous_27)
FNF:28
FNH:11
FNDA:5,(anonymous_0)
FNDA:0,(anonymous_1)
FNDA:0,(anonymous_2)
FNDA:0,(anonymous_3)
FNDA:0,(anonymous_4)
FNDA:0,(anonymous_5)
FNDA:0,(anonymous_6)
FNDA:0,(anonymous_7)
FNDA:0,(anonymous_8)
FNDA:0,(anonymous_9)
FNDA:2,(anonymous_10)
FNDA:30,(anonymous_11)
FNDA:30,(anonymous_12)
FNDA:30,(anonymous_13)
FNDA:3,(anonymous_14)
FNDA:60,(anonymous_15)
FNDA:3,(anonymous_16)
FNDA:20,(anonymous_17)
FNDA:20,(anonymous_18)
FNDA:0,(anonymous_19)
FNDA:0,(anonymous_20)
FNDA:0,(anonymous_21)
FNDA:0,(anonymous_22)
FNDA:0,(anonymous_23)
FNDA:0,(anonymous_24)
FNDA:0,(anonymous_25)
FNDA:0,(anonymous_26)
FNDA:3,(anonymous_27)
DA:5,5
DA:6,5
DA:7,5
DA:11,0
DA:13,0
DA:15,0
DA:261,0
DA:265,0
DA:266,0
DA:269,0
DA:270,0
DA:271,0
DA:273,0
DA:274,0
DA:275,0
DA:277,0
DA:278,0
DA:279,0
DA:280,0
DA:283,0
DA:285,0
DA:286,0
DA:287,0
DA:290,0
DA:291,0
DA:292,0
DA:295,0
DA:296,0
DA:297,0
DA:298,0
DA:299,0
DA:300,0
DA:305,0
DA:306,0
DA:310,0
DA:311,0
DA:312,0
DA:315,0
DA:325,2
DA:327,30
DA:328,2
DA:329,30
DA:332,2
DA:334,30
DA:340,2
DA:350,3
DA:351,3
DA:354,3
DA:356,1
DA:357,1
DA:359,2
DA:360,2
DA:362,0
DA:363,0
DA:365,0
DA:366,0
DA:369,0
DA:372,60
DA:376,3
DA:378,2
DA:379,2
DA:381,20
DA:382,20
DA:384,2
DA:389,0
DA:390,0
DA:391,0
DA:392,0
DA:397,0
DA:398,0
DA:399,0
DA:400,0
DA:405,0
DA:406,0
DA:407,0
DA:408,0
DA:409,0
DA:411,0
DA:416,0
DA:417,0
DA:418,0
DA:419,0
DA:422,0
DA:423,0
DA:424,0
DA:430,3
DA:431,3
DA:432,3
DA:433,1
DA:434,2
DA:435,1
DA:437,1
DA:442,1
DA:443,1
LF:94
LH:33
BRDA:5,0,0,5
BRDA:5,0,1,0
BRDA:11,1,0,0
BRDA:11,1,1,0
BRDA:19,2,0,0
BRDA:19,2,1,0
BRDA:22,3,0,0
BRDA:22,3,1,0
BRDA:25,4,0,0
BRDA:25,4,1,0
BRDA:30,5,0,0
BRDA:30,5,1,0
BRDA:31,6,0,0
BRDA:31,6,1,0
BRDA:32,7,0,0
BRDA:32,7,1,0
BRDA:33,8,0,0
BRDA:33,8,1,0
BRDA:34,9,0,0
BRDA:34,9,1,0
BRDA:53,10,0,0
BRDA:53,10,1,0
BRDA:54,11,0,0
BRDA:54,11,1,0
BRDA:265,12,0,0
BRDA:265,12,1,0
BRDA:265,13,0,0
BRDA:265,13,1,0
BRDA:275,14,0,0
BRDA:275,14,1,0
BRDA:285,15,0,0
BRDA:285,15,1,0
BRDA:285,16,0,0
BRDA:285,16,1,0
BRDA:287,17,0,0
BRDA:287,17,1,0
BRDA:290,18,0,0
BRDA:290,18,1,0
BRDA:296,19,0,0
BRDA:296,19,1,0
BRDA:327,20,0,30
BRDA:327,20,1,0
BRDA:328,21,0,1
BRDA:328,21,1,1
BRDA:329,22,0,1
BRDA:329,22,1,1
BRDA:329,23,0,30
BRDA:329,23,1,0
BRDA:336,24,0,30
BRDA:336,24,1,0
BRDA:337,25,0,30
BRDA:337,25,1,0
BRDA:354,26,0,1
BRDA:354,26,1,2
BRDA:354,26,2,0
BRDA:354,26,3,0
BRDA:354,26,4,0
BRDA:354,26,5,0
BRDA:376,27,0,1
BRDA:376,27,1,2
BRDA:381,28,0,20
BRDA:381,28,1,0
BRDA:382,29,0,20
BRDA:382,29,1,0
BRDA:384,30,0,2
BRDA:384,30,1,0
BRDA:430,31,0,0
BRDA:430,31,1,3
BRDA:432,32,0,1
BRDA:432,32,1,2
BRDA:434,33,0,1
BRDA:434,33,1,1
BRDA:442,34,0,1
BRDA:442,34,1,0
BRDA:442,35,0,1
BRDA:442,35,1,1
BRF:76
BRH:24
end_of_record
TN:
SF:components\UptimeMonitor.js
FN:4,(anonymous_0)
FN:12,(anonymous_1)
FN:372,(anonymous_2)
FN:396,(anonymous_3)
FN:407,(anonymous_4)
FN:412,(anonymous_5)
FN:420,(anonymous_6)
FN:426,(anonymous_7)
FN:439,(anonymous_8)
FN:453,(anonymous_9)
FN:487,(anonymous_10)
FN:498,(anonymous_11)
FN:505,(anonymous_12)
FN:509,(anonymous_13)
FN:514,(anonymous_14)
FN:525,(anonymous_15)
FN:540,(anonymous_16)
FN:549,(anonymous_17)
FNF:18
FNH:18
FNDA:11,(anonymous_0)
FNDA:1,(anonymous_1)
FNDA:1,(anonymous_2)
FNDA:4,(anonymous_3)
FNDA:2,(anonymous_4)
FNDA:200,(anonymous_5)
FNDA:1,(anonymous_6)
FNDA:24,(anonymous_7)
FNDA:5,(anonymous_8)
FNDA:1,(anonymous_9)
FNDA:6,(anonymous_10)
FNDA:5,(anonymous_11)
FNDA:5,(anonymous_12)
FNDA:500,(anonymous_13)
FNDA:1,(anonymous_14)
FNDA:1,(anonymous_15)
FNDA:4,(anonymous_16)
FNDA:1,(anonymous_17)
DA:5,11
DA:6,11
DA:7,11
DA:8,11
DA:9,11
DA:13,1
DA:373,1
DA:396,4
DA:408,2
DA:409,0
DA:412,2
DA:413,200
DA:414,200
DA:416,200
DA:421,1
DA:423,1
DA:424,1
DA:426,1
DA:427,24
DA:428,24
DA:429,24
DA:431,24
DA:439,1
DA:440,5
DA:443,1
DA:454,1
DA:487,1
DA:488,6
DA:489,6
DA:499,5
DA:500,3
DA:501,2
DA:502,1
DA:506,5
DA:508,5
DA:509,500
DA:511,5
DA:516,1
DA:517,1
DA:518,1
DA:520,1
DA:521,0
DA:522,0
DA:527,1
DA:528,1
DA:529,24
DA:537,1
DA:541,4
DA:542,4
DA:544,4
DA:545,3
DA:546,2
DA:550,1
DA:552,0
DA:553,0
DA:555,0
DA:560,1
DA:561,1
LF:58
LH:52
BRDA:5,0,0,11
BRDA:5,0,1,0
BRDA:6,1,0,11
BRDA:6,1,1,0
BRDA:7,2,0,11
BRDA:7,2,1,0
BRDA:8,3,0,11
BRDA:8,3,1,0
BRDA:9,4,0,11
BRDA:9,4,1,0
BRDA:376,5,0,1
BRDA:376,5,1,0
BRDA:399,6,0,3
BRDA:399,6,1,1
BRDA:408,7,0,0
BRDA:408,7,1,2
BRDA:408,8,0,2
BRDA:408,8,1,2
BRDA:413,9,0,2
BRDA:413,9,1,198
BRDA:413,10,0,194
BRDA:413,10,1,4
BRDA:414,11,0,2
BRDA:414,11,1,198
BRDA:414,12,0,194
BRDA:414,12,1,4
BRDA:429,13,0,0
BRDA:429,13,1,24
BRDA:457,14,0,1
BRDA:457,14,1,0
BRDA:458,15,0,1
BRDA:458,15,1,0
BRDA:462,16,0,1
BRDA:462,16,1,0
BRDA:463,17,0,1
BRDA:463,17,1,0
BRDA:467,18,0,1
BRDA:467,18,1,0
BRDA:468,19,0,1
BRDA:468,19,1,0
BRDA:472,20,0,1
BRDA:472,20,1,0
BRDA:488,21,0,0
BRDA:488,21,1,6
BRDA:488,22,0,1
BRDA:488,22,1,5
BRDA:499,23,0,2
BRDA:499,23,1,3
BRDA:500,24,0,1
BRDA:500,24,1,2
BRDA:501,25,0,1
BRDA:501,25,1,1
BRDA:506,26,0,0
BRDA:506,26,1,5
BRDA:506,27,0,5
BRDA:506,27,1,5
BRDA:509,28,0,500
BRDA:509,28,1,10
BRDA:520,29,0,1
BRDA:520,29,1,0
BRDA:521,30,0,0
BRDA:521,30,1,0
BRDA:544,31,0,1
BRDA:544,31,1,3
BRDA:545,32,0,1
BRDA:545,32,1,2
BRDA:550,33,0,1
BRDA:550,33,1,0
BRDA:560,34,0,1
BRDA:560,34,1,0
BRDA:560,35,0,1
BRDA:560,35,1,1
BRF:72
BRH:50
end_of_record
TN:
SF:components\ValidatorCard.js
FN:4,(anonymous_0)
FN:8,(anonymous_1)
FN:266,(anonymous_2)
FN:276,(anonymous_3)
FN:293,(anonymous_4)
FN:299,(anonymous_5)
FN:305,(anonymous_6)
FN:311,(anonymous_7)
FNF:8
FNH:8
FNDA:5,(anonymous_0)
FNDA:3,(anonymous_1)
FNDA:3,(anonymous_2)
FNDA:3,(anonymous_3)
FNDA:5,(anonymous_4)
FNDA:3,(anonymous_5)
FNDA:12,(anonymous_6)
FNDA:15,(anonymous_7)
DA:5,5
DA:22,3
DA:24,3
DA:267,3
DA:269,0
DA:273,3
DA:277,3
DA:278,1
DA:281,2
DA:287,2
DA:288,2
DA:290,2
DA:294,5
DA:295,4
DA:296,4
DA:300,3
DA:301,3
DA:302,3
DA:306,12
DA:307,11
DA:308,11
DA:312,15
DA:313,15
DA:314,15
DA:315,15
DA:320,1
DA:321,1
LF:27
LH:26
BRDA:29,0,0,3
BRDA:29,0,1,0
BRDA:36,1,0,3
BRDA:36,1,1,0
BRDA:45,2,0,3
BRDA:45,2,1,0
BRDA:78,3,0,1
BRDA:78,3,1,2
BRDA:83,4,0,1
BRDA:83,4,1,1
BRDA:84,5,0,0
BRDA:84,5,1,1
BRDA:267,6,0,0
BRDA:267,6,1,3
BRDA:277,7,0,1
BRDA:277,7,1,2
BRDA:287,8,0,2
BRDA:287,8,1,0
BRDA:294,9,0,1
BRDA:294,9,1,4
BRDA:300,10,0,0
BRDA:300,10,1,3
BRDA:306,11,0,1
BRDA:306,11,1,11
BRDA:312,12,0,0
BRDA:312,12,1,15
BRDA:320,13,0,1
BRDA:320,13,1,0
BRDA:320,14,0,1
BRDA:320,14,1,1
BRF:30
BRH:21
end_of_record
TN:
SF:services\validatorAPI.js
FN:7,(anonymous_0)
FN:10,(anonymous_1)
FN:39,(anonymous_2)
FN:72,(anonymous_3)
FN:78,(anonymous_4)
FN:91,(anonymous_5)
FN:112,(anonymous_6)
FN:120,(anonymous_7)
FN:140,(anonymous_8)
FN:145,(anonymous_9)
FN:166,(anonymous_10)
FN:182,(anonymous_11)
FN:198,(anonymous_12)
FN:212,(anonymous_13)
FN:221,(anonymous_14)
FN:231,(anonymous_15)
FN:242,(anonymous_16)
FN:253,(anonymous_17)
FN:269,(anonymous_18)
FN:284,(anonymous_19)
FN:298,(anonymous_20)
FN:309,(anonymous_21)
FN:325,(anonymous_22)
FN:341,(anonymous_23)
FN:365,(anonymous_24)
FN:373,(anonymous_25)
FN:382,(anonymous_26)
FN:389,(anonymous_27)
FN:413,(anonymous_28)
FN:417,(anonymous_29)
FN:423,(anonymous_30)
FN:426,(anonymous_31)
FN:444,(anonymous_32)
FN:455,(anonymous_33)
FN:457,(anonymous_34)
FN:463,(anonymous_35)
FN:476,(anonymous_36)
FNF:37
FNH:16
FNDA:8,(anonymous_0)
FNDA:0,(anonymous_1)
FNDA:2,(anonymous_2)
FNDA:1,(anonymous_3)
FNDA:2,(anonymous_4)
FNDA:1,(anonymous_5)
FNDA:0,(anonymous_6)
FNDA:0,(anonymous_7)
FNDA:0,(anonymous_8)
FNDA:0,(anonymous_9)
FNDA:0,(anonymous_10)
FNDA:0,(anonymous_11)
FNDA:0,(anonymous_12)
FNDA:0,(anonymous_13)
FNDA:1,(anonymous_14)
FNDA:0,(anonymous_15)
FNDA:0,(anonymous_16)
FNDA:1,(anonymous_17)
FNDA:0,(anonymous_18)
FNDA:0,(anonymous_19)
FNDA:0,(anonymous_20)
FNDA:1,(anonymous_21)
FNDA:1,(anonymous_22)
FNDA:1,(anonymous_23)
FNDA:0,(anonymous_24)
FNDA:0,(anonymous_25)
FNDA:1,(anonymous_26)
FNDA:2,(anonymous_27)
FNDA:1,(anonymous_28)
FNDA:1900,(anonymous_29)
FNDA:216,(anonymous_30)
FNDA:1,(anonymous_31)
FNDA:0,(anonymous_32)
FNDA:0,(anonymous_33)
FNDA:0,(anonymous_34)
FNDA:0,(anonymous_35)
FNDA:0,(anonymous_36)
DA:4,1
DA:5,1
DA:8,8
DA:9,8
DA:10,8
DA:12,8
DA:13,8
DA:22,6
DA:24,6
DA:25,1
DA:28,5
DA:30,2
DA:31,2
DA:32,0
DA:34,2
DA:40,2
DA:41,2
DA:43,1
DA:65,1
DA:67,1
DA:73,1
DA:74,1
DA:78,2
DA:85,0
DA:86,0
DA:92,1
DA:93,1
DA:97,1
DA:99,1
DA:106,0
DA:107,0
DA:113,0
DA:114,0
DA:115,0
DA:118,0
DA:119,0
DA:120,0
DA:123,0
DA:125,0
DA:134,0
DA:135,0
DA:141,0
DA:142,0
DA:143,0
DA:145,0
DA:146,0
DA:148,0
DA:160,0
DA:161,0
DA:167,0
DA:168,0
DA:170,0
DA:176,0
DA:177,0
DA:183,0
DA:185,0
DA:190,0
DA:192,0
DA:193,0
DA:201,0
DA:208,0
DA:214,0
DA:216,0
DA:222,1
DA:223,1
DA:224,1
DA:225,1
DA:227,0
DA:232,0
DA:233,0
DA:236,0
DA:238,0
DA:243,0
DA:244,0
DA:247,0
DA:249,0
DA:254,1
DA:256,1
DA:257,1
DA:260,1
DA:262,0
DA:272,0
DA:273,0
DA:274,0
DA:281,0
DA:286,0
DA:287,0
DA:288,0
DA:289,0
DA:295,0
DA:299,0
DA:300,0
DA:303,0
DA:305,0
DA:310,1
DA:311,1
DA:313,1
DA:314,7
DA:315,5
DA:316,5
DA:318,2
DA:322,1
DA:326,1
DA:327,1
DA:329,1
DA:330,7
DA:331,6
DA:332,6
DA:334,1
DA:338,1
DA:342,1
DA:344,1
DA:345,1
DA:353,1
DA:354,1
DA:362,1
DA:366,0
DA:367,0
DA:368,0
DA:370,0
DA:374,0
DA:375,0
DA:376,0
DA:377,0
DA:379,0
DA:384,1
DA:390,2
DA:414,1
DA:415,1
DA:416,50
DA:417,1900
DA:423,216
DA:427,1
DA:428,1
DA:429,30
DA:436,1
DA:445,0
DA:456,0
DA:457,0
DA:459,0
DA:463,0
DA:477,0
DA:486,1
DA:487,1
LF:144
LH:69
BRDA:7,0,0,8
BRDA:24,1,0,1
BRDA:24,1,1,5
BRDA:31,2,0,0
BRDA:31,2,1,2
BRDA:100,3,0,1
BRDA:100,3,1,0
BRDA:101,4,0,1
BRDA:101,4,1,0
BRDA:120,5,0,0
BRDA:120,5,1,0
BRDA:127,6,0,0
BRDA:127,6,1,0
BRDA:128,7,0,0
BRDA:128,7,1,0
BRDA:145,8,0,0
BRDA:145,8,1,0
BRDA:236,9,0,0
BRDA:236,9,1,0
BRDA:303,10,0,0
BRDA:303,10,1,0
BRDA:314,11,0,5
BRDA:314,11,1,2
BRDA:314,12,0,7
BRDA:314,12,1,5
BRDA:330,13,0,6
BRDA:330,13,1,1
BRDA:330,14,0,7
BRDA:330,14,1,1
BRDA:344,15,0,1
BRDA:344,15,1,0
BRDA:353,16,0,1
BRDA:353,16,1,0
BRDA:373,17,0,0
BRDA:486,18,0,1
BRDA:486,18,1,0
BRDA:486,19,0,1
BRDA:486,19,1,1
BRF:38
BRH:19
end_of_record
TN:
SF:services\websocket.js
FN:4,(anonymous_0)
FN:14,(anonymous_1)
FN:18,(anonymous_2)
FN:25,(anonymous_3)
FN:29,(anonymous_4)
FN:34,(anonymous_5)
FN:46,(anonymous_6)
FN:53,(anonymous_7)
FN:58,(anonymous_8)
FN:67,(anonymous_9)
FN:78,(anonymous_10)
FN:96,(anonymous_11)
FN:104,(anonymous_12)
FN:109,(anonymous_13)
FN:134,(anonymous_14)
FN:155,(anonymous_15)
FN:166,(anonymous_16)
FN:175,(anonymous_17)
FN:179,(anonymous_18)
FN:190,(anonymous_19)
FN:194,(anonymous_20)
FN:206,(anonymous_21)
FN:219,(anonymous_22)
FN:225,(anonymous_23)
FN:240,(anonymous_24)
FN:247,(anonymous_25)
FN:251,(anonymous_26)
FN:257,(anonymous_27)
FN:260,(anonymous_28)
FN:269,(anonymous_29)
FN:286,(anonymous_30)
FN:293,(anonymous_31)
FN:298,(anonymous_32)
FN:301,(anonymous_33)
FN:307,(anonymous_34)
FN:315,(anonymous_35)
FN:317,(anonymous_36)
FN:330,(anonymous_37)
FN:341,(anonymous_38)
FN:346,(anonymous_39)
FN:350,(anonymous_40)
FN:356,createWebSocketConnection
FNF:42
FNH:0
FNDA:0,(anonymous_0)
FNDA:0,(anonymous_1)
FNDA:0,(anonymous_2)
FNDA:0,(anonymous_3)
FNDA:0,(anonymous_4)
FNDA:0,(anonymous_5)
FNDA:0,(anonymous_6)
FNDA:0,(anonymous_7)
FNDA:0,(anonymous_8)
FNDA:0,(anonymous_9)
FNDA:0,(anonymous_10)
FNDA:0,(anonymous_11)
FNDA:0,(anonymous_12)
FNDA:0,(anonymous_13)
FNDA:0,(anonymous_14)
FNDA:0,(anonymous_15)
FNDA:0,(anonymous_16)
FNDA:0,(anonymous_17)
FNDA:0,(anonymous_18)
FNDA:0,(anonymous_19)
FNDA:0,(anonymous_20)
FNDA:0,(anonymous_21)
FNDA:0,(anonymous_22)
FNDA:0,(anonymous_23)
FNDA:0,(anonymous_24)
FNDA:0,(anonymous_25)
FNDA:0,(anonymous_26)
FNDA:0,(anonymous_27)
FNDA:0,(anonymous_28)
FNDA:0,(anonymous_29)
FNDA:0,(anonymous_30)
FNDA:0,(anonymous_31)
FNDA:0,(anonymous_32)
FNDA:0,(anonymous_33)
FNDA:0,(anonymous_34)
FNDA:0,(anonymous_35)
FNDA:0,(anonymous_36)
FNDA:0,(anonymous_37)
FNDA:0,(anonymous_38)
FNDA:0,(anonymous_39)
FNDA:0,(anonymous_40)
FNDA:0,createWebSocketConnection
DA:5,0
DA:6,0
DA:7,0
DA:8,0
DA:9,0
DA:10,0
DA:11,0
DA:15,0
DA:16,0
DA:18,0
DA:19,0
DA:20,0
DA:21,0
DA:22,0
DA:25,0
DA:26,0
DA:29,0
DA:30,0
DA:31,0
DA:34,0
DA:35,0
DA:36,0
DA:37,0
DA:40,0
DA:41,0
DA:42,0
DA:47,0
DA:48,0
DA:49,0
DA:54,0
DA:55,0
DA:56,0
DA:58,0
DA:59,0
DA:62,0
DA:63,0
DA:69,0
DA:72,0
DA:75,0
DA:79,0
DA:80,0
DA:81,0
DA:84,0
DA:93,0
DA:97,0
DA:101,0
DA:105,0
DA:106,0
DA:110,0
DA:111,0
DA:113,0
DA:114,0
DA:115,0
DA:116,0
DA:120,0
DA:121,0
DA:122,0
DA:126,0
DA:127,0
DA:130,0
DA:135,0
DA:137,0
DA:139,0
DA:140,0
DA:143,0
DA:144,0
DA:147,0
DA:148,0
DA:151,0
DA:156,0
DA:163,0
DA:166,0
DA:168,0
DA:176,0
DA:179,0
DA:180,0
DA:181,0
DA:182,0
DA:192,0
DA:194,0
DA:196,0
DA:197,0
DA:207,0
DA:216,0
DA:222,0
DA:226,0
DA:227,0
DA:228,0
DA:231,0
DA:232,0
DA:233,0
DA:235,0
DA:236,0
DA:241,0
DA:242,0
DA:244,0
DA:248,0
DA:250,0
DA:251,0
DA:253,0
DA:258,0
DA:260,0
DA:261,0
DA:262,0
DA:264,0
DA:270,0
DA:272,0
DA:274,0
DA:276,0
DA:278,0
DA:280,0
DA:282,0
DA:287,0
DA:294,0
DA:295,0
DA:299,0
DA:301,0
DA:302,0
DA:303,0
DA:308,0
DA:309,0
DA:310,0
DA:312,0
DA:317,0
DA:319,0
DA:320,0
DA:329,0
DA:330,0
DA:331,0
DA:342,0
DA:343,0
DA:347,0
DA:351,0
DA:358,0
DA:359,0
DA:360,0
DA:364,0
DA:365,0
DA:367,0
DA:368,0
DA:373,0
DA:374,0
LF:142
LH:0
BRDA:47,0,0,0
BRDA:47,0,1,0
BRDA:54,1,0,0
BRDA:54,1,1,0
BRDA:79,2,0,0
BRDA:79,2,1,0
BRDA:79,3,0,0
BRDA:79,3,1,0
BRDA:113,4,0,0
BRDA:113,4,1,0
BRDA:120,5,0,0
BRDA:120,5,1,0
BRDA:120,6,0,0
BRDA:120,6,1,0
BRDA:126,7,0,0
BRDA:126,7,1,0
BRDA:126,8,0,0
BRDA:126,8,1,0
BRDA:137,9,0,0
BRDA:137,9,1,0
BRDA:137,9,2,0
BRDA:137,9,3,0
BRDA:160,10,0,0
BRDA:160,10,1,0
BRDA:181,11,0,0
BRDA:181,11,1,0
BRDA:192,12,0,0
BRDA:192,12,1,0
BRDA:196,13,0,0
BRDA:196,13,1,0
BRDA:226,14,0,0
BRDA:226,14,1,0
BRDA:226,15,0,0
BRDA:226,15,1,0
BRDA:241,16,0,0
BRDA:241,16,1,0
BRDA:248,17,0,0
BRDA:248,17,1,0
BRDA:250,18,0,0
BRDA:250,18,1,0
BRDA:258,19,0,0
BRDA:258,19,1,0
BRDA:270,20,0,0
BRDA:270,20,1,0
BRDA:272,21,0,0
BRDA:272,21,1,0
BRDA:272,21,2,0
BRDA:272,21,3,0
BRDA:272,21,4,0
BRDA:287,22,0,0
BRDA:287,22,1,0
BRDA:308,23,0,0
BRDA:308,23,1,0
BRDA:319,24,0,0
BRDA:319,24,1,0
BRDA:329,25,0,0
BRDA:329,25,1,0
BRDA:351,26,0,0
BRDA:351,26,1,0
BRDA:358,27,0,0
BRDA:358,27,1,0
BRDA:358,28,0,0
BRDA:358,28,1,0
BRDA:373,29,0,0
BRDA:373,29,1,0
BRDA:373,30,0,0
BRDA:373,30,1,0
BRF:67
BRH:0
end_of_record
